
P A U P *
Version 4.0a (build 159) for Unix/Linux (built on Nov 17 2017 at 11:35:17)
Tue Jan 30 10:18:46 2018

        -----------------------------NOTICE-----------------------------
          This is an alpha-test version that is still changing rapidly.
          It will expire on 1 Apr 2018.
        
          Please report bugs to dave@phylosolutions.com
        ----------------------------------------------------------------


paup> outgroup 1-2; set outroot=mono

Outgroup status changed:
  2 taxa transferred to outgroup
  Total number of taxa now in outgroup = 2
  Number of ingroup taxa = 18

paup> bootstrap nreps=200 treefile=boot.tre search=heuristic /start=stepwise addseq=random nreps=10 swap=TBR

Bootstrap method with heuristic search:
  Number of bootstrap replicates = 200
  Starting seed = generated automatically
  Number of characters resampled in each replicate = 383
  Optimality criterion = parsimony
    Character-status summary:
      Of 383 total characters:
        All characters are of type 'unord'
        All characters have equal weight
        200 characters are constant
        61 variable characters are parsimony-uninformative
        Number of parsimony-informative characters = 122
    Gaps are treated as "missing"
  Starting tree(s) obtained via stepwise addition
    Addition sequence: random
    Number of replicates = 10
    Starting seed = generated automatically
    Number of trees held at each step = 1
  Branch-swapping algorithm: tree-bisection-reconnection (TBR) with reconnection limit = 8
    Steepest descent option not in effect
  Initial 'Maxtrees' setting = 100
  Branches collapsed (creating polytomies) if maximum branch length is zero
  'MulTrees' option in effect
  No topological constraints in effect
  Trees are unrooted

  200 bootstrap replicates completed
  Time used = 11.87 sec (CPU time = 11.87 sec)

Trees for each replicate written to treefile: ~/EEOB563/EEOB563/boot.tre

Bootstrap 50% majority-rule consensus tree

                                                                  /--------------------------------- Platypus(1)
/-----------------------------------------------------------------+
|                                                                 \--------------------------------- Echidna(2)
|
|                                                                 /--------------------------------- Opossum(3)
|                                                                 |
|                                /---------------98---------------+--------------------------------- Wallaby(4)
|                                |                                |
|                                |                                \--------------------------------- Bandicoot(5)
|                                |
|                                +------------------------------------------------------------------ Elephant(6)
|                                |
100                              +------------------------------------------------------------------ Aardvark(7)
|                                |
|                                +------------------------------------------------------------------ Tenrec(8)
|                                |
|                                +------------------------------------------------------------------ Sloth(9)
|                                |
|                                +------------------------------------------------------------------ Armadillo(10)
|                                |
|                                +------------------------------------------------------------------ Human(11)
|                                |
\--------------------------------+------------------------------------------------------------------ Tree shrew(12)
                                 |
                                 +------------------------------------------------------------------ Rabbit(13)
                                 |
                                 +------------------------------------------------------------------ Mouse(14)
                                 |
                                 +------------------------------------------------------------------ Hedgehog(15)
                                 |
                                 +------------------------------------------------------------------ Flying fox(16)
                                 |
                                 +------------------------------------------------------------------ Cat(17)
                                 |
                                 +------------------------------------------------------------------ Dog(18)
                                 |
                                 +------------------------------------------------------------------ Pig(19)
                                 |
                                 \------------------------------------------------------------------ Whale(20)

Bipartitions found in one or more trees and frequency of occurrence (bootstrap support values):

         1         2
12345678901234567890          Freq        %
-------------------------------------------
..******************        200.00  100.00%
..***...............        196.00   98.00%
.....***************         98.50   49.25%
...**...............         97.49   48.74%
..**................         93.69   46.84%
...............*..**         80.95   40.48%
...............*..*.         75.78   37.89%
.......*.*..........         73.81   36.91%
..................**         63.96   31.98%
................**..         61.37   30.69%
.....*..*.*.........         55.46   27.73%
........**..........         48.98   24.49%
........**..*.......         46.33   23.16%
.....*..*...........         44.76   22.38%
.....*....*.........         44.18   22.09%
........*.*.........         41.92   20.96%
.....********.******         40.20   20.10%
........*...*.......         31.38   15.69%
..*****.************         28.58   14.29%
.....*..........*...         28.42   14.21%
.............**.....         27.88   13.94%
...........**.......         27.49   13.74%
..........*......*..         24.75   12.38%
.....**.*.*.........         22.98   11.49%
.....**.........*...         20.14   10.07%
.....*........*.....         19.97    9.99%
...........*...*..**         19.11    9.56%
.....**...*.....**..         18.04    9.02%
............*...*...         17.47    8.73%
..*****************.         15.43    7.71%
..***........*......         15.40    7.70%
.......*.*.*........         15.22    7.61%
.....**.............         15.21    7.61%
.............*..**..         14.80    7.40%
.....**...*.........         14.57    7.29%
.....**...*...*.**..         14.39    7.20%
...........*...*..*.         14.21    7.10%
.......*......*.....         13.51    6.76%
.......*.*....*.....         13.34    6.67%
...........*......*.         12.93    6.47%
.......*.*...**.....         12.83    6.42%
.....**.************         12.02    6.01%
.......***..........         11.82    5.91%
...........*.....*..         11.52    5.76%
.....*....*...*.....         11.14    5.57%
.....*.*************         11.08    5.54%
..***********.******         10.99    5.49%
........**.**.......         10.87    5.43%
..........*...*..*..         10.83    5.42%
..........*...*.....         10.43    5.21%
..............*..*..         10.08    5.04%

1211 groups at (relative) frequency less than 5% not shown

paup> savetrees file=bootMajRule.tree from=1 to=1 savebootp=nodelabels

1 tree saved to file "~/EEOB563/EEOB563/bootMajRule.tree"

paup> gettrees file=boot.tre StoreTreeWts=yes mode=3

Processing TREES block from file: ~/EEOB563/EEOB563/boot.tre
  Keeping: trees from file (replacing any trees already in memory)

The limit of 100 trees (= 'Maxtrees') has been reached.  Do you want to increase Maxtrees?

Do you want to increase 'Maxtrees'? (Y/n)Y

Enter new value for 'Maxtrees' (200):3

You must specify a value for 'Maxtrees' greater than 100.

Do you want to increase 'Maxtrees'? (Y/n)n

  100 trees read from file

  Time used = 00:03:52 (CPU time = 0.01 sec)

paup> contree all/strict=no majrule=yes usetreewts=yes treefile=bootMajRule.tre

50% Majority-rule consensus of 100 trees (using tree weights, sum = 32)

                                                                          /------------------------- Platypus(1)
/-------------------------------------------------------------------------+
|                                                                         \------------------------- Echidna(2)
|
|                                                                         /------------------------- Opossum(3)
|                                                 /----------50-----------+
|                                                 |                       \------------------------- Wallaby(4)
|                        /-----------94-----------+
|                        |                        \------------------------------------------------- Bandicoot(5)
|                        |
|                        +-------------------------------------------------------------------------- Elephant(6)
|                        |
100                      +-------------------------------------------------------------------------- Aardvark(7)
|                        |
|                        +-------------------------------------------------------------------------- Tenrec(8)
|                        |
|                        +-------------------------------------------------------------------------- Sloth(9)
|                        |
|                        +-------------------------------------------------------------------------- Armadillo(10)
|                        |
|                        +-------------------------------------------------------------------------- Human(11)
|                        |
\------------------------+-------------------------------------------------------------------------- Tree shrew(12)
                         |
                         +-------------------------------------------------------------------------- Rabbit(13)
                         |
                         +-------------------------------------------------------------------------- Mouse(14)
                         |
                         +-------------------------------------------------------------------------- Hedgehog(15)
                         |
                         |                                                /------------------------- Flying fox(16)
                         |                                                |
                         +-----------------------50-----------------------+------------------------- Pig(19)
                         |                                                |
                         |                                                \------------------------- Whale(20)
                         |
                         +-------------------------------------------------------------------------- Cat(17)
                         |
                         \-------------------------------------------------------------------------- Dog(18)

Bipartitions found in one or more trees and frequency of occurrence:

         1         2
12345678901234567890          Freq        %
-------------------------------------------
..******************         32.00  100.00%
..***...............         30.00   93.75%
..**................         16.15   50.47%
...............*..**         16.10   50.30%
...............*..*.         15.71   49.11%
.....***************         15.44   48.26%
...**...............         14.85   46.40%
................**..         13.07   40.83%
........**..*.......         10.17   31.77%
.......*.*..........          9.67   30.21%
..................**          9.00   28.12%
........**..........          8.78   27.43%
........*.*.........          8.67   27.08%
.....*..*.*.........          8.17   25.52%
.....*..........*...          7.33   22.92%
.....*....*.........          7.17   22.40%
..........*......*..          5.75   17.97%
...........**.......          5.33   16.67%
..*****************.          4.83   15.10%
.....*........*.....          4.67   14.58%
........*...*.......          4.56   14.24%
.............*..**..          4.50   14.06%
......*...*......*..          4.50   14.06%
.....*..*...........          4.33   13.54%
..*****.************          4.00   12.50%
..***......*........          4.00   12.50%
.............**.....          3.94   12.33%
.....**.........*...          3.50   10.94%
.....**...*.....**..          3.50   10.94%
.......*......*.....          3.33   10.42%
............*...*...          3.33   10.42%
...........*...*..**          3.17    9.90%
.....********.******          3.17    9.90%
.....**...*.........          3.14    9.82%
.....*..***.........          3.00    9.37%
...........*...*..*.          3.00    9.37%
.....**.************          3.00    9.37%
..***........*......          2.83    8.85%
.....**...*...*.....          2.67    8.33%
............*.*.....          2.33    7.29%
.....**********.**..          2.26    7.05%
.......*.*....*.....          2.20    6.87%
.....******.*.*.**..          2.20    6.87%
.......*.*...**.**..          2.00    6.25%
........**.**.......          2.00    6.25%
.....**...*...*.**..          2.00    6.25%
..*********.*.*.**..          2.00    6.25%
.......*.........*..          2.00    6.25%
........***.........          1.78    5.56%
.......***..........          1.75    5.47%
..........*...*.....          1.75    5.47%
.....**************.          1.70    5.31%
.......***.**.**..**          1.67    5.21%
.....**...*...*..*..          1.67    5.21%
......*...*.........          1.67    5.21%
.......*.*.*........          1.67    5.21%
.....********.*.**..          1.58    4.95%
........*..**.......          1.50    4.69%
.....*....*...*.....          1.50    4.69%
.....**.............          1.50    4.69%
...........*......*.          1.50    4.69%
......**............          1.50    4.69%
.....*.*..*...*.....          1.50    4.69%
.....***..*...*.....          1.50    4.69%
.........*..*.......          1.50    4.69%
..***...**..*.......          1.40    4.37%
.....**.*.*.........          1.33    4.17%
.....*******..*.**..          1.33    4.17%
..***........*.*..**          1.33    4.17%
..*****.******.*****          1.33    4.17%
..***...**.**.......          1.33    4.17%
........***.*.......          1.33    4.17%
..****..************          1.33    4.17%
...........*.....*..          1.33    4.17%
.....*..*.*...*.....          1.33    4.17%
..***.........*.....          1.28    3.99%
..........*...*..*..          1.25    3.91%
.....**.*****.*.**..          1.25    3.91%
..*************.**..          1.23    3.85%
.......******.**.***          1.20    3.75%
...........**..*.***          1.20    3.75%
.......*.*.*...*..*.          1.17    3.65%
......*....*........          1.00    3.12%
.......*.*.*.*******          1.00    3.12%
.......*.*.*********          1.00    3.12%
..****.*************          1.00    3.12%
..***...**.***.*****          1.00    3.12%
...........**......*          1.00    3.12%
.....**...*...****..          1.00    3.12%
.....**...*...*****.          1.00    3.12%
.....**...***.******          1.00    3.12%
..***...*...........          1.00    3.12%
..***...*....*......          1.00    3.12%
..*****.*.**********          1.00    3.12%
.........*...**.....          1.00    3.12%
.........*...**.**..          1.00    3.12%
.......*....*.......          1.00    3.12%
......**....*.......          1.00    3.12%
.....****.*.*.......          1.00    3.12%
.....******.***.**..          1.00    3.12%
............*..*....          1.00    3.12%
..........*...*..***          1.00    3.12%
.......*...*........          1.00    3.12%
.......*..**..*..***          1.00    3.12%
.......*..***.**.***          1.00    3.12%
..*****.........*...          1.00    3.12%
..*****......*..*...          1.00    3.12%
............*......*          1.00    3.12%
......**......*.....          1.00    3.12%
.....******...*.....          1.00    3.12%
.....******...*.**..          1.00    3.12%
.....******...****..          1.00    3.12%
.....*******..*****.          1.00    3.12%
.....*******.******.          1.00    3.12%
.....******.........          1.00    3.12%
.....******.*...*...          1.00    3.12%
.....******.***.*...          1.00    3.12%
..*********.***.**..          1.00    3.12%
.....**...*....***..          1.00    3.12%
.....**...*....*****          1.00    3.12%
.....**...*..*.*****          1.00    3.12%
..............**....          1.00    3.12%
.......*......**.*..          1.00    3.12%
.......*......**.**.          1.00    3.12%
.....*....*.....*...          1.00    3.12%
.....**...*.....*...          1.00    3.12%
..*****.***.*...*...          1.00    3.12%
..*****.*****...*...          1.00    3.12%
..*****.******..*...          1.00    3.12%
.....********.*****.          1.00    3.12%
.......*......*..*..          1.00    3.12%
........*.*.*.......          1.00    3.12%
.....**.***.*...*...          1.00    3.12%
.....***.**...*.**..          1.00    3.12%
.....***.***..*.**..          1.00    3.12%
........**..*...*...          1.00    3.12%
...........**....*..          1.00    3.12%
.....**......*..*...          1.00    3.12%
.............**.**..          1.00    3.12%
.......*.*...*******          1.00    3.12%
.......****..*******          1.00    3.12%
.......*************          1.00    3.12%
......**************          1.00    3.12%
........**.**..*..**          1.00    3.12%
..*.****************          1.00    3.12%
.....**.*******.**..          1.00    3.12%
.......*.*.*......*.          1.00    3.12%
.....*..*.*........*          1.00    3.12%
.....*..*.*.*.*....*          1.00    3.12%
.....**.*.*.*.*....*          1.00    3.12%
.....********.**..**          1.00    3.12%
........**..*..*..**          1.00    3.12%
..*........*........          1.00    3.12%
...........**..*..**          1.00    3.12%
.....*..***..**.....          1.00    3.12%
.....*..********.***          1.00    3.12%
.....*..************          1.00    3.12%
...........*...*....          1.00    3.12%
.......***..*.......          1.00    3.12%
..*****...*...*.....          1.00    3.12%
..*****...*...*.**..          1.00    3.12%
..***********.*****.          1.00    3.12%
......*...*.....**..          1.00    3.12%
......**..*.....**..          1.00    3.12%
......**..**....**..          1.00    3.12%
......**..**...****.          1.00    3.12%
......**..**.*.****.          1.00    3.12%
.....*...*....*.....          1.00    3.12%
.....*..**....*.....          1.00    3.12%
.....*..**..*.*.....          1.00    3.12%
..****..**..*.*.....          1.00    3.12%
...........*.*......          1.00    3.12%
...........****.....          1.00    3.12%
.....**.***.........          1.00    3.12%
.....**.***.....**..          1.00    3.12%
.....**.***.....****          1.00    3.12%
.....**.***....*****          1.00    3.12%
.......*.....*......          1.00    3.12%
.....**.***.*...**..          1.00    3.12%
.....**.***.*..*****          1.00    3.12%
..***......*..*.....          1.00    3.12%
..*****.*****.******          1.00    3.12%
.......*.*...**.....          1.00    3.12%
........**..*.*.....          1.00    3.12%
........**.**.*.....          1.00    3.12%
........**.****.**..          1.00    3.12%
........**.*********          1.00    3.12%
..*****...*.........          1.00    3.12%
.....***..*...*.**..          0.90    2.81%
..****....*.........          0.86    2.68%
.....*..*.*.*.*.*...          0.83    2.60%
.....******..**.*...          0.80    2.50%
.......****.........          0.80    2.50%
.......****...*.....          0.80    2.50%
...........**...*...          0.75    2.34%
...........**...**..          0.75    2.34%
.....*....***...**..          0.75    2.34%
.....**...***...**..          0.75    2.34%
.....**...***.*.**..          0.75    2.34%
..****..******.*****          0.75    2.34%
..***......*.*......          0.75    2.34%
..****.....*.*..*...          0.75    2.34%
..***........*..**..          0.67    2.08%
..***...**.***..**..          0.67    2.08%
.......***....*.....          0.67    2.08%
.......***.**.*.....          0.67    2.08%
.....**...*......*..          0.67    2.08%
..*****...*..*..**..          0.67    2.08%
.....*..........**..          0.67    2.08%
.....*.*.**..**.**..          0.67    2.08%
.....*.*************          0.67    2.08%
........**..*...*..*          0.67    2.08%
.....**.***.*.*.**.*          0.67    2.08%
.....**.***.***.**.*          0.67    2.08%
..*****.*******.**.*          0.67    2.08%
.......*.*.....*..**          0.67    2.08%
...........*....**..          0.67    2.08%
..........**....**..          0.67    2.08%
.....*....**..*.**..          0.67    2.08%
.....**...**..*.**..          0.67    2.08%
........***......*..          0.61    1.91%
..***********.******          0.61    1.91%
.....*........*.*...          0.61    1.91%
..*********.*.*.....          0.60    1.87%
..*********.*.*.*...          0.60    1.87%
..*********.******..          0.60    1.87%
..*********.*******.          0.60    1.87%
.....******..**.*..*          0.60    1.87%
........**.****.**.*          0.57    1.79%
..***..*.*.*********          0.50    1.56%
..****..*.*.........          0.50    1.56%
..*****.............          0.50    1.56%
.....*******..****..          0.50    1.56%
.....****.*...*.....          0.50    1.56%
.....****.*...*.**..          0.50    1.56%
......*.........*...          0.50    1.56%
.....**.......*.*...          0.50    1.56%
..*****...**********          0.50    1.56%
.............*******          0.50    1.56%
.....**...*..*..**..          0.50    1.56%
....****************          0.50    1.56%
..*..***************          0.50    1.56%
......*......*......          0.50    1.56%
.....*..*.*.*.*.**..          0.50    1.56%
..*************.***.          0.40    1.25%
.....*..***...*.**..          0.33    1.04%
........*..*........          0.33    1.04%
..***........*.*****          0.33    1.04%
.......***..*.*.....          0.33    1.04%
.....******.....**..          0.33    1.04%
.....******....*****          0.33    1.04%
.....*******...*****          0.33    1.04%
.......*.....**.....          0.33    1.04%
.....*.*.....**.*...          0.33    1.04%
.....*.*.....**.**..          0.33    1.04%
..***.*.*****.......          0.33    1.04%
......*...*..**.....          0.33    1.04%
......**.**..**.....          0.33    1.04%
.....***.**..**.**..          0.33    1.04%
..***...*..**.......          0.33    1.04%
.....*.......**.**..          0.33    1.04%
..***...*****.......          0.33    1.04%
..****..*******.**..          0.33    1.04%
.....******..**.**..          0.33    1.04%
........*..**..*..**          0.33    1.04%
.......***..*...*...          0.33    1.04%
..***......*...*..*.          0.33    1.04%
..***..***.**..**.*.          0.33    1.04%
..***..***.***.**.*.          0.33    1.04%
......*.***.*...**.*          0.33    1.04%
..........**.....*..          0.33    1.04%
......*...**.....*..          0.33    1.04%
.....**...**..*..*..          0.33    1.04%
.....**.*****.*..*..          0.33    1.04%
.....*....**....**..          0.33    1.04%
.......*.*.*.....*..          0.33    1.04%
.....*.******.******          0.33    1.04%
........**.*******.*          0.29    0.89%
..***********.*.**..          0.28    0.87%
..***..*.....*.*..**          0.25    0.78%
............*...**..          0.25    0.78%
..***......*.*.*..**          0.25    0.78%
..***......***.*****          0.25    0.78%
..****....****.*****          0.25    0.78%
..*****...****.*****          0.25    0.78%
.....*.......*..*...          0.25    0.78%
.....*..**..**.**.**          0.25    0.78%
..***.....**.....*..          0.25    0.78%
..****....**.**.**..          0.25    0.78%
..****....**.*..**..          0.25    0.78%
........***.*..*.***          0.25    0.78%
........***...*..*..          0.22    0.69%
.....*..***..**.**..          0.22    0.69%
.....*******.**.**..          0.22    0.69%
..***...***...*..*..          0.22    0.69%
..****..***...*.**..          0.22    0.69%
..**********..*.**..          0.22    0.69%
.....******.*.*.....          0.20    0.62%
..******..*...*.....          0.20    0.62%
.....***.*...**.*...          0.20    0.62%
...........**....*.*          0.20    0.62%
.....**********.**.*          0.20    0.62%
.....******..****.**          0.20    0.62%
...........**..*.**.          0.20    0.62%
.........*....*.....          0.17    0.52%
......*........*..**          0.17    0.52%
.....*.********.**..          0.17    0.52%
......*.*..**.......          0.17    0.52%
.....**.*.*.***.**..          0.17    0.52%
.....*.******.*.**..          0.17    0.52%
.....**.*.*.***.*...          0.17    0.52%
..***.*......*......          0.17    0.52%
..*****.*.*.***.*...          0.17    0.52%
........*.*...*.....          0.17    0.52%
........*.*.*.*.....          0.17    0.52%
........*.*.*.*.*...          0.17    0.52%
........*.*.*.*.**..          0.17    0.52%
.....*.*............          0.17    0.52%
.....*.*.*..........          0.17    0.52%
.....*.*.*.........*          0.17    0.52%
.....*.*.*.....*..**          0.17    0.52%
.....*.*.*.*...*..**          0.17    0.52%
.......*.*.........*          0.17    0.52%
.......*.*.*...*..**          0.17    0.52%
.....*..*.*.*.*.....          0.17    0.52%
.....*..***.....**..          0.17    0.52%
.....**.****....**..          0.17    0.52%
.....*******....**..          0.17    0.52%
.....********...**..          0.17    0.52%
.....********..*****          0.17    0.52%
........***..**..*..          0.17    0.52%
.....**.****..*.**..          0.11    0.35%
.....*.****...*.**..          0.11    0.35%
......**...*........          0.11    0.35%
.....**.****.**.**..          0.11    0.35%
.....*.****..**.**..          0.11    0.35%
..............*..*..          0.11    0.35%
.............**..*..          0.11    0.35%
..*****.****..*.**..          0.11    0.35%
..***.........*..*..          0.11    0.35%
..****.****...*.**..          0.11    0.35%
........***...*.....          0.06    0.17%
..***********..*****          0.06    0.17%
........***..**.....          0.06    0.17%
.....*.......**.*...          0.06    0.17%
..***........**.....          0.06    0.17%
.........**.........          0.06    0.17%
.........**......*..          0.06    0.17%
..***....**...*..*..          0.06    0.17%
..****...**...*.**..          0.06    0.17%
..*****..***..*.**..          0.06    0.17%
..******.***..*.**..          0.06    0.17%

Consensus tree(s) written to treefile: ~/EEOB563/EEOB563/bootMajRule.tre

paup> log stop
