#
#model:
#
#<?xml version="1.0" encoding="UTF-8" standalone="no"?><input id="posterior" spec="beast.core.util.CompoundDistribution">
#    <distribution id="prior" spec="beast.core.util.CompoundDistribution">
#        <distribution conditionOnRhoSampling="true" id="FBD.t:seq_fossil_sele" spec="beast.evolution.speciation.SABirthDeathModel">
#            <parameter id="originFBD.t:seq_fossil_sele" lower="0.0" name="origin">100.0</parameter>
#            <parameter id="diversificationRateFBD.t:seq_fossil_sele" lower="0.0" name="diversificationRate">1.0</parameter>
#            <parameter id="turnoverFBD.t:seq_fossil_sele" lower="0.0" name="turnover" upper="1.0">0.5</parameter>
#            <parameter id="samplingProportionFBD.t:seq_fossil_sele" lower="0.0" name="samplingProportion" upper="1.0">0.5</parameter>
#            <parameter id="rFBD.t:seq_fossil_sele" lower="0.0" name="removalProbability" upper="1.0">0.0</parameter>
#            <parameter estimate="false" id="rhoFBD.t:seq_fossil_sele" lower="0.0" name="rho" upper="1.0">1.0</parameter>
#            <tree id="Tree.t:seq_fossil_sele">
#                <trait id="dateTrait.t:seq_fossil_sele" spec="beast.evolution.tree.TraitSet" traitname="date-forward">
#                FJ785425_1|Saimiri_sciureus|Primates|31.5=31.5,
#FJ785424_1|Saguinus_oedipus|Primates|31.5=31.5,
#FJ785422_1|Ateles_belzebuth|Primates|31.5=31.5,
#FJ785421_1|Aotus_lemurinus|Primates|12.1=12.1,
#FJ785423_1|Callicebus_donacophilus|Primates|31.5=31.5,
#NC_011519_1|Macaca_thibetana|Primates|5.5=5.5,
#NC_005943_1|Macaca_mulatta|Primates|5.5=5.5,
#FJ785426_1|Theropithecus_gelada|Primates|3.5=3.5,
#DQ355302_1|Pygathrix_nemaeus|Primates|10=10.0,
#DQ355298_1|Nasalis_larvatus|Primates|10=10.0,
#DQ355299_1|Presbytis_melalophos|Primates|10=10.0,
#NC_006900_1|Trachypithecus_obscurus|Primates|10=10.0,
#DQ355297_1|Semnopithecus_entellus|Primates|10=10.0,
#NC_001646_1|Pongo_pygmaeus|Primates|12.5=12.5,
#NC_001645_1|Gorilla_gorilla|Primates|10=10.0,
#FR695060_1|Homo_sp_|Primates|6=6.0,
#NC_006853_1|Bos_taurus|Non-primates|18.3=18.3,
#NC_005089_1|Mus_musculus|Non-primates|11.1=11.1,
#EF537576_1|Iphiteon_panicea|Hexactinellida|0=0.0,
#EF537577_1|Sympagella_nux|Hexactinellida|0=0.0,
#NC_010202_1|Ephydatia_muelleri|Demospongiae|0=0.0,
#NC_010201_1|Amphimedon_compressa|Demospongiae|0=0.0,
#NC_010211_1|Xestospongia_muta|Demospongiae|0=0.0,
#NC_010217_1|Plakinastrella_cf_|Homoscleromorpha|0=0.0,
#NC_035983_1|Oscarella_pearsei|Homoscleromorpha|0=0.0,
#NC_010203_1|Aplysina_fulva|Demospongiae|0=0.0                
#                                <taxa id="TaxonSet.seq_fossil_sele" spec="beast.evolution.alignment.TaxonSet">
#                    </taxa>
#                </trait>
#                <taxonset idref="TaxonSet.seq_fossil_sele"/>
#            </tree>
#        </distribution>
#        <prior id="diversificationRatePriorFBD.t:seq_fossil_sele" name="distribution" x="@diversificationRateFBD.t:seq_fossil_sele">
#            <Exponential id="Exponential.0" name="distr">
#                <parameter estimate="false" id="RealParameter.0" name="mean">1.0</parameter>
#            </Exponential>
#        </prior>
#        <prior id="GammaShapePrior.s:seq_fossil_sele" name="distribution">
#            <parameter id="gammaShape.s:seq_fossil_sele" name="x">1.0</parameter>
#            <Exponential id="Exponential.01" name="distr">
#                <parameter id="RealParameter.01" lower="0.0" name="mean" upper="0.0">1.0</parameter>
#            </Exponential>
#        </prior>
#        <prior id="originPriorFBD.t:seq_fossil_sele" name="distribution" x="@originFBD.t:seq_fossil_sele">
#            <LogNormal id="LogNormalDistributionModel.0" name="distr" offset="31.5">
#                <parameter estimate="false" id="RealParameter.02" name="M">8.5</parameter>
#                <parameter estimate="false" id="RealParameter.03" lower="0.0" name="S" upper="5.0">1.25</parameter>
#            </LogNormal>
#        </prior>
#        <prior id="RateACPrior.s:seq_fossil_sele" name="distribution">
#            <parameter id="rateAC.s:seq_fossil_sele" lower="0.0" name="x">1.0</parameter>
#            <Gamma id="Gamma.0" name="distr">
#                <parameter estimate="false" id="RealParameter.04" name="alpha">2.0</parameter>
#                <parameter estimate="false" id="RealParameter.05" name="beta">0.25</parameter>
#            </Gamma>
#        </prior>
#        <prior id="RateAGPrior.s:seq_fossil_sele" name="distribution">
#            <parameter id="rateAG.s:seq_fossil_sele" lower="0.0" name="x">1.0</parameter>
#            <Gamma id="Gamma.01" name="distr">
#                <parameter estimate="false" id="RealParameter.06" name="alpha">2.0</parameter>
#                <parameter estimate="false" id="RealParameter.07" name="beta">0.5</parameter>
#            </Gamma>
#        </prior>
#        <prior id="RateATPrior.s:seq_fossil_sele" name="distribution">
#            <parameter id="rateAT.s:seq_fossil_sele" lower="0.0" name="x">1.0</parameter>
#            <Gamma id="Gamma.02" name="distr">
#                <parameter estimate="false" id="RealParameter.08" name="alpha">2.0</parameter>
#                <parameter estimate="false" id="RealParameter.09" name="beta">0.25</parameter>
#            </Gamma>
#        </prior>
#        <prior id="RateCGPrior.s:seq_fossil_sele" name="distribution">
#            <parameter id="rateCG.s:seq_fossil_sele" lower="0.0" name="x">1.0</parameter>
#            <Gamma id="Gamma.03" name="distr">
#                <parameter estimate="false" id="RealParameter.010" name="alpha">2.0</parameter>
#                <parameter estimate="false" id="RealParameter.011" name="beta">0.25</parameter>
#            </Gamma>
#        </prior>
#        <prior id="RateGTPrior.s:seq_fossil_sele" name="distribution">
#            <parameter id="rateGT.s:seq_fossil_sele" lower="0.0" name="x">1.0</parameter>
#            <Gamma id="Gamma.04" name="distr">
#                <parameter estimate="false" id="RealParameter.012" name="alpha">2.0</parameter>
#                <parameter estimate="false" id="RealParameter.013" name="beta">0.25</parameter>
#            </Gamma>
#        </prior>
#        <prior id="samplingProportionPriorFBD.t:seq_fossil_sele" name="distribution" x="@samplingProportionFBD.t:seq_fossil_sele">
#            <Beta id="Beta.0" name="distr">
#                <parameter estimate="false" id="RealParameter.014" name="alpha">2.0</parameter>
#                <parameter estimate="false" id="RealParameter.015" name="beta">2.0</parameter>
#            </Beta>
#        </prior>
#        <prior id="turnoverPriorFBD.t:seq_fossil_sele" name="distribution" x="@turnoverFBD.t:seq_fossil_sele">
#            <Uniform id="Uniform.0" name="distr"/>
#        </prior>
#        <prior id="MeanRatePrior.c:seq_fossil_sele" name="distribution">
#            <parameter id="ucldMean.c:seq_fossil_sele" name="x">1.0</parameter>
#            <Exponential id="Exponential.02" name="distr">
#                <parameter estimate="false" id="RealParameter.016" name="mean">1.0</parameter>
#            </Exponential>
#        </prior>
#        <prior id="ucldStdevPrior.c:seq_fossil_sele" name="distribution">
#            <parameter id="ucldStdev.c:seq_fossil_sele" lower="0.0" name="x">0.1</parameter>
#            <Exponential id="Exponential.03" name="distr">
#                <parameter estimate="false" id="RealParameter.017" name="mean">1.0</parameter>
#            </Exponential>
#        </prior>
#    </distribution>
#    <distribution id="likelihood" spec="beast.core.util.CompoundDistribution">
#        <distribution data="@seq_fossil_sele" id="treeLikelihood.seq_fossil_sele" spec="beast.evolution.likelihood.TreeLikelihood" tree="@Tree.t:seq_fossil_sele">
#            <siteModel gammaCategoryCount="4" id="SiteModel.s:seq_fossil_sele" shape="@gammaShape.s:seq_fossil_sele" spec="beast.evolution.sitemodel.SiteModel">
#                <parameter estimate="false" id="mutationRate.s:seq_fossil_sele" name="mutationRate">1.0</parameter>
#                <parameter estimate="false" id="proportionInvariant.s:seq_fossil_sele" lower="0.0" name="proportionInvariant" upper="1.0">0.0</parameter>
#                <substModel id="gtr.s:seq_fossil_sele" rateAC="@rateAC.s:seq_fossil_sele" rateAG="@rateAG.s:seq_fossil_sele" rateAT="@rateAT.s:seq_fossil_sele" rateCG="@rateCG.s:seq_fossil_sele" rateGT="@rateGT.s:seq_fossil_sele" spec="beast.evolution.substitutionmodel.GTR">
#                    <parameter estimate="false" id="rateCT.s:seq_fossil_sele" lower="0.0" name="rateCT">1.0</parameter>
#                    <frequencies id="estimatedFreqs.s:seq_fossil_sele" spec="beast.evolution.substitutionmodel.Frequencies">
#                        <parameter dimension="4" id="freqParameter.s:seq_fossil_sele" lower="0.0" name="frequencies" upper="1.0">0.25</parameter>
#                    </frequencies>
#                </substModel>
#            </siteModel>
#            <branchRateModel clock.rate="@ucldMean.c:seq_fossil_sele" id="RelaxedClock.c:seq_fossil_sele" spec="beast.evolution.branchratemodel.UCRelaxedClockModel" tree="@Tree.t:seq_fossil_sele">
#                <LogNormal S="@ucldStdev.c:seq_fossil_sele" id="LogNormalDistributionModel.c:seq_fossil_sele" meanInRealSpace="true" name="distr">
#                    <parameter estimate="false" id="RealParameter.018" lower="0.0" name="M" upper="1.0">1.0</parameter>
#                </LogNormal>
#                <rateCategories dimension="50" id="rateCategories.c:seq_fossil_sele" spec="beast.core.parameter.IntegerParameter">1</rateCategories>
#            </branchRateModel>
#        </distribution>
#    </distribution>
#</input>
#
Sample	posterior	likelihood	prior	treeLikelihood	TreeHeight	rateAC	rateAG	rateAT	rateCG	rateGT	gammaShape	ucldMean	ucldStdev	rate.mean	rate.variance	rate.coefficientOfVariation	FBD	diversificationRateFBD	turnoverFBD	samplingProportionFBD	originFBD	SACountFBD	freqParameter.1	freqParameter.2	freqParameter.3	freqParameter.4	
0	-192355.60666404627	-192244.01598507748	-111.59067896878656	-192244.01598507748	35.06289324714174	0.17070340834971093	0.6092470709107418	0.10738397851849402	0.08182442588074892	0.10583531016914717	0.624051693871643	0.9173136439795864	2.073492523817954	0.2230949268545211	1.0543310213669603	1.7651065951776088	-89.76153482054046	0.08763513045245772	0.9424525387526927	0.016119145892799225	40.881744363401886	0	0.3603124117100999	0.2176164957966721	0.13581892724628458	0.28625216524694325	
1000	-260981.7100316575	-260873.5690906464	-108.14094101110975	-260873.5690906464	34.116142299063696	0.17070340834971093	0.6092470709107418	0.056912293005397546	0.0690650720040579	0.1121128777706672	0.624051693871643	1.1286633314411594	1.3474850805467018	0.7994668312720793	2.756422272542635	1.5985749041745314	-87.38739420975506	0.07716522057617835	0.9514914688745987	0.03373721285736216	42.05150628521078	3	0.3603124117100999	0.2176164957966721	0.13581892724628458	0.28625216524694325	
2000	-310645.0741875519	-310526.95835294033	-118.11583461158092	-310526.95835294033	34.62005197784996	0.17070340834971093	0.5437886155584231	0.056912293005397546	0.0690650720040579	0.1121128777706672	0.7679478009478251	1.739223723626424	0.6934763854615362	1.7887072019839545	2.516695141518365	0.8260509554868587	-98.72877684383855	0.027838409926337272	0.9551192475115208	0.08481592256707632	44.20172216629865	6	0.3701721910078739	0.20775671649889813	0.13581892724628458	0.28625216524694325	
3000	-284117.936550857	-284008.35330659733	-109.58324425961726	-284008.35330659733	34.50146402119375	0.17070340834971093	0.5437886155584231	0.0582057478290251	0.0690650720040579	0.1121128777706672	0.7679478009478251	3.12353624630259	0.8582187786225242	5.498869013208647	7.744753965938321	0.8955008600127145	-84.40180379342269	0.04096324706649889	0.9483059695163051	0.1367082309771503	34.54688062828714	7	0.3701721910078739	0.21255367761264315	0.13102196613253958	0.28625216524694325	
4000	-270575.78094709275	-270453.94081416837	-121.84013292439853	-270453.94081416837	40.49019544811916	0.17070340834971093	0.7180052919999731	0.0582057478290251	0.09845851283066515	0.1611145049655051	0.5039501771717443	1.3209273161204447	0.09013712889355635	1.3291828807702126	0.015421559572572376	0.09315435370078566	-104.89212566722706	0.04628610108870484	0.8595467000811985	0.3603421367348352	43.06363037808592	9	0.37665290981180793	0.21255367761264315	0.12454124732860557	0.28625216524694325	
5000	-302159.10807131394	-302025.0761988779	-134.03187243607553	-302025.0761988779	38.954595869730746	0.17070340834971093	0.7202389810946193	0.0582057478290251	0.09845851283066515	0.1611145049655051	0.5039501771717443	2.6850117763827077	0.06024833814531901	2.7519854751600756	0.024165216198973914	0.05698653522057651	-114.7744629755932	0.06983310613007952	0.8129700466923812	0.24028726926177582	40.56913763479735	5	0.37665290981180793	0.21255367761264315	0.12454124732860557	0.28625216524694325	
6000	-307520.2180232702	-307377.9670834575	-142.2509398126671	-307377.9670834575	39.846069087168026	0.17070340834971093	0.46232712729789155	0.10795955293451129	0.09845851283066515	0.1611145049655051	0.5039501771717443	2.058512929590562	0.02068500228519407	2.058951377295858	0.0019212857150888625	0.021241721189760962	-125.238195717763	0.042472687601730556	0.9082123018218411	0.10627306761972122	48.09525972406022	3	0.37665290981180793	0.21844417065073798	0.11865075429051072	0.28625216524694325	
7000	-314162.2818187091	-314015.32728072314	-146.95453798596893	-314015.32728072314	39.51005298671865	0.3045051571274641	0.7853938730768814	0.10795955293451129	0.09845851283066515	0.1611145049655051	0.5039501771717443	1.8729255653702341	0.030907074012644187	1.885045280965276	0.0028252033691969097	0.02834077388422279	-128.92409440381192	0.037247923877379255	0.8620450096693716	0.2011366708903025	40.756953706829115	4	0.3712078390315437	0.2238892414310022	0.12167849902469026	0.2832244205127637	
8000	-302287.00019254594	-302151.91070565	-135.08948689595388	-302151.91070565	36.73602318805716	0.501824045293493	0.7853938730768814	0.10795955293451129	0.06887907337460593	0.1611145049655051	0.5173046902463446	2.4881680095627603	0.005692886587617476	2.4831525515571458	1.4830113707215323E-4	0.0048979152302500925	-115.73469839812911	0.09757869352766951	0.8620856229336326	0.07391810440351632	43.33370370568301	2	0.3712078390315437	0.2238892414310022	0.12167849902469026	0.2832244205127637	
9000	-281711.1718044595	-281579.3796566376	-131.7921478218826	-281579.3796566376	39.371975517378566	0.5217752654099954	0.7853938730768814	0.15708804341991534	0.06051770634446622	0.1611145049655051	0.5173046902463446	0.3896014083233583	0.021596565160376648	0.3902258098925916	8.325327282705477E-5	0.023372434123688	-114.00413017406795	0.032106428889587035	0.9164779663121874	0.11335607163857463	39.92765652341092	5	0.3712078390315437	0.2238892414310022	0.12167849902469026	0.2832244205127637	
10000	-284744.256210085	-284607.4940522232	-136.76215786180512	-284607.4940522232	38.690535244155924	0.5217752654099954	0.7853938730768814	0.22733399390059103	0.07143498144885042	0.1611145049655051	0.5173046902463446	0.5619797787805607	0.02968791996641618	0.5528486481416615	2.858159242775858E-4	0.030402019900056226	-118.26673324485522	0.054346318373583814	0.9205922464021505	0.0479733327514962	40.131220588035134	0	0.3712078390315437	0.2238892414310022	0.12167849902469026	0.2832244205127637	
11000	-268564.90426188626	-268435.43503656436	-129.4692253218931	-268435.43503656436	39.2646253953173	0.5217752654099954	0.7853938730768814	0.22733399390059103	0.07143498144885042	0.22037452125565113	0.5173046902463446	0.9580353722562207	0.02190937838650928	0.9499534375711236	4.038884727799337E-4	0.021068609095087204	-111.02591291748203	0.06717108217739978	0.9187726905824949	0.047578720128708216	41.304500582038045	3	0.37434276856587956	0.2238892414310022	0.11854356949035438	0.2832244205127637	
12000	-280434.1475081486	-280309.5362625054	-124.61124564325559	-280309.5362625054	42.83363568677917	0.5217752654099954	0.7853938730768814	0.22733399390059103	0.07143498144885042	0.1532794018151282	0.23098942793971958	1.1992363593216473	0.3302198151092779	1.1912217863184857	0.1334236578488671	0.3046641924832049	-107.58844041184187	0.03432445692719747	0.9160702705173738	0.18934148105538914	43.2368380628794	10	0.37434276856587956	0.2238892414310022	0.11854356949035438	0.2832244205127637	
13000	-306378.6825894918	-306244.16009335866	-134.52249613309652	-306244.16009335866	43.46639181785106	0.440658215683449	0.7853938730768814	0.11962858061598494	0.07143498144885042	0.1532794018151282	0.22499700876077783	3.484925577863561	1.5278873018509556	3.3380782806953655	15.13500137037774	1.3474935750994397	-114.15840779479565	0.02988996384682288	0.9520401128640277	0.09325812565697274	47.068364762222856	3	0.37434276856587956	0.2238892414310022	0.11854356949035438	0.2832244205127637	
14000	-279073.8848733764	-278938.65910933726	-135.2257640391431	-278938.65910933726	40.858048379010896	0.5550251277429467	0.7853938730768814	0.13864652051434695	0.09038331303711192	0.1532794018151282	0.23899990009684888	1.4795241703258246	1.3915226159207648	0.9720192986055219	8.410515524722465	1.641756222132529	-115.77840997747701	0.025014920179030672	0.9639898739462053	0.07371697174661272	42.36563843404702	1	0.37434276856587956	0.2238892414310022	0.11854356949035438	0.2832244205127637	
15000	-286945.59900523844	-286806.9534262885	-138.64557894994377	-286806.9534262885	42.38613991753044	0.5507189915525674	0.45043029770418025	0.13864652051434695	0.09038331303711192	0.1532794018151282	0.23899990009684888	0.754959110614813	0.6319632784969748	0.6934379545011286	0.1825872463811366	0.6364478382495801	-123.4156290339466	0.014823446869119431	0.9720142961485576	0.09796299853126375	57.9884728303646	4	0.37434276856587956	0.21471681049048524	0.12771600043087133	0.2832244205127637	
16000	-279119.85084305005	-278985.7509898454	-134.0998532046838	-278985.7509898454	41.185278341154685	0.371604696239111	0.31214459115049065	0.13247267197385862	0.09038331303711192	0.1532794018151282	0.23899990009684888	1.424788386014861	1.8144058092473518	1.060168498409351	9.66279634975157	2.0198183700893075	-115.7782961303545	0.02150565982963038	0.9601919689298065	0.09442086680998751	46.63377727671516	4	0.37434276856587956	0.21471681049048524	0.12771600043087133	0.2832244205127637	
17000	-320140.15554119076	-320003.262127076	-136.89341411474987	-320003.262127076	36.52030265423553	0.23924323704394587	0.31214459115049065	0.13247267197385862	0.09038331303711192	0.1532794018151282	0.18102917193370305	2.502992286756489	2.057875284798385	5.509549109465349	54.25706802574581	2.8546692435051084	-118.92756037165515	0.01336620572170162	0.9724210483342646	0.0939434110432327	59.32947770626389	4	0.37434276856587956	0.21471681049048524	0.12771600043087133	0.2832244205127637	
18000	-302957.3941746972	-302816.31305347895	-141.0811212182684	-302816.31305347895	41.92317606122611	0.40277854961054865	0.31214459115049065	0.09165729619610999	0.09038331303711192	0.2345240418199075	0.18102917193370305	0.9674577373210032	1.0311320704438462	0.9737483527231833	1.9098511509534293	1.3776790662094314	-123.35316349878576	0.00853156002313251	0.9687661191314904	0.1283750014287014	42.71564874759054	6	0.3813931587986044	0.2076664202577604	0.12771600043087133	0.2832244205127637	
19000	-366565.5349014054	-366423.0210179984	-142.51388340700998	-366423.0210179984	39.821913461057406	0.40277854961054865	0.23294188804371818	0.09165729619610999	0.09038331303711192	0.2345240418199075	0.25796493047533575	0.5531207748095409	3.175089194806494	0.09674991010111905	0.08296278431546905	2.993109136727126	-126.23232045732684	0.011143313858915078	0.9602195663916971	0.1751731124245458	70.98596838115043	6	0.3813931587986044	0.2076664202577604	0.12771600043087133	0.2832244205127637	
20000	-278685.6367368929	-278545.6301032049	-140.00663368799712	-278545.6301032049	41.4922455567115	0.40277854961054865	0.23294188804371818	0.24205798268920206	0.09753300273460865	0.2345240418199075	0.25796493047533575	1.0820517192575052	1.1678083435719773	1.0609704279933345	1.3135841485283362	1.0805330772200354	-122.5952711672029	0.026218662505206707	0.954178961233904	0.04256777300029359	50.159245038576664	0	0.3776455466239586	0.21141403243240617	0.12771600043087133	0.2832244205127637	
21000	-289131.134409259	-288993.61240208417	-137.52200717487574	-288993.61240208417	37.06348965806588	0.37851266187571153	0.3846305368584298	0.24205798268920206	0.0886857070481241	0.19445840109368756	0.12038108015552339	0.8098156707037624	0.42220570115173595	0.8525713073263166	0.10106288212753896	0.38468524521848607	-123.62238330976292	0.02523495975490182	0.9428126147766975	0.14246801464986406	61.03257589834021	3	0.3776455466239586	0.21141403243240617	0.12771600043087133	0.2832244205127637	
22000	-324986.7827353119	-324856.8885411118	-129.8941942001077	-324856.8885411118	35.86258854368391	0.46230821046183707	0.8139787063097566	0.24205798268920206	0.0886857070481241	0.11282441704411632	0.04592869396001045	1.0207453531796848	0.9211098612697438	0.9362600175379124	1.2265351023738829	1.0844644883610033	-112.53550529889112	0.053666871625042106	0.9222327587334532	0.08014616975320918	45.7422882516747	3	0.3855247698174973	0.2035348092388675	0.12771600043087133	0.2832244205127637	
23000	-322480.076692408	-322349.4682710326	-130.60842137541135	-322349.4682710326	35.27731932465879	0.46230821046183707	0.8139787063097566	0.3486751865180738	0.04523739606482578	0.20729524012984646	0.0540025945310739	0.41419091730863794	1.3509321002810353	0.33480608970172315	0.49112512804723857	1.600995070227079	-109.73109148489468	0.06269089126062034	0.9123390457915728	0.06757949231669337	36.54124779061091	2	0.3925943728972214	0.2035348092388675	0.12064639735114727	0.2832244205127637	
24000	-322807.57785850344	-322682.76578051865	-124.81207798482372	-322682.76578051865	36.25689800213349	0.46230821046183707	0.8139787063097566	0.35338708182539413	0.04523739606482578	0.20729524012984646	0.08614486651332709	0.5581569003630568	1.6055526470615316	1.0015238655148708	1.3282993059575479	2.019430411389369	-105.63418873168256	0.10004576795885321	0.8077646921793241	0.18536078717761137	38.99279163420333	7	0.4095421292519909	0.2035348092388675	0.12064639735114727	0.26627666415799417	
25000	-285251.58473305823	-285109.00553817104	-142.57919488719594	-285109.00553817104	40.75113279298018	0.8396726753283323	0.8139787063097566	0.2335456730041952	0.030089010887348354	0.20729524012984646	0.08614486651332709	1.090200263686396	1.3548352240417323	1.1564150372751854	5.325436852837369	1.8137576983192036	-123.3419806184262	0.08647729047047452	0.8588169182242912	0.08516481449815749	46.677505621025034	4	0.4095421292519909	0.19633131054349595	0.11887935050571687	0.2752472096987961	
26000	-281769.2795231004	-281629.87271498033	-139.40680812009361	-281629.87271498033	39.50352546406486	0.8396726753283323	0.8139787063097566	0.2335456730041952	0.025753997115525888	0.20729524012984646	0.08614486651332709	1.0587744197863427	1.1377608562600556	0.7226921427331892	1.0017640226047357	1.2709394692569917	-121.7545905841243	0.16029777675850412	0.755986889476662	0.17904703171982758	53.10943415328676	3	0.4095421292519909	0.19633131054349595	0.11887935050571687	0.2752472096987961	
27000	-292160.1003401832	-292022.18035960913	-137.91998057403546	-292022.18035960913	36.52774151558407	0.8396726753283323	0.8139787063097566	0.2335456730041952	0.025753997115525888	0.33272100610397026	0.08614486651332709	2.5260698045699126	1.2256419531462244	1.370083198717546	4.641056634104362	1.2542055799941862	-117.59362155059462	0.22388320264683237	0.7505668526402518	0.08818708162022433	49.77406786504039	5	0.4095421292519909	0.19633131054349595	0.11887935050571687	0.2752472096987961	
28000	-282929.48650929274	-282805.0484163348	-124.4380929579421	-282805.0484163348	38.705051950754786	0.8396726753283323	0.8139787063097566	0.2730462325982778	0.025753997115525888	0.33272100610397026	0.08614486651332709	1.0728702359985345	1.0446316135157878	1.6971764490664127	1.3316287270954055	1.1338149647095173	-104.30464015546109	0.09199714407532114	0.8146999255034176	0.1690745903528278	40.092491303409815	6	0.417505871077989	0.1901479532369337	0.11709896598628104	0.2752472096987961	
29000	-302782.3847469741	-302656.5139550762	-125.870791897854	-302656.5139550762	36.42026841154251	0.7474257803457128	0.5992257106256808	0.23499343626310157	0.10424407653434134	0.33272100610397026	0.08614486651332709	0.3706465430752241	1.7269975582370427	0.2441473428439811	0.07962531188032751	1.5176989770005203	-106.60387253300193	0.0753514205084015	0.7989094302208732	0.174279171442618	38.46775770026317	7	0.4238894463359211	0.1916121733948459	0.10872488815764315	0.27577349211158964	
30000	-304831.26727905305	-304702.35072105547	-128.91655799759323	-304702.35072105547	37.69119581141045	0.5745780927838722	0.23463998609115447	0.23499343626310157	0.10424407653434134	0.3192695571764641	0.08614486651332709	2.1560544866910356	1.7114986053951673	1.6270878998682672	21.30302140367973	2.0376184272259263	-108.68060598192127	0.07195893478797658	0.8829579861376089	0.08820729868760899	41.61301687545486	4	0.4238894463359211	0.1916121733948459	0.10872488815764315	0.27577349211158964	
31000	-295284.28522484313	-295153.8863537073	-130.39887113586045	-295153.8863537073	36.99713572120441	0.5745780927838722	0.23463998609115447	0.4831562891580922	0.17784145770180707	0.26065291109265876	0.08614486651332709	1.4655083112069334	0.03455410214439404	1.4658179239493778	0.0025301516353489293	0.0343369475805471	-109.4496277163891	0.15638225310973045	0.9069330626712642	0.022416613015210553	37.38548967924981	4	0.42550740304120066	0.1916121733948459	0.10710693145236365	0.27577349211158964	
32000	-322404.6506624647	-322267.6095100633	-137.0411524013558	-322267.6095100633	35.640177547285354	0.5745780927838722	0.35238208583514685	0.4831562891580922	0.17784145770180707	0.1515641947276836	0.09972866592981341	0.6091659866528382	1.2436189453781448	0.40846080479117114	1.4636417549376937	1.8567713769681287	-119.36008385336727	0.06661450688751107	0.9105533099627486	0.038550416691981594	47.30914303949826	5	0.43271945760141867	0.1916121733948459	0.09989487689214563	0.27577349211158964	
33000	-326646.0118085864	-326521.286354956	-124.72545363043027	-326521.286354956	34.847285870137874	0.5745780927838722	0.35238208583514685	0.2821746209823516	0.17784145770180707	0.1515641947276836	0.09972866592981341	0.546241584967356	2.1700139493782724	0.41172964806027473	3.812863129644478	2.796239065578481	-104.23372973953519	0.04790077116984111	0.9441817094991453	0.07790218506860246	37.49371913909936	3	0.43271945760141867	0.1916121733948459	0.09989487689214563	0.27577349211158964	
34000	-445722.4907429568	-445583.2269835905	-139.26375936630657	-445583.2269835905	44.61647065652368	0.5745780927838722	0.35238208583514685	0.4162428302320038	0.17784145770180707	0.15378689071230145	0.09972866592981341	0.2475334360268042	3.4784096685502837	0.01808406967967391	0.14358724855595045	3.8070064375666544	-120.66584762017051	0.02316042184321341	0.9364823719773538	0.09393580615736451	47.05908730914534	8	0.4227196526921671	0.2074252181321698	0.09408163706407327	0.27577349211158964	
35000	-302433.9654828139	-302290.6421904734	-143.32329234050349	-302290.6421904734	39.40281903859787	0.5745780927838722	0.35238208583514685	0.4162428302320038	0.17243051748774124	0.15378689071230145	0.09972866592981341	0.05890465395941608	0.7480869646049193	0.059082619006677994	0.002506271279100968	0.9161149493721216	-128.28716842850102	0.02700490573725076	0.9214450722647047	0.1215582668007024	49.815158379867476	5	0.4227196526921671	0.2074252181321698	0.0831085793784139	0.286746549797249	
36000	-306526.3492360406	-306386.80560699286	-139.54362904777105	-306386.80560699286	39.30070150389787	0.5745780927838722	0.35238208583514685	0.33776821262107604	0.17243051748774124	0.3364990854506038	0.09972866592981341	0.1652797436669476	0.42837019159793116	0.1655799456915288	0.005429965184680579	0.45120187731273914	-126.24808643972993	0.019087935891203726	0.9084085506041534	0.17885679649778735	59.576913349098106	8	0.44927547589468286	0.18086939492965404	0.0831085793784139	0.286746549797249	
37000	-305441.1859107558	-305298.3778742435	-142.8080365123418	-305298.3778742435	41.075940888513486	0.5745780927838722	0.35238208583514685	0.30670646282973363	0.17243051748774124	0.3364990854506038	0.09972866592981341	0.06614865458964445	0.9084428209540988	0.053698623282952086	0.004018873266385761	0.9336960177318456	-126.14410149306546	0.10072732820774381	0.812253966895632	0.05852963066223936	44.554857254212585	5	0.44927547589468286	0.18086939492965404	0.0831085793784139	0.286746549797249	
38000	-295909.1051882148	-295774.69493862474	-134.41024959006262	-295774.69493862474	41.898541118150874	0.5745780927838722	0.35238208583514685	0.9401692763709529	0.17243051748774124	0.26472458916703656	0.09972866592981341	0.09864690199801109	0.2059657931277211	0.09412670506779672	4.1289605954022697E-4	0.20408709960906057	-118.49069370320008	0.0811119083127644	0.8129310293819285	0.18611236250208538	46.655884928531535	5	0.4066695947586743	0.18353039009401662	0.12305346535005987	0.286746549797249	
39000	-446711.8734674439	-446580.35017115757	-131.5232962863524	-446580.35017115757	36.08787357683709	0.5745780927838722	0.46115770751527463	0.9401692763709529	0.17243051748774124	0.17642501628636545	0.17699329126436603	0.22248784256098797	3.2703218490727712	0.04324678308610773	0.09458574015741851	5.156282442621816	-110.8271621040717	0.06742129812699307	0.8331243865590517	0.15018480072483492	40.932792143068184	6	0.4066695947586743	0.18353039009401662	0.12305346535005987	0.286746549797249	
40000	-342287.30056824186	-342156.1612845202	-131.13928372166328	-342156.1612845202	36.716039145241325	0.5745780927838722	0.46115770751527463	0.9401692763709529	0.17243051748774124	0.17642501628636545	0.17699329126436603	0.12436916581706281	1.693532447217351	0.12402352740195628	0.05508721538979299	2.440275976654573	-111.28484727271865	0.06286107148086947	0.8021874521548752	0.2887120247526188	37.70653739595195	7	0.4066695947586743	0.1400905062404066	0.13100000163385483	0.32223989736706404	
41000	-344079.8765797572	-343948.61828538345	-131.2582943737763	-343948.61828538345	39.61247901044929	0.5745780927838722	0.8871613193565268	0.9401692763709529	0.17243051748774124	0.17642501628636545	0.17699329126436603	0.09904509825933688	2.1679781590673524	0.07890324871666923	0.05249293031474846	2.6527286315425123	-111.74376013998676	0.08550903220680538	0.8584610021795075	0.08157200395058208	43.49941553605538	7	0.4066695947586743	0.1400905062404066	0.13100000163385483	0.32223989736706404	
42000	-340905.8807225193	-340774.1941963922	-131.68652612711205	-340774.1941963922	37.13470158937301	0.4645915104747074	0.48189938891394857	0.9401692763709529	0.17243051748774124	0.17642501628636545	0.17699329126436603	0.03425390750790431	1.2829433602179134	0.034980546398997864	9.750989122398948E-4	1.2387975636832036	-111.39417010084821	0.09407805065383987	0.8712477667114928	0.07266641198714399	37.66294940575381	3	0.4066695947586743	0.08566544602134914	0.17500702285252015	0.33265793636745616	
43000	-375613.6604622083	-375475.53585501644	-138.12460719185952	-375475.53585501644	40.91354236832322	0.4645915104747074	0.48189938891394857	0.9401692763709529	0.17243051748774124	0.17642501628636545	0.43647812618425286	0.0054379085448954334	0.7136958870764233	0.005322930028126092	8.464786661233286E-6	0.6165583538025305	-121.53589352344169	0.00800873353128355	0.929702290144191	0.43664580753918836	43.263680694406204	9	0.35173231231026647	0.08566544602134914	0.22994430530092802	0.33265793636745616	
44000	-334129.59553409286	-333986.5162980781	-143.07923601473766	-333986.5162980781	50.79953406483963	0.4645915104747074	0.48189938891394857	0.9401692763709529	0.1951963842658419	0.17642501628636545	0.43647812618425286	0.05292243156180122	0.9516266360716883	0.06823481141647139	0.0030373509023277232	1.1941381930165287	-127.98560954444467	0.029507757337978485	0.9225064757148447	0.10173160459381239	66.80485405585881	7	0.35173231231026647	0.08566544602134914	0.22994430530092802	0.33265793636745616	
45000	-323687.27007508243	-323532.6585404189	-154.61153466354784	-323532.6585404189	49.63895931053748	0.4645915104747074	0.5085798169800996	0.9401692763709529	0.1951963842658419	0.17642501628636545	0.43647812618425286	0.18107972580160764	1.9293707407126568	0.1084485616099452	0.16926005293806948	2.430360638495048	-138.74262387977566	0.02705152802223668	0.869522638562338	0.19534540110950172	63.507916404755704	6	0.35173231231026647	0.08566544602134914	0.22994430530092802	0.33265793636745616	
46000	-329420.3099631705	-329266.9366183394	-153.3733448310974	-329266.9366183394	59.53015510555098	0.30630694494269795	0.5085798169800996	0.9401692763709529	0.06858222832470372	0.6995979493036855	0.43647812618425286	0.2878778100468647	1.9007561458652598	0.15315100478528465	0.13033010131342745	1.8116776392912917	-137.49785374166925	0.019571726673378174	0.874212403095969	0.32804567634949827	77.50778236109771	8	0.35173231231026647	0.08566544602134914	0.22994430530092802	0.33265793636745616	
47000	-382152.95019248675	-382005.67111340835	-147.27907907837724	-382005.67111340835	47.546418858704726	0.30630694494269795	0.5085798169800996	0.9401692763709529	0.08772876847179664	0.6995979493036855	0.6185790981450173	0.8995465156360805	1.861035114589677	0.8107647555204274	4.187157437814565	2.4667602182900836	-129.89119690053812	0.06071027720325901	0.7930269388959088	0.2631619026196181	63.58532078876478	7	0.35173231231026647	0.08566544602134914	0.22994430530092802	0.33265793636745616	
48000	-320128.258524609	-319981.1619673928	-147.0965572161849	-319981.1619673928	43.97491976326785	0.4346477086955571	0.5085798169800996	0.9798722251886226	0.057121167856743114	0.6995979493036855	0.6185790981450173	0.6177885942235213	0.7393222640167776	0.5653684634924717	0.16339703428670635	0.7157787607171382	-130.29631668402587	0.05992362636568642	0.8390963493927056	0.15460365833595638	66.09451075581333	5	0.35173231231026647	0.06121195129673365	0.2543978000255435	0.33265793636745616	
49000	-336683.3907303684	-336554.8288656333	-128.5618647350945	-336554.8288656333	41.150295735955574	0.4346477086955571	0.5085798169800996	0.9798722251886226	0.057121167856743114	0.6995979493036855	0.6185790981450173	0.351645713846085	0.6844849540124768	0.4233872832477806	0.06847308296360848	0.7054419951258343	-111.17256469032459	0.03158692621312203	0.7999460341259717	0.46205801685455733	49.323735436134044	11	0.36882089166014126	0.04412337194685885	0.2543978000255435	0.33265793636745616	
50000	-347324.4519243307	-347177.5873015952	-146.8646227354706	-347177.5873015952	41.78642804257659	0.4346477086955571	0.6031651424341187	0.9798722251886226	0.18033491461071285	0.6995979493036855	1.4256125440593572	0.26555551117515774	0.9985983155844647	0.29773346271417656	0.07489201176436333	1.181690797476538	-129.40527247574977	0.030258456625748106	0.8829558067865385	0.18854952171855116	56.175840475121994	5	0.36882089166014126	0.04412337194685885	0.2543978000255435	0.33265793636745616	
51000	-321382.8638818285	-321254.0158032841	-128.84807854435084	-321254.0158032841	38.52702604751716	0.4346477086955571	0.6031651424341187	0.9798722251886226	0.18033491461071285	0.6995979493036855	1.4256125440593572	0.26555551117515774	1.2996144760894248	0.21404586622571842	0.08713448193618019	1.2717774989841168	-110.22707606534982	0.02963708553256369	0.8966494636628811	0.2571716154289127	47.56900384933544	8	0.36882089166014126	0.04412337194685885	0.22928188392886042	0.35777385246413923	
52000	-431035.14694094524	-430903.70931135386	-131.43762959139482	-430903.70931135386	39.87690411353659	0.4346477086955571	0.6031651424341187	0.8934606221446928	0.18033491461071285	0.45592596674846214	1.4256125440593572	0.2654869859617839	2.8356910278693728	0.16240547176737716	0.028774347612573203	2.513323562315422	-110.10278165964502	0.07338385220047511	0.858148356978226	0.17261509948651804	40.52377635182503	5	0.36882089166014126	0.04412337194685885	0.22928188392886042	0.35777385246413923	
53000	-504211.9674487087	-504077.1533239255	-134.8141247832174	-504077.1533239255	41.12483657077816	0.4346477086955571	0.6031651424341187	0.8934606221446928	0.18033491461071285	1.095959032864026	1.4256125440593572	0.25996158727442464	3.406608928121433	0.07339941986472287	0.0977834750352732	4.5518357841827015	-112.65567833141085	0.039699909196525475	0.8813432681436554	0.17122873490198096	46.16851315881006	9	0.36882089166014126	0.04412337194685885	0.22928188392886042	0.35777385246413923	
54000	-414532.4979055941	-414394.84335018275	-137.65455541136544	-414394.84335018275	38.32396567937163	0.4346477086955571	0.07957732731223129	0.8934606221446928	0.18033491461071285	1.095959032864026	1.4256125440593572	0.05348433017867455	1.8312817998498188	0.04068121312205643	0.001856954945189172	1.5458083285242923	-114.2019278777183	0.08844374150173949	0.8507153308626912	0.08989939295552564	40.23007237755482	5	0.36882089166014126	0.04412337194685885	0.22928188392886042	0.35777385246413923	
55000	-396120.790685353	-395983.4950677585	-137.29561759448697	-395983.4950677585	38.40541533466828	0.4346477086955571	0.07957732731223129	0.8934606221446928	0.18033491461071285	1.095959032864026	1.4256125440593572	0.04567628921176178	2.0679064931687563	0.021848939281870077	0.004060554512962949	2.1247684772261715	-113.71517233285996	0.054204212573127845	0.87982291107894	0.1300035730940493	39.5310606880949	3	0.36882089166014126	0.09752216547819098	0.155303371945359	0.3783535709163085	
56000	-316477.039234389	-316344.6436823703	-132.3955520187192	-316344.6436823703	38.65033294436867	0.4346477086955571	0.07957732731223129	0.8934606221446928	0.15985699157945793	1.095959032864026	1.6771875158191492	0.02414128329360292	0.10057191402045548	0.023654376895596588	5.6000262452928955E-6	0.10055487182317167	-111.96587492802266	0.038407227095546795	0.8948929914579907	0.19328856222427584	43.16556974169013	4	0.36882089166014126	0.09752216547819098	0.155303371945359	0.3783535709163085	
57000	-339592.689300091	-339463.98560339777	-128.70369669321428	-339463.98560339777	35.93927099962657	0.4346477086955571	0.07567626220575388	0.8934606221446928	0.15985699157945793	1.095959032864026	1.6771875158191492	0.5608568917493171	0.18551795499562138	0.5215504334809267	0.007156441228695219	0.1584493983903617	-106.94189212261651	0.0861002063783771	0.8385992045760854	0.177877458799885	41.147852998368045	6	0.36882089166014126	0.09752216547819098	0.155303371945359	0.3783535709163085	
58000	-300042.2252364195	-299920.5135271752	-121.71170924428588	-299920.5135271752	42.63926242477996	0.4346477086955571	0.32424701741623146	0.18634421922954417	0.15985699157945793	1.095959032864026	1.6771875158191492	0.6385255075992821	0.7189387127284796	0.6260396064717808	0.12544821411901277	0.6075154490201099	-102.39191861456129	0.1969998925814351	0.690071886417385	0.2217044182582998	44.119950809679594	5	0.36882089166014126	0.09752216547819098	0.155303371945359	0.3783535709163085	
59000	-293264.37235315546	-293130.99843312515	-133.37392003032332	-293130.99843312515	37.434594328300705	0.4346477086955571	0.32424701741623146	0.18634421922954417	0.15985699157945793	1.095959032864026	1.6771875158191492	0.3441543749112536	0.4066977688519266	0.28432369223199466	0.0118950881408874	0.34414038568016886	-115.30570146596952	0.07573751307838165	0.7629158024445767	0.23381018077525648	46.54993200176253	4	0.36882089166014126	0.09752216547819098	0.155303371945359	0.3783535709163085	
60000	-398109.5673243011	-397978.32696348167	-131.24036081942236	-397978.32696348167	35.74573024353178	0.4346477086955571	0.32424701741623146	0.0752819512025927	0.429765412878718	1.095959032864026	1.6771875158191492	1.5395256450259875	0.5727952780493824	1.5400873815395912	0.6935211594714361	0.5474307903848699	-109.7146034920085	0.12211478964690582	0.8625558337077378	0.06843508709665955	44.22116065259141	2	0.337603985807172	0.12873907133116022	0.155303371945359	0.3783535709163085	
61000	-357951.07761932566	-357820.61955797375	-130.45806135190563	-357820.61955797375	35.325757987670826	0.4346477086955571	0.32424701741623146	0.0752819512025927	0.20511545882872173	1.095959032864026	1.6771875158191492	1.5395256450259875	2.3815293688021053	1.4561135810975592	31.69836850977469	2.725954890956701	-105.48205943840868	0.05573447981760675	0.857955905938307	0.15642582166594804	36.981753902770514	5	0.337603985807172	0.14719435711741347	0.155303371945359	0.3598982851300553	
62000	-405804.0359544415	-405673.1762484238	-130.85970601768517	-405673.1762484238	38.032239955345844	0.4346477086955571	0.827664511905159	0.0752819512025927	0.20511545882872173	1.095959032864026	1.6771875158191492	1.8734851518345728	0.5856207308713276	1.6784467610517666	0.6888890512067813	0.4850377311407738	-108.94890153393453	0.0970207703341817	0.8061571921017995	0.1848174648778032	40.49676768062554	4	0.337603985807172	0.14719435711741347	0.10536824882853102	0.4098334082468833	
63000	-378560.6634666598	-378426.0610861165	-134.60238054329432	-378426.0610861165	35.19476585625966	0.40148329676575417	0.827664511905159	0.0752819512025927	0.10381069284603317	1.095959032864026	1.6771875158191492	1.888478545141285	1.5859967091591034	2.0921442950376994	7.59237837158062	1.6690131481594945	-110.60442616813285	0.09983137504909673	0.8547055531709449	0.1003184544750642	39.56878293554806	5	0.41694742748991276	0.14719435711741347	0.10536824882853102	0.33048996656414253	
64000	-434005.03759416385	-433876.2644621673	-128.77313199654708	-433876.2644621673	38.09859474965658	0.40148329676575417	0.6475505885107473	0.07788956891442222	0.10381069284603317	1.095959032864026	1.6771875158191492	1.8489141488065932	0.25703852501632957	1.8973231673898354	0.27237932323924646	0.2830988742777146	-107.0183389859877	0.07532191860411032	0.9181024409532447	0.0472557707395646	44.49844136954075	5	0.46869025190270075	0.09545153270462546	0.10536824882853102	0.33048996656414253	
65000	-329795.2805654988	-329666.1073407988	-129.17322470004578	-329666.1073407988	38.36912076902545	0.3321714910901929	0.6475505885107473	0.07788956891442222	0.10381069284603317	0.9782958223639419	0.9451094036363835	1.9795145272400576	1.9675005774393042	1.941883629906759	15.228451902326881	4.14070999069021	-105.23367082550224	0.06231972387207534	0.9362430254060383	0.041741112070597546	39.54772191541104	4	0.46869025190270075	0.09545153270462546	0.10536824882853102	0.33048996656414253	
66000	-320841.23103190766	-320705.9900818063	-135.24095010133138	-320705.9900818063	38.36912076902545	0.3321714910901929	0.6475505885107473	0.07788956891442222	0.07327797987816327	1.0249874145942013	0.9451094036363835	1.7723727982163586	2.645991956472742	0.42664863512971146	2.337671440500902	3.292290620571212	-111.15053366346974	0.04898388468103784	0.9319561217500761	0.05361092662901964	40.7791944551958	3	0.46869025190270075	0.11070713387275932	0.09011264766039716	0.33048996656414253	
67000	-309010.556142952	-308880.5831347567	-129.97300819530037	-308880.5831347567	36.11566502938291	0.24777481833756024	0.18202903701039755	0.14106000304721586	0.07327797987816327	1.0249874145942013	0.9451094036363835	0.818020306012267	2.716798430257104	0.1621009844783378	0.3032013231824626	2.5623906036526742	-107.01088182226357	0.06390915997952684	0.9273945609930333	0.037900300315412555	42.64810235615024	1	0.38316046286953187	0.11070713387275932	0.09011264766039716	0.4160197555973114	
68000	-394327.1609841122	-394189.31795609085	-137.84302802134692	-394189.31795609085	36.1115811085092	0.24777481833756024	0.18202903701039755	0.38966344050107915	0.3210361230140582	1.4997020018955434	0.9451094036363835	0.7297584151789197	2.8874091267177904	1.1448088314926679	3.483901900555406	3.579111239588108	-115.80867768337886	0.02563173395335888	0.9392495833188399	0.08376920786092151	48.97809881405974	1	0.38316046286953187	0.11070713387275932	0.1561372047826911	0.3499951984750175	
69000	-324202.82342381513	-324069.1769924082	-133.64643140693678	-324069.1769924082	38.35354363974208	0.2928223928091055	0.6227659387096319	0.38966344050107915	0.3210361230140582	1.4997020018955434	0.9451094036363835	0.6483813407982004	0.0596476049461357	0.6468354302252397	0.0015499432895240434	0.06106221928096558	-113.10598512607116	0.0482612342134149	0.9323227443444813	0.058175296031232254	42.077721449136995	3	0.38316046286953187	0.11070713387275932	0.1561372047826911	0.3499951984750175	
70000	-349291.8240303831	-349146.4122890301	-145.4117413530044	-349146.4122890301	43.28093197356117	0.2928223928091055	0.2979172530092526	0.38966344050107915	0.07530944241073881	1.4997020018955434	0.9451094036363835	0.6483813407982004	0.5464562865167901	0.6354264734497017	0.13286935920797893	0.593676781297851	-126.47505428193642	0.059898903786536103	0.9313250703367767	0.03848650799703426	66.51695683755564	4	0.38316046286953187	0.05155636500836212	0.1561372047826911	0.40914596733941466	
71000	-355748.47794632637	-355607.1460913298	-141.33185499656167	-355607.1460913298	43.30079145846142	0.2928223928091055	0.2979172530092526	0.8269547545188463	0.07530944241073881	1.4997020018955434	0.9451094036363835	0.6483813407982004	0.22057681263510864	0.65866241762317	0.016451021360177304	0.19924369828412458	-119.54374686564955	0.036671935296651574	0.953710132957507	0.055389873998696375	44.08354647553238	2	0.38316046286953187	0.05155636500836212	0.1561372047826911	0.40914596733941466	
72000	-344294.4808463736	-344143.8168405489	-150.6640058247366	-344143.8168405489	40.8187528582255	0.2928223928091055	0.2979172530092526	0.9593775633321084	0.0376682498678361	1.4997020018955434	0.4741605794507891	2.334109752862596	0.014421355068819227	2.3347457889739363	9.78115250847681E-4	0.013387950616477939	-127.9045768292217	0.022904047146641484	0.9500867650501472	0.06685578407678104	48.19185232473455	2	0.38316046286953187	0.05155636500836212	0.1561372047826911	0.40914596733941466	
73000	-349158.2137596408	-349004.20337688545	-154.0103827553477	-349004.20337688545	46.61205213164992	0.2928223928091055	0.2979172530092526	1.0501744643420072	0.0376682498678361	1.4997020018955434	0.4741605794507891	2.4571757917905623	0.7570452913695186	1.9056616572673735	2.607755934786272	0.7432809847183706	-130.80685377345074	0.01222204877742321	0.9552768992313804	0.16754293512912816	47.44853707128864	4	0.38316046286953187	0.05155636500836212	0.1561372047826911	0.40914596733941466	
74000	-352548.5557299063	-352399.91515697003	-148.6405729362472	-352399.91515697003	39.45543532259931	0.2928223928091055	0.2979172530092526	1.0501744643420072	0.1031418605211083	1.4997020018955434	0.24219396391678835	2.4571757917905623	1.1079305347025508	2.7056800563726444	8.208759752660319	1.300382660979936	-127.11373487983582	0.017006270086861595	0.9552768992313804	0.10262539609370422	60.3662590005191	4	0.40269063097263974	0.05155636500836212	0.13660703667958324	0.40914596733941466	
75000	-366067.13252017007	-365921.15794995823	-145.97457021184061	-365921.15794995823	40.172564586498794	0.2928223928091055	0.2979172530092526	1.0501744643420072	0.1031418605211083	1.4997020018955434	0.648386533301381	2.4571757917905623	1.2214413091030083	2.35412523180725	12.198968932144997	1.5308098240279777	-122.33288240101145	0.025116809880675207	0.9387588569636824	0.13294844059648409	45.55905815741845	4	0.40269063097263974	0.05155636500836212	0.13660703667958324	0.40914596733941466	
76000	-440663.0796283932	-440512.1977252962	-150.88190309705638	-440512.1977252962	45.11090207343534	0.2928223928091055	1.3787127297272777	1.0501744643420072	0.1031418605211083	1.4997020018955434	1.1736362149150847	2.4571757917905623	3.1797303409187414	1.6636893845894316	25.799631269302548	3.770822187474758	-125.69064601890072	0.02841753163514278	0.8552085107290539	0.26988313418053034	52.3271447409801	9	0.40269063097263974	0.05155636500836212	0.13660703667958324	0.40914596733941466	
77000	-401522.8335117178	-401368.08616829093	-154.74734342688717	-401368.08616829093	49.254829311645814	0.30363954274242816	0.3319404753140645	1.0501744643420072	0.1031418605211083	1.4997020018955434	1.1736362149150847	2.2897036113414306	2.0701294268354618	1.1935116155438155	25.888548715139827	3.0949867574828374	-132.80127390229052	0.007631437825512176	0.9157899622672526	0.3411923847861668	65.59704113027466	12	0.40269063097263974	0.14981574739341424	0.03834765429453112	0.40914596733941466	
78000	-417453.94493701414	-417313.6002630575	-140.34467395663503	-417313.6002630575	37.224962086947436	0.30363954274242816	0.3319404753140645	1.0501744643420072	0.04863359615162232	0.9821114459220865	1.1736362149150847	1.3946945455104829	0.13757085682468054	1.3924372798207714	0.04067391857174081	0.14648882210873232	-118.85984958331449	0.022780426932801322	0.9157899622672526	0.21462792269311093	41.43443509985399	10	0.40269063097263974	0.14981574739341424	0.03834765429453112	0.40914596733941466	
79000	-416332.9167998266	-416194.7102608927	-138.20653893389849	-416194.7102608927	37.52016813155379	0.30363954274242816	0.3319404753140645	0.6363127754941147	0.0900842853141351	0.5621536024102586	1.1736362149150847	1.7092465692033783	0.7325995329028354	1.989473012790437	1.5762428427901056	0.7236682494233063	-120.48568919256391	0.03676048613931365	0.8358033729733324	0.20860467415700637	51.978845285507745	9	0.40269063097263974	0.14981574739341424	0.03834765429453112	0.40914596733941466	
80000	-389278.87728269293	-389139.65305771545	-139.22422497745865	-389139.65305771545	37.411929193101905	0.30363954274242816	0.3319404753140645	0.6363127754941147	0.0900842853141351	0.5621536024102586	1.1736362149150847	1.7092465692033783	0.5172980982259923	1.828279616926695	0.7894607947469966	0.5274208109132372	-121.79819184074375	0.07956471380532083	0.7759831352436046	0.17922747065629607	54.04113898333758	3	0.3148402234061095	0.14981574739341424	0.03834765429453112	0.4969963749059449	
81000	-352099.9585440261	-351971.7938231345	-128.16472089160905	-351971.7938231345	35.665462047398364	0.26808025670712043	0.3319404753140645	0.43256986617336785	0.08602580341774857	0.5621536024102586	1.1736362149150847	0.846162709676538	0.33264485720056725	0.796826183150203	0.053141155708282546	0.29190384759053356	-109.55231382474118	0.06743579538756962	0.8384375315828977	0.22476766363923173	39.61674625197832	5	0.3148402234061095	0.14981574739341424	0.03834765429453112	0.4969963749059449	
82000	-320963.9904215141	-320837.90647007636	-126.08395143774769	-320837.90647007636	37.35949675568145	0.19986769548394726	0.3319404753140645	0.5018263158450732	0.1890317802049381	0.5621536024102586	1.1736362149150847	0.7744523382213074	0.6678850773850652	0.6029944811602918	0.1527439980358574	0.6186650756561801	-107.02588247980762	0.08800800655298442	0.9102400413023867	0.06823580052448466	41.45896225208716	4	0.3148402234061095	0.14981574739341424	0.03834765429453112	0.4969963749059449	
83000	-356512.6868814061	-356386.1390806426	-126.54780076353546	-356386.1390806426	35.22943023705711	0.19986769548394726	0.3319404753140645	0.5018263158450732	0.1890317802049381	0.5621536024102586	1.1736362149150847	2.3115410414424726	2.446830467891053	1.702050190791294	46.317774907236576	3.5041741562417275	-103.43793221959315	0.06323165956562718	0.9102400413023867	0.09627008118717306	38.527115376375946	4	0.3148402234061095	0.14981574739341424	0.03834765429453112	0.4969963749059449	
84000	-370006.438934423	-369868.486980249	-137.95195417396602	-369868.486980249	36.45845654898223	0.19986769548394726	0.3319404753140645	0.5018263158450732	0.927080590811399	0.5621536024102586	0.9425554419771136	2.3115410414424726	1.5905742489794843	1.2210678696143684	6.361178776229858	1.4234879717399136	-115.66557305249206	0.030630213089980363	0.905147079753931	0.23390136662608854	39.333752072891	3	0.3148402234061095	0.14981574739341424	0.03834765429453112	0.4969963749059449	
85000	-323352.26854167524	-323211.3792486962	-140.88929297903465	-323211.3792486962	43.75685034349939	0.2309665872873142	0.3319404753140645	0.5018263158450732	0.927080590811399	0.5621536024102586	0.5250410463017832	1.3747464580970095	0.45217540105125775	1.3805054271190516	0.4471580569764005	0.45222736105879435	-123.33579625108123	0.042744328099530944	0.8635461133100751	0.17920666300895538	49.87420496490133	5	0.384693107082509	0.14981574739341424	0.03834765429453112	0.4271434912295454	
86000	-328664.7543794842	-328525.9951249696	-138.75925451465338	-328525.9951249696	43.7689788832975	0.5742765599787846	0.5099753439320882	0.5018263158450732	0.927080590811399	0.5621536024102586	0.5250410463017832	1.0920428496088235	1.1499623393378728	2.1274877056294157	2.8686300093568797	1.3141999630086287	-119.75623731741489	0.07620652873936258	0.8038177281325615	0.21981220025516626	45.29279382820685	5	0.384693107082509	0.14981574739341424	0.03834765429453112	0.4271434912295454	
87000	-328057.069383797	-327914.224780129	-142.84460366800377	-327914.224780129	44.09612151567589	0.5742765599787846	0.5099753439320882	0.5018263158450732	0.927080590811399	0.5621536024102586	0.5250410463017832	1.5088189423464724	0.3373300463173007	1.5736227578405932	0.17635201159278502	0.28418091609588375	-122.94793111994605	0.13297236066303036	0.8396169915067534	0.033320516465116315	47.72274335379051	4	0.4962084744930113	0.14981574739341424	0.03834765429453112	0.31562812381904304	
88000	-306538.8239340382	-306399.06710319803	-139.75683084020272	-306399.06710319803	45.37727834708377	0.5742765599787846	1.3987376579139255	0.5018263158450732	0.927080590811399	0.5621536024102586	0.5250410463017832	1.5088189423464724	0.4617416814471778	1.274868902071954	0.46289358671507164	0.4391363770399857	-120.08776897081296	0.1256510167983656	0.8188446933668376	0.06523407389215787	50.97717567681037	4	0.4547124159141933	0.12275314479692041	0.03834765429453112	0.3841867849943549	
89000	-297494.35859045316	-297365.64304791635	-128.71554253678934	-297365.64304791635	37.51686299468342	0.2897710343355585	1.3987376579139255	0.5018263158450732	0.927080590811399	0.5621536024102586	0.5250410463017832	0.9150297861674683	1.6397269351366022	0.9331294888066609	1.8276872038148866	1.7237021204107539	-107.46526947069671	0.09221332926527177	0.8874485180997432	0.07015169432599552	42.513813841135196	3	0.4547124159141933	0.12275314479692041	0.03834765429453112	0.3841867849943549	
90000	-320607.4854983468	-320470.7363812242	-136.74911712259387	-320470.7363812242	38.52131897759037	0.26890245244755534	1.3987376579139255	0.48066748384737795	0.5270232941613685	0.5621536024102586	0.5250410463017832	0.14439994173296966	1.0859734135004728	0.13928968180275844	0.03541229646049387	1.3609400149983177	-119.17991496385851	0.04700756702486173	0.8852751907083213	0.17468454841597728	44.31543357365674	4	0.4547124159141933	0.12275314479692041	0.03834765429453112	0.3841867849943549	
91000	-309534.03805883945	-309405.1097790858	-128.92827975368186	-309405.1097790858	36.09764353063761	0.36652821943686575	1.3987376579139255	0.48066748384737795	0.5270232941613685	0.5621536024102586	0.5250410463017832	0.708661835836306	0.73109006905215	0.563715221034631	0.25447975480842844	0.7015874775651632	-111.85031687498548	0.039044425790097106	0.8983482709853121	0.1444953921751339	49.572272640291814	5	0.5186070244298651	0.05885853628124868	0.03834765429453112	0.3841867849943549	
92000	-298228.0414856401	-298096.01856691483	-132.02291872525316	-298096.01856691483	37.30430101592012	0.2362361966063634	1.3987376579139255	0.48066748384737795	0.5270232941613685	1.7537267681820587	0.5756338820049705	0.07482857438056797	0.3938031094635896	0.08784268702605064	7.699430052943041E-4	0.3378475876320662	-110.74773593327575	0.03911670136277751	0.9284014790655376	0.14053298591127747	41.82851653376114	3	0.4304550215855395	0.05885853628124868	0.03834765429453112	0.47233878783868044	
93000	-356013.7954933607	-355871.4997132873	-142.2957800734453	-355871.4997132873	36.10779469702059	0.2362361966063634	1.3987376579139255	0.48066748384737795	0.5270232941613685	1.7537267681820587	0.5756338820049705	0.9111456309373266	0.573091851694233	1.0207897362282774	0.24585415783900352	0.5020835068709267	-117.6835126078448	0.04380987691702203	0.9010649166863153	0.08792805117973201	37.12659045045289	4	0.48710983495202603	0.025365681353391553	0.11013222630520071	0.3773922573893814	
94000	-368917.4824981846	-368770.51608607447	-146.96641211012775	-368770.51608607447	40.76747089866971	0.2362361966063634	1.3987376579139255	0.48066748384737795	0.5270232941613685	1.7537267681820587	0.5756338820049705	1.6789061031061292	0.6390753874977031	1.817020599087043	1.6467972154197772	0.7279305095994848	-126.33631247680812	0.03260910304521655	0.8677294445685967	0.1786671625549184	55.87366167182803	5	0.48710983495202603	0.025365681353391553	0.11013222630520071	0.3773922573893814	
95000	-718008.5244130741	-717854.4244624812	-154.0999505929325	-717854.4244624812	49.51033806051733	0.2362361966063634	1.3987376579139255	0.48066748384737795	0.5270232941613685	1.7537267681820587	1.7200656723346357	1.4105955946324618	0.25708109935171425	1.3342647380767378	0.084876379685588	0.21732194188298484	-133.88396046200353	0.028267252017184847	0.896535553609497	0.20466337420598313	66.0999833714809	6	0.5962092052134744	0.025365681353391553	0.0010328560437523199	0.3773922573893814	
96000	-546159.9905917378	-546028.990825081	-130.9997666567472	-546028.990825081	46.06658283237476	0.2362361966063634	1.3987376579139255	0.4470737791828381	0.5270232941613685	1.7537267681820587	1.7200656723346357	0.9424739752626057	0.8385341722200716	0.9114945856914626	0.6812963136456656	0.9692178409884377	-108.65505197697794	0.048083686060833956	0.8849039765424889	0.15651812740160306	47.60492582456603	8	0.5962092052134744	0.025365681353391553	0.0010328560437523199	0.3773922573893814	
97000	-548731.9171412635	-548612.3868603972	-119.53028086635797	-548612.3868603972	35.45561479761602	0.1882986223002162	1.3987376579139255	0.4338855500328413	0.5270232941613685	1.7537267681820587	1.7200656723346357	0.7788876436887874	0.6634767381512456	0.751476958720895	0.32247947255310266	0.7276632136056731	-95.51521636596392	0.04390436351315994	0.9106213426794308	0.15236719325105208	39.60322168527888	11	0.5962092052134744	0.025365681353391553	0.0010328560437523199	0.3773922573893814	
98000	-587936.1272707939	-587803.1384682051	-132.9888025887845	-587803.1384682051	35.16390836637631	0.1882986223002162	1.3987376579139255	0.4338855500328413	0.5270232941613685	1.7576108435268394	1.7200656723346357	0.5904549830644608	0.06705099479730516	0.5949092737122587	0.0016229611781298306	0.06813184200301216	-111.13860741992168	0.061077402643642455	0.8358852561795657	0.21235459651519784	43.431618725583796	4	0.5226958814894659	0.025365681353391553	0.0010328560437523199	0.45090558111338996	
99000	-595343.1508580758	-595205.1520096306	-137.99884844525167	-595205.1520096306	36.3063597699992	0.1882986223002162	1.3987376579139255	0.4338855500328413	0.5270232941613685	1.7576108435268394	1.7200656723346357	0.5904549830644608	0.8394170553227797	0.5501634952279298	0.2042029561822381	0.822190053218518	-116.2270875468773	0.07195770719055408	0.8647314840621706	0.12223357729597864	50.856838224747406	4	0.5226958814894659	0.025365681353391553	0.0010328560437523199	0.45090558111338996	
100000	-541337.0251521822	-541200.4509379969	-136.57421418539306	-541200.4509379969	38.561543678837054	0.1882986223002162	1.3987376579139255	0.4338855500328413	0.5270232941613685	1.7576108435268394	1.7200656723346357	0.4242988441073079	0.4953430519063536	0.4400827023474075	0.05278675993995607	0.5097464175323221	-113.62297077508454	0.036779934808522215	0.9143625615108787	0.15245800887835795	41.19808868642587	5	0.5226958814894659	0.025365681353391553	0.0010328560437523199	0.45090558111338996	
