Sample	likelihood	
0	-192560.89358602648	
100	-192560.76780646527	
200	-192558.50543262108	
300	-192560.34597988456	
400	-192560.2755468939	
500	-192561.44043271453	
600	-192561.35751919044	
700	-192562.54112313144	
800	-192561.5313131445	
900	-192559.82377050028	
1000	-192559.86178264322	
1100	-192559.84516026097	
1200	-192559.08509212596	
1300	-192559.09986837965	
1400	-192557.59464005218	
1500	-192557.93304940613	
1600	-192558.91187160788	
1700	-192560.10559069514	
1800	-192560.68528587336	
1900	-192561.3836944835	
2000	-192559.94910500152	
2100	-192560.30578261637	
2200	-192546.64143917884	
2300	-192546.64143917884	
2400	-192548.573893403	
2500	-192549.78710063902	
2600	-192550.32319682237	
2700	-192551.14849133883	
2800	-192551.14849133883	
2900	-192551.14849133883	
3000	-192551.77220736095	
3100	-192551.68703338088	
3200	-192555.08885032445	
3300	-192556.02022561064	
3400	-192556.193775896	
3500	-192554.4425053198	
3600	-192550.6907141661	
3700	-192551.21610901036	
3800	-192553.67603677342	
3900	-192554.0464781809	
4000	-192553.33260844654	
4100	-192556.46685005422	
4200	-192556.76557521336	
4300	-192556.75580278633	
4400	-192557.22870413348	
4500	-192555.9850024301	
4600	-192552.32417390993	
4700	-192556.55075728637	
4800	-192556.55075728637	
4900	-192553.13947308913	
5000	-192548.077554004	
5100	-192547.45589981246	
5200	-192547.45589981246	
5300	-192549.82305070315	
5400	-192549.82305070315	
5500	-192552.1249102696	
5600	-192551.8164635061	
5700	-192556.04902445225	
5800	-192549.1299984126	
5900	-192547.95487391096	
6000	-192548.32862645132	
6100	-192548.32862645132	
6200	-192548.32862645132	
6300	-192549.1194250105	
6400	-192548.87004790409	
6500	-192552.0084826758	
6600	-192550.24379044797	
6700	-192550.81104632615	
6800	-192546.79866703827	
6900	-192546.59847542454	
7000	-192546.42716695703	
7100	-192544.93410012638	
7200	-192546.79135074394	
7300	-192547.20040688996	
7400	-192550.6728155042	
7500	-192550.4574653404	
7600	-192550.91112713417	
7700	-192550.91112713417	
7800	-192550.83512144568	
7900	-192551.41239693272	
8000	-192552.40780441684	
8100	-192553.47999162905	
8200	-192553.50364435394	
8300	-192524.40241654855	
8400	-192523.36606548764	
8500	-192522.58189861005	
8600	-192521.5476482246	
8700	-192520.8532673646	
8800	-192520.56362352837	
8900	-192518.95343455873	
9000	-192517.54886321898	
9100	-192520.08907370034	
9200	-192521.73893749094	
9300	-192521.15837574285	
9400	-192521.15837574285	
9500	-192520.2161331294	
9600	-192519.26823459988	
9700	-192522.0822932	
9800	-192527.34022029542	
9900	-192525.22806328122	
10000	-192525.31238570483	
10100	-192522.5760252069	
10200	-192522.88763305155	
10300	-192522.88763305155	
10400	-192523.76217403484	
10500	-192522.43190783804	
10600	-192518.12135263195	
10700	-192520.35679403192	
10800	-192520.28724228678	
10900	-192521.4606648706	
11000	-192522.28072163922	
11100	-192525.66729355164	
11200	-192524.15590479746	
11300	-192521.7723498559	
11400	-192521.10979452185	
11500	-192521.2380718795	
11600	-192522.18151081816	
11700	-192523.93963568396	
11800	-192523.62464932218	
11900	-192526.09246010482	
12000	-192529.74372092893	
12100	-192527.63070229435	
12200	-192526.22550924908	
12300	-192528.28601641583	
12400	-192531.78875351223	
12500	-192533.64390457305	
12600	-192533.64390457305	
12700	-192535.34371907357	
12800	-192532.36359380113	
12900	-192532.36359380113	
13000	-192530.5997654631	
13100	-192531.03699740552	
13200	-192530.49734392084	
13300	-192528.9554144754	
13400	-192527.9503262118	
13500	-192517.1913543145	
13600	-192513.7965639488	
13700	-192513.53941447797	
13800	-192510.59921993592	
13900	-192511.7184772274	
14000	-192513.2824701377	
14100	-192509.65494511687	
14200	-192511.73288209212	
14300	-192509.54301542675	
14400	-192509.54301542675	
14500	-192508.27554085152	
14600	-192508.229718356	
14700	-192507.16998361482	
14800	-192504.7241998887	
14900	-192498.9108796356	
15000	-192498.28933083278	
15100	-192501.9581663334	
15200	-192504.40931230868	
15300	-192507.18900914714	
15400	-192505.69571064095	
15500	-192508.52723649528	
15600	-192508.4541502948	
15700	-192508.17937321198	
15800	-192506.94660863647	
15900	-192507.67820581206	
16000	-192506.8759952916	
16100	-192507.65466128173	
16200	-192487.65588464352	
16300	-192487.74255496764	
16400	-192487.17999049573	
16500	-192487.23108684545	
16600	-192487.65884641843	
16700	-192486.91462809037	
16800	-192484.43842825448	
16900	-192484.663513386	
17000	-192484.08817838997	
17100	-192487.8288359117	
17200	-192488.92637163898	
17300	-192489.87491441998	
17400	-192490.98240565526	
17500	-192493.43730981514	
17600	-192493.43730981514	
17700	-192494.82669776087	
17800	-192494.50735271085	
17900	-192489.87028963	
18000	-192489.0444068187	
18100	-192488.884945268	
18200	-192488.95002501772	
18300	-192488.82893925402	
18400	-192489.24297269594	
18500	-192488.73497256942	
18600	-192488.5355304347	
18700	-192488.33782697015	
18800	-192495.15915653575	
18900	-192494.0600902408	
19000	-192452.52219182995	
19100	-192454.13695979174	
19200	-192458.89154725496	
19300	-192459.82199855373	
19400	-192456.45561736342	
19500	-192452.29577609288	
19600	-192452.0209994543	
19700	-192451.44131800588	
19800	-192452.02389531845	
19900	-192448.8418954411	
20000	-192446.76735133518	
20100	-192449.27072967362	
20200	-192448.77181908296	
20300	-192449.13937256168	
20400	-192448.4308588255	
20500	-192448.20800538093	
20600	-192448.49762797583	
20700	-192450.23196128578	
20800	-192451.51721969387	
20900	-192451.51721969387	
21000	-192449.25028273356	
21100	-192446.8806915363	
21200	-192446.95963947623	
21300	-192447.21420008235	
21400	-192447.21420008235	
21500	-192447.10625561816	
21600	-192447.23084196696	
21700	-192445.65710099987	
21800	-192445.65710099987	
21900	-192443.44817482523	
22000	-192442.8064887891	
22100	-192442.7606742758	
22200	-192442.60988314828	
22300	-192444.00728666768	
22400	-192444.64917136004	
22500	-192444.28706283995	
22600	-192440.59875874774	
22700	-192442.28530431294	
22800	-192441.77803445706	
22900	-192441.9751703695	
23000	-192439.83810647158	
23100	-192439.8296957436	
23200	-192441.83977189634	
23300	-192441.00268585834	
23400	-192439.21928985533	
23500	-192439.15646624798	
23600	-192439.15646624798	
23700	-192439.51612052284	
23800	-192440.38268728348	
23900	-192442.011428054	
24000	-192442.36633779856	
24100	-192442.09618470308	
24200	-192441.46767355024	
24300	-192441.46767355024	
24400	-192445.8069801866	
24500	-192445.8069801866	
24600	-192446.69233190722	
24700	-192447.5251497426	
24800	-192449.92411885742	
24900	-192452.87237886255	
25000	-192450.91011448554	
25100	-192450.4839586385	
25200	-192447.92721488528	
25300	-192450.86189440652	
25400	-192451.24447541506	
25500	-192451.29094311912	
25600	-192448.6516322663	
25700	-192449.4547230502	
25800	-192449.4547230502	
25900	-192447.48591143067	
26000	-192445.7585653929	
26100	-192445.7585653929	
26200	-192449.58463473577	
26300	-192446.98223427712	
26400	-192447.03385834466	
26500	-192448.65175447892	
26600	-192449.46021232993	
26700	-192447.11847655353	
26800	-192447.11847655353	
26900	-192445.26287762742	
27000	-192445.20668047006	
27100	-192445.20668047006	
27200	-192445.28814622646	
27300	-192444.259388865	
27400	-192441.98398426443	
27500	-192441.0727598056	
27600	-192437.66242474542	
27700	-192437.79405340715	
27800	-192437.7123670037	
27900	-192437.7123670037	
28000	-192437.61653660692	
28100	-192438.1365942378	
28200	-192437.78852532274	
28300	-192439.16442148306	
28400	-192439.87059238087	
28500	-192439.87059238087	
28600	-192439.87059238087	
28700	-192439.7283303814	
28800	-192441.97201888793	
28900	-192442.8197631286	
29000	-192440.09605319012	
29100	-192440.28980744001	
29200	-192440.13357101454	
29300	-192440.1778232215	
29400	-192442.04311337092	
29500	-192442.4731092791	
29600	-192441.9749952585	
29700	-192434.02499115732	
29800	-192435.81695628853	
29900	-192437.33814939178	
30000	-192442.63136134055	
30100	-192441.6929595647	
30200	-192440.6863404998	
30300	-192438.48160341688	
30400	-192440.40084430063	
30500	-192437.4453952106	
30600	-192435.80441932374	
30700	-192435.90057333035	
30800	-192435.35557787342	
30900	-192436.53705704646	
31000	-192436.15516213526	
31100	-192435.25979910174	
31200	-192435.9456805347	
31300	-192437.1191814096	
31400	-192433.92144027716	
31500	-192433.93895689776	
31600	-192429.37205587368	
31700	-192428.27888074267	
31800	-192428.27888074267	
31900	-192428.84539148936	
32000	-192429.1574986267	
32100	-192428.55293671374	
32200	-192429.7411997015	
32300	-192425.63058173915	
32400	-192425.7373878581	
32500	-192423.9710315655	
32600	-192421.90053830703	
32700	-192426.6042873744	
32800	-192431.0928487335	
32900	-192425.19021793595	
33000	-192419.03495675046	
33100	-192422.42932175152	
33200	-192422.42932175152	
33300	-192422.2542827702	
33400	-192422.12148258643	
33500	-192420.61296728769	
33600	-192421.55032708714	
33700	-192414.72801987582	
33800	-192414.7283792661	
33900	-192412.90931025348	
34000	-192413.19259429415	
34100	-192411.35925544408	
34200	-192410.81009745898	
34300	-192412.05782763034	
34400	-192411.41853854212	
34500	-192411.41853854212	
34600	-192411.56346675873	
34700	-192414.08132710325	
34800	-192414.27587532907	
34900	-192414.61194582892	
35000	-192414.61194582892	
35100	-192414.61194582892	
35200	-192414.31333736982	
35300	-192414.02752435426	
35400	-192414.1292836901	
35500	-192413.95406113108	
35600	-192413.75476298388	
35700	-192412.92022088225	
35800	-192413.4988906205	
35900	-192414.5816454179	
36000	-192415.13215616264	
36100	-192412.86472503468	
36200	-192410.85578158672	
36300	-192411.90076057208	
36400	-192411.40272293	
36500	-192413.4423863724	
36600	-192409.53538147325	
36700	-192409.68473443383	
36800	-192409.68473443383	
36900	-192409.68473443383	
37000	-192409.68473443383	
37100	-192409.78372754777	
37200	-192412.13309457773	
37300	-192413.35637117652	
37400	-192412.98731806973	
37500	-192408.10454159885	
37600	-192411.32830157317	
37700	-192412.8764840661	
37800	-192412.5081968359	
37900	-192412.32971126502	
38000	-192410.79743558113	
38100	-192412.87490791103	
38200	-192413.7795959868	
38300	-192418.0351135047	
38400	-192418.59178191517	
38500	-192419.13386344543	
38600	-192417.14579944083	
38700	-192417.12569668473	
38800	-192417.1918978542	
38900	-192417.2580764982	
39000	-192417.04509906148	
39100	-192415.99509496646	
39200	-192415.20890449357	
39300	-192413.10589654412	
39400	-192413.10589654412	
39500	-192414.0587044473	
39600	-192416.66123294947	
39700	-192415.34503782674	
39800	-192415.23017176744	
39900	-192413.91526338115	
40000	-192413.4438022499	
40100	-192413.7560723179	
40200	-192417.12464840699	
40300	-192417.56107064325	
40400	-192420.2628890129	
40500	-192415.45126955138	
40600	-192415.16343799085	
40700	-192411.65861105453	
40800	-192411.67673798383	
40900	-192412.14697046462	
41000	-192400.06982328816	
41100	-192399.80203240694	
41200	-192399.07082240834	
41300	-192399.93744543337	
41400	-192399.7663296737	
41500	-192398.32870866664	
41600	-192398.66267570367	
41700	-192398.66267570367	
41800	-192397.98844275207	
41900	-192398.63337275558	
42000	-192397.50076425725	
42100	-192398.0786118979	
42200	-192398.78585721966	
42300	-192395.90699398343	
42400	-192398.03903352912	
42500	-192398.30679849477	
42600	-192398.81884212405	
42700	-192398.09487251448	
42800	-192397.48589272363	
42900	-192397.52092533297	
43000	-192397.54218498457	
43100	-192399.67163899352	
43200	-192401.25430518267	
43300	-192396.8504101108	
43400	-192396.99714558208	
43500	-192395.1114903092	
43600	-192395.30079783252	
43700	-192395.2383633339	
43800	-192393.39076935983	
43900	-192394.545576886	
44000	-192396.77399997317	
44100	-192395.7783814482	
44200	-192395.3475635634	
44300	-192394.6045298285	
44400	-192393.79641751508	
44500	-192391.41815135776	
44600	-192390.4759990989	
44700	-192390.4759990989	
44800	-192398.42118075443	
44900	-192396.70725138142	
45000	-192401.13080958484	
45100	-192397.21525216833	
45200	-192400.28945815345	
45300	-192401.20817355995	
45400	-192403.2408459546	
45500	-192404.38709035743	
45600	-192403.68148954108	
45700	-192403.68148954108	
45800	-192405.82754258887	
45900	-192405.82754258887	
46000	-192403.31914252642	
46100	-192402.0380060861	
46200	-192401.47782668375	
46300	-192396.4504649258	
46400	-192395.35503873735	
46500	-192392.21553128655	
46600	-192392.21553128655	
46700	-192390.0446297038	
46800	-192388.72557211213	
46900	-192389.16621466257	
47000	-192392.52189689357	
47100	-192392.46526475408	
47200	-192393.25345197343	
47300	-192393.3691536562	
47400	-192393.7755368453	
47500	-192394.56046476262	
47600	-192393.80356581433	
47700	-192393.35583371884	
47800	-192391.8465090946	
47900	-192391.37079629005	
48000	-192393.31175814825	
48100	-192398.72144812587	
48200	-192397.02430876586	
48300	-192396.10243689254	
48400	-192394.84775018287	
48500	-192396.03923586573	
48600	-192396.9603593972	
48700	-192397.0425169762	
48800	-192396.2833610923	
48900	-192393.61205113796	
49000	-192393.03730798973	
49100	-192393.82137836813	
49200	-192393.45193938768	
49300	-192392.33761328182	
49400	-192393.5161136351	
49500	-192392.65548658292	
49600	-192391.51474843555	
49700	-192390.90251275955	
49800	-192385.6097772768	
49900	-192383.761049047	
50000	-192384.3312962585	
50100	-192384.24493033698	
50200	-192383.66350719484	
50300	-192382.39541617394	
50400	-192384.33792574191	
50500	-192384.25727437402	
50600	-192384.75273225427	
50700	-192384.47008302677	
50800	-192382.21293565328	
50900	-192385.99908293126	
51000	-192386.63941920997	
51100	-192386.63941920997	
51200	-192390.49249736292	
51300	-192392.9254417834	
51400	-192392.7839494203	
51500	-192391.89195472974	
51600	-192393.0891228588	
51700	-192395.0568387409	
51800	-192393.66052653966	
51900	-192391.20957258373	
52000	-192391.35069983118	
52100	-192394.29029181506	
52200	-192386.05682089948	
52300	-192382.97980228183	
52400	-192382.39438944752	
52500	-192381.83868536886	
52600	-192381.4828123848	
52700	-192380.78664317055	
52800	-192381.05081409749	
52900	-192376.78701355009	
53000	-192378.3595948289	
53100	-192377.11110989648	
53200	-192379.05176197842	
53300	-192382.52007667656	
53400	-192382.8876761034	
53500	-192384.24118958777	
53600	-192383.61044655234	
53700	-192383.61044655234	
53800	-192388.39279443474	
53900	-192388.6040951619	
54000	-192391.11879507807	
54100	-192392.79474811745	
54200	-192384.05548665038	
54300	-192387.21526790204	
54400	-192378.03713313217	
54500	-192375.20179824423	
54600	-192374.09226969728	
54700	-192379.4251056842	
54800	-192379.43458680756	
54900	-192379.65605320758	
55000	-192374.4671996979	
55100	-192375.27443702077	
55200	-192375.50821971052	
55300	-192373.76664331212	
55400	-192373.80349854223	
55500	-192370.08841032936	
55600	-192370.83300578565	
55700	-192370.55061445813	
55800	-192367.2972094164	
55900	-192365.19819202207	
56000	-192364.06793017825	
56100	-192364.5061577159	
56200	-192365.29660856194	
56300	-192364.38355858423	
56400	-192364.9259400477	
56500	-192363.79177368525	
56600	-192363.25455001538	
56700	-192363.25455001538	
56800	-192364.68468171082	
56900	-192364.93171456244	
57000	-192365.8255420294	
57100	-192364.63031542013	
57200	-192365.2241782551	
57300	-192365.36620538484	
57400	-192369.7076142282	
57500	-192368.00819115373	
57600	-192371.63570157133	
57700	-192368.24162757993	
57800	-192367.510275345	
57900	-192366.73329608387	
58000	-192367.1142339335	
58100	-192368.75525422496	
58200	-192367.96111204082	
58300	-192368.36689771552	
58400	-192368.69830473603	
58500	-192367.84161452187	
58600	-192367.3861681884	
58700	-192368.87630289304	
58800	-192365.51810091056	
58900	-192364.15199275422	
59000	-192367.87320223323	
59100	-192368.02314305067	
59200	-192366.8458989688	
59300	-192364.4893761552	
59400	-192364.4893761552	
59500	-192363.49698630616	
59600	-192365.8639947427	
59700	-192361.6058470497	
59800	-192362.1454761168	
59900	-192360.61692282182	
60000	-192360.32729030418	
60100	-192362.12391086612	
60200	-192362.58081997253	
60300	-192363.59014354442	
60400	-192363.57593377688	
60500	-192362.2474478708	
60600	-192362.75416523925	
60700	-192362.75416523925	
60800	-192362.75416523925	
60900	-192362.99951470588	
61000	-192361.50605266754	
61100	-192361.8585864588	
61200	-192360.84034613488	
61300	-192362.545821654	
61400	-192362.39674411356	
61500	-192363.0982554255	
61600	-192362.7761725886	
61700	-192362.1731038178	
61800	-192361.70361443286	
61900	-192362.50666020755	
62000	-192363.52218056275	
62100	-192363.52218056275	
62200	-192362.72863317898	
62300	-192363.198571807	
62400	-192361.5738086868	
62500	-192360.47593460552	
62600	-192359.371624295	
62700	-192361.00616339126	
62800	-192361.00259073699	
62900	-192360.5662733843	
63000	-192360.60296893885	
63100	-192361.64882873147	
63200	-192361.4889511599	
63300	-192360.05258673872	
63400	-192358.29370968946	
63500	-192361.82079185187	
63600	-192365.49190586782	
63700	-192365.21247809168	
63800	-192365.23610067036	
63900	-192365.33184936666	
64000	-192364.5942960315	
64100	-192364.06804745537	
64200	-192364.567962282	
64300	-192364.64907668895	
64400	-192367.5563014378	
64500	-192367.95536845646	
64600	-192367.27226873115	
64700	-192369.01053441392	
64800	-192368.29302679733	
64900	-192369.29785837396	
65000	-192369.3209053696	
65100	-192369.79623311353	
65200	-192370.1489962323	
65300	-192365.95338356312	
65400	-192362.95608703064	
65500	-192362.18748761588	
65600	-192361.31093190028	
65700	-192361.6813665839	
65800	-192361.99583574853	
65900	-192360.62235958315	
66000	-192361.22953680583	
66100	-192360.05372370343	
66200	-192361.8274302926	
66300	-192361.9440879172	
66400	-192361.97804885032	
66500	-192362.96336853653	
66600	-192362.96336853653	
66700	-192362.96336853653	
66800	-192361.03900082732	
66900	-192361.83588778967	
67000	-192362.74733827563	
67100	-192362.60868116672	
67200	-192362.67329740323	
67300	-192362.47252786398	
67400	-192360.68498914267	
67500	-192360.6658245535	
67600	-192360.27221358326	
67700	-192360.27221358326	
67800	-192360.27221358326	
67900	-192360.70773786763	
68000	-192361.44176321354	
68100	-192362.6171687404	
68200	-192358.65813155106	
68300	-192358.3345512133	
68400	-192358.98440829472	
68500	-192364.14222098025	
68600	-192360.36753458765	
68700	-192361.7123848536	
68800	-192359.65281285727	
68900	-192361.287951705	
69000	-192361.39743338487	
69100	-192361.54955388795	
69200	-192362.8836192515	
69300	-192362.8836192515	
69400	-192365.02736494772	
69500	-192365.12010977636	
69600	-192365.3026869316	
69700	-192363.08159599622	
69800	-192363.72150377056	
69900	-192364.35400738043	
70000	-192364.35400738043	
70100	-192362.7575858512	
70200	-192362.431842943	
70300	-192362.431842943	
70400	-192363.97893282687	
70500	-192364.32432498215	
70600	-192363.15927653408	
70700	-192362.06601776567	
70800	-192361.91973399054	
70900	-192361.40427268425	
71000	-192361.35166668563	
71100	-192360.5616458929	
71200	-192360.57205040278	
71300	-192360.57205040278	
71400	-192360.2318580708	
71500	-192361.56400023866	
71600	-192366.48523887098	
71700	-192368.60425849218	
71800	-192368.60425849218	
71900	-192368.34639949666	
72000	-192372.17095834756	
72100	-192373.2155555532	
72200	-192373.2155555532	
72300	-192373.74690047238	
72400	-192369.0671140733	
72500	-192369.0671140733	
72600	-192368.7610302793	
72700	-192368.13822256794	
72800	-192367.61454981726	
72900	-192368.00275288612	
73000	-192368.3943793113	
73100	-192369.34108846547	
73200	-192367.00359303053	
73300	-192369.80861742052	
73400	-192369.10327211107	
73500	-192367.34582253947	
73600	-192364.37980421804	
73700	-192364.37980421804	
73800	-192364.5003818468	
73900	-192366.52626255414	
74000	-192366.59750133858	
74100	-192367.35184791376	
74200	-192366.53864912398	
74300	-192354.06772395375	
74400	-192355.81817401032	
74500	-192349.16813009875	
74600	-192349.16813009875	
74700	-192348.17789072907	
74800	-192348.4133111164	
74900	-192339.81775089688	
75000	-192339.86656574602	
75100	-192338.4941336117	
75200	-192339.66157457177	
75300	-192338.84125863944	
75400	-192343.3221404517	
75500	-192343.3221404517	
75600	-192340.13576754995	
75700	-192338.58294418958	
75800	-192336.872120757	
75900	-192336.16767789223	
76000	-192334.08235796916	
76100	-192331.36760649394	
76200	-192331.57149045198	
76300	-192328.88251656928	
76400	-192328.09574371966	
76500	-192328.01189574916	
76600	-192328.01189574916	
76700	-192329.53882692425	
76800	-192329.6552717918	
76900	-192329.6552717918	
77000	-192332.02783018185	
77100	-192333.5643738219	
77200	-192336.4099529206	
77300	-192336.03087593088	
77400	-192333.1520449571	
77500	-192333.38343564514	
77600	-192331.93093592933	
77700	-192331.58754107493	
77800	-192331.73164779792	
77900	-192336.61844367717	
78000	-192337.36215997546	
78100	-192336.5437936729	
78200	-192336.7351696583	
78300	-192335.5004460699	
78400	-192335.20333101752	
78500	-192327.14576605905	
78600	-192330.3880401385	
78700	-192320.10688702896	
78800	-192317.47388507932	
78900	-192314.00653544374	
79000	-192317.03677517988	
79100	-192316.38828359763	
79200	-192303.9113832809	
79300	-192290.75952459828	
79400	-192291.87407694667	
79500	-192289.64368158663	
79600	-192291.35800591082	
79700	-192293.08037165808	
79800	-192291.2260997191	
79900	-192290.30822937097	
80000	-192288.2476513185	
80100	-192288.4493114546	
80200	-192283.98952832312	
80300	-192284.34403011683	
80400	-192280.72573059116	
80500	-192280.3320776849	
80600	-192278.90531703533	
80700	-192278.98642310398	
80800	-192278.90147299206	
80900	-192278.88398364742	
81000	-192280.372331102	
81100	-192278.05144650876	
81200	-192279.53157415998	
81300	-192279.7861019696	
81400	-192278.96357070448	
81500	-192280.39365548943	
81600	-192280.6830222482	
81700	-192280.70066723434	
81800	-192270.4019734412	
81900	-192270.42358480173	
82000	-192264.29649674502	
82100	-192264.29649674502	
82200	-192263.2953442562	
82300	-192263.12031961392	
82400	-192258.4664905679	
82500	-192259.14537766913	
82600	-192252.04671156127	
82700	-192252.2344785401	
82800	-192254.3194110502	
82900	-192254.19147784237	
83000	-192254.19147784237	
83100	-192254.19147784237	
83200	-192254.11152522563	
83300	-192254.7077141716	
83400	-192253.62999125264	
83500	-192254.20045207886	
83600	-192252.3174658982	
83700	-192252.15053861475	
83800	-192255.1306686879	
83900	-192255.3562735907	
84000	-192255.66958573452	
84100	-192253.106079788	
84200	-192253.54965671868	
84300	-192253.54060204446	
84400	-192252.7698711649	
84500	-192251.62862889605	
84600	-192250.7596545677	
84700	-192253.96819063227	
84800	-192256.39026371215	
84900	-192259.62049843397	
85000	-192261.00995887324	
85100	-192261.00995887324	
85200	-192259.7122707267	
85300	-192259.42024055574	
85400	-192258.41335339003	
85500	-192256.738147957	
85600	-192256.79779573047	
85700	-192257.4258099295	
85800	-192257.8583530911	
85900	-192260.41820231447	
86000	-192268.0708574029	
86100	-192269.212655628	
86200	-192270.17279436815	
86300	-192264.6297463341	
86400	-192264.7494316711	
86500	-192267.1594171333	
86600	-192263.93682059855	
86700	-192262.42563192252	
86800	-192263.2509162081	
86900	-192264.01133033674	
87000	-192266.54871100854	
87100	-192266.34778214234	
87200	-192265.7784475086	
87300	-192265.6584965956	
87400	-192263.01558111754	
87500	-192260.9681231583	
87600	-192257.66276486596	
87700	-192258.6482528823	
87800	-192258.26303313125	
87900	-192258.26303313125	
88000	-192256.9485387183	
88100	-192257.02908273076	
88200	-192261.8940964112	
88300	-192262.4835031124	
88400	-192263.08868046172	
88500	-192256.1874485441	
88600	-192261.74849578572	
88700	-192261.74849578572	
88800	-192260.46223550878	
88900	-192259.4588852535	
89000	-192259.7198151181	
89100	-192258.92740964796	
89200	-192257.59784416706	
89300	-192258.06801195734	
89400	-192256.13772253282	
89500	-192253.34639233616	
89600	-192253.82756316787	
89700	-192254.63347915743	
89800	-192251.05074900604	
89900	-192253.1294117433	
90000	-192251.38507303802	
90100	-192251.38507303802	
90200	-192251.01399927353	
90300	-192250.68025761706	
90400	-192250.6080473195	
90500	-192250.54966493993	
90600	-192249.15974378042	
90700	-192253.24174961483	
90800	-192254.67505800075	
90900	-192255.8135454694	
91000	-192256.3695768588	
91100	-192254.76572537498	
91200	-192255.25568916026	
91300	-192255.60572297053	
91400	-192256.02572335224	
91500	-192252.8208155389	
91600	-192252.24619462746	
91700	-192250.31909362116	
91800	-192250.13767379484	
91900	-192249.9058587119	
92000	-192249.98172913725	
92100	-192250.74434530098	
92200	-192250.78606735702	
92300	-192248.32174673557	
92400	-192248.6808021396	
92500	-192251.55226851412	
92600	-192252.55114427645	
92700	-192252.7355640661	
92800	-192252.27582443441	
92900	-192254.826969276	
93000	-192256.19824454977	
93100	-192255.03682997884	
93200	-192256.53398529472	
93300	-192257.01012849633	
93400	-192254.63183527754	
93500	-192253.95913083313	
93600	-192253.4638509513	
93700	-192251.46750464302	
93800	-192252.11562149058	
93900	-192252.65966492874	
94000	-192253.0351334596	
94100	-192253.0351334596	
94200	-192248.00942627495	
94300	-192248.9663357256	
94400	-192253.74406958796	
94500	-192252.65793425834	
94600	-192250.4495145124	
94700	-192251.37278112659	
94800	-192249.5284631217	
94900	-192247.74244027463	
95000	-192250.6289276632	
95100	-192253.98454120557	
95200	-192254.9234310033	
95300	-192254.9234310033	
95400	-192254.47959792678	
95500	-192251.75243686652	
95600	-192253.90190638998	
95700	-192254.34197879702	
95800	-192253.70352265675	
95900	-192253.70849554118	
96000	-192254.36373147892	
96100	-192255.6214646475	
96200	-192255.15785456577	
96300	-192254.8911234684	
96400	-192256.96680649676	
96500	-192255.2337956664	
96600	-192252.37700462443	
96700	-192252.37700462443	
96800	-192250.57127769061	
96900	-192250.57127769061	
97000	-192249.9865413608	
97100	-192249.52357879645	
97200	-192249.52357879645	
97300	-192252.2297753339	
97400	-192252.2297753339	
97500	-192251.02538194586	
97600	-192251.86208229387	
97700	-192248.50455061445	
97800	-192247.1275680022	
97900	-192246.86709880838	
98000	-192247.48997349132	
98100	-192247.26346557046	
98200	-192248.9096436346	
98300	-192248.70607109365	
98400	-192248.68955037175	
98500	-192248.55174230045	
98600	-192248.25184810083	
98700	-192248.46005466036	
98800	-192248.67659204843	
98900	-192248.67659204843	
99000	-192249.1903041556	
99100	-192249.19382255	
99200	-192249.14353302532	
99300	-192248.90202806582	
99400	-192247.14004806936	
99500	-192246.14502172315	
99600	-192246.14463020072	
99700	-192246.02497196605	
99800	-192243.74328968007	
99900	-192244.20465438915	
100000	-192244.01598507748	
