#
#model:
#
#<?xml version="1.0" encoding="UTF-8" standalone="no"?><input id="posterior" spec="beast.core.util.CompoundDistribution">
#    <distribution id="prior" spec="beast.core.util.CompoundDistribution">
#        <distribution conditionOnRhoSampling="true" id="FBD.t:seq_fossil_sele" spec="beast.evolution.speciation.SABirthDeathModel">
#            <parameter id="originFBD.t:seq_fossil_sele" lower="0.0" name="origin">100.0</parameter>
#            <parameter id="diversificationRateFBD.t:seq_fossil_sele" lower="0.0" name="diversificationRate">1.0</parameter>
#            <parameter id="turnoverFBD.t:seq_fossil_sele" lower="0.0" name="turnover" upper="1.0">0.5</parameter>
#            <parameter id="samplingProportionFBD.t:seq_fossil_sele" lower="0.0" name="samplingProportion" upper="1.0">0.5</parameter>
#            <parameter id="rFBD.t:seq_fossil_sele" lower="0.0" name="removalProbability" upper="1.0">0.0</parameter>
#            <parameter estimate="false" id="rhoFBD.t:seq_fossil_sele" lower="0.0" name="rho" upper="1.0">1.0</parameter>
#            <tree id="Tree.t:seq_fossil_sele">
#                <trait id="dateTrait.t:seq_fossil_sele" spec="beast.evolution.tree.TraitSet" traitname="date-forward">
#                FJ785425_1|Saimiri_sciureus|Primates|31.5=31.5,
#FJ785424_1|Saguinus_oedipus|Primates|31.5=31.5,
#FJ785422_1|Ateles_belzebuth|Primates|31.5=31.5,
#FJ785421_1|Aotus_lemurinus|Primates|12.1=12.1,
#FJ785423_1|Callicebus_donacophilus|Primates|31.5=31.5,
#NC_011519_1|Macaca_thibetana|Primates|5.5=5.5,
#NC_005943_1|Macaca_mulatta|Primates|5.5=5.5,
#FJ785426_1|Theropithecus_gelada|Primates|3.5=3.5,
#DQ355302_1|Pygathrix_nemaeus|Primates|10=10.0,
#DQ355298_1|Nasalis_larvatus|Primates|10=10.0,
#DQ355299_1|Presbytis_melalophos|Primates|10=10.0,
#NC_006900_1|Trachypithecus_obscurus|Primates|10=10.0,
#DQ355297_1|Semnopithecus_entellus|Primates|10=10.0,
#NC_001646_1|Pongo_pygmaeus|Primates|12.5=12.5,
#NC_001645_1|Gorilla_gorilla|Primates|10=10.0,
#FR695060_1|Homo_sp_|Primates|6=6.0,
#NC_006853_1|Bos_taurus|Non-primates|18.3=18.3,
#NC_005089_1|Mus_musculus|Non-primates|11.1=11.1,
#EF537576_1|Iphiteon_panicea|Hexactinellida|0=0.0,
#EF537577_1|Sympagella_nux|Hexactinellida|0=0.0,
#NC_010202_1|Ephydatia_muelleri|Demospongiae|0=0.0,
#NC_010201_1|Amphimedon_compressa|Demospongiae|0=0.0,
#NC_010211_1|Xestospongia_muta|Demospongiae|0=0.0,
#NC_010217_1|Plakinastrella_cf_|Homoscleromorpha|0=0.0,
#NC_035983_1|Oscarella_pearsei|Homoscleromorpha|0=0.0,
#NC_010203_1|Aplysina_fulva|Demospongiae|0=0.0                
#                                <taxa id="TaxonSet.seq_fossil_sele" spec="beast.evolution.alignment.TaxonSet">
#                    </taxa>
#                </trait>
#                <taxonset idref="TaxonSet.seq_fossil_sele"/>
#            </tree>
#        </distribution>
#        <prior id="diversificationRatePriorFBD.t:seq_fossil_sele" name="distribution" x="@diversificationRateFBD.t:seq_fossil_sele">
#            <Exponential id="Exponential.0" name="distr">
#                <parameter estimate="false" id="RealParameter.0" name="mean">1.0</parameter>
#            </Exponential>
#        </prior>
#        <prior id="GammaShapePrior.s:seq_fossil_sele" name="distribution">
#            <parameter id="gammaShape.s:seq_fossil_sele" name="x">1.0</parameter>
#            <Exponential id="Exponential.01" name="distr">
#                <parameter id="RealParameter.01" lower="0.0" name="mean" upper="0.0">1.0</parameter>
#            </Exponential>
#        </prior>
#        <prior id="originPriorFBD.t:seq_fossil_sele" name="distribution" x="@originFBD.t:seq_fossil_sele">
#            <LogNormal id="LogNormalDistributionModel.0" name="distr" offset="31.5">
#                <parameter estimate="false" id="RealParameter.02" name="M">8.5</parameter>
#                <parameter estimate="false" id="RealParameter.03" lower="0.0" name="S" upper="5.0">1.25</parameter>
#            </LogNormal>
#        </prior>
#        <prior id="RateACPrior.s:seq_fossil_sele" name="distribution">
#            <parameter id="rateAC.s:seq_fossil_sele" lower="0.0" name="x">1.0</parameter>
#            <Gamma id="Gamma.0" name="distr">
#                <parameter estimate="false" id="RealParameter.04" name="alpha">2.0</parameter>
#                <parameter estimate="false" id="RealParameter.05" name="beta">0.25</parameter>
#            </Gamma>
#        </prior>
#        <prior id="RateAGPrior.s:seq_fossil_sele" name="distribution">
#            <parameter id="rateAG.s:seq_fossil_sele" lower="0.0" name="x">1.0</parameter>
#            <Gamma id="Gamma.01" name="distr">
#                <parameter estimate="false" id="RealParameter.06" name="alpha">2.0</parameter>
#                <parameter estimate="false" id="RealParameter.07" name="beta">0.5</parameter>
#            </Gamma>
#        </prior>
#        <prior id="RateATPrior.s:seq_fossil_sele" name="distribution">
#            <parameter id="rateAT.s:seq_fossil_sele" lower="0.0" name="x">1.0</parameter>
#            <Gamma id="Gamma.02" name="distr">
#                <parameter estimate="false" id="RealParameter.08" name="alpha">2.0</parameter>
#                <parameter estimate="false" id="RealParameter.09" name="beta">0.25</parameter>
#            </Gamma>
#        </prior>
#        <prior id="RateCGPrior.s:seq_fossil_sele" name="distribution">
#            <parameter id="rateCG.s:seq_fossil_sele" lower="0.0" name="x">1.0</parameter>
#            <Gamma id="Gamma.03" name="distr">
#                <parameter estimate="false" id="RealParameter.010" name="alpha">2.0</parameter>
#                <parameter estimate="false" id="RealParameter.011" name="beta">0.25</parameter>
#            </Gamma>
#        </prior>
#        <prior id="RateGTPrior.s:seq_fossil_sele" name="distribution">
#            <parameter id="rateGT.s:seq_fossil_sele" lower="0.0" name="x">1.0</parameter>
#            <Gamma id="Gamma.04" name="distr">
#                <parameter estimate="false" id="RealParameter.012" name="alpha">2.0</parameter>
#                <parameter estimate="false" id="RealParameter.013" name="beta">0.25</parameter>
#            </Gamma>
#        </prior>
#        <prior id="samplingProportionPriorFBD.t:seq_fossil_sele" name="distribution" x="@samplingProportionFBD.t:seq_fossil_sele">
#            <Beta id="Beta.0" name="distr">
#                <parameter estimate="false" id="RealParameter.014" name="alpha">2.0</parameter>
#                <parameter estimate="false" id="RealParameter.015" name="beta">2.0</parameter>
#            </Beta>
#        </prior>
#        <prior id="turnoverPriorFBD.t:seq_fossil_sele" name="distribution" x="@turnoverFBD.t:seq_fossil_sele">
#            <Uniform id="Uniform.0" name="distr"/>
#        </prior>
#        <prior id="MeanRatePrior.c:seq_fossil_sele" name="distribution">
#            <parameter id="ucldMean.c:seq_fossil_sele" name="x">1.0</parameter>
#            <Exponential id="Exponential.02" name="distr">
#                <parameter estimate="false" id="RealParameter.016" name="mean">1.0</parameter>
#            </Exponential>
#        </prior>
#        <prior id="ucldStdevPrior.c:seq_fossil_sele" name="distribution">
#            <parameter id="ucldStdev.c:seq_fossil_sele" lower="0.0" name="x">0.1</parameter>
#            <Exponential id="Exponential.03" name="distr">
#                <parameter estimate="false" id="RealParameter.017" name="mean">1.0</parameter>
#            </Exponential>
#        </prior>
#    </distribution>
#    <distribution id="likelihood" spec="beast.core.util.CompoundDistribution">
#        <distribution data="@seq_fossil_sele" id="treeLikelihood.seq_fossil_sele" spec="beast.evolution.likelihood.TreeLikelihood" tree="@Tree.t:seq_fossil_sele">
#            <siteModel gammaCategoryCount="4" id="SiteModel.s:seq_fossil_sele" shape="@gammaShape.s:seq_fossil_sele" spec="beast.evolution.sitemodel.SiteModel">
#                <parameter estimate="false" id="mutationRate.s:seq_fossil_sele" name="mutationRate">1.0</parameter>
#                <parameter estimate="false" id="proportionInvariant.s:seq_fossil_sele" lower="0.0" name="proportionInvariant" upper="1.0">0.0</parameter>
#                <substModel id="gtr.s:seq_fossil_sele" rateAC="@rateAC.s:seq_fossil_sele" rateAG="@rateAG.s:seq_fossil_sele" rateAT="@rateAT.s:seq_fossil_sele" rateCG="@rateCG.s:seq_fossil_sele" rateGT="@rateGT.s:seq_fossil_sele" spec="beast.evolution.substitutionmodel.GTR">
#                    <parameter estimate="false" id="rateCT.s:seq_fossil_sele" lower="0.0" name="rateCT">1.0</parameter>
#                    <frequencies id="estimatedFreqs.s:seq_fossil_sele" spec="beast.evolution.substitutionmodel.Frequencies">
#                        <parameter dimension="4" id="freqParameter.s:seq_fossil_sele" lower="0.0" name="frequencies" upper="1.0">0.25</parameter>
#                    </frequencies>
#                </substModel>
#            </siteModel>
#            <branchRateModel clock.rate="@ucldMean.c:seq_fossil_sele" id="RelaxedClock.c:seq_fossil_sele" spec="beast.evolution.branchratemodel.UCRelaxedClockModel" tree="@Tree.t:seq_fossil_sele">
#                <LogNormal S="@ucldStdev.c:seq_fossil_sele" id="LogNormalDistributionModel.c:seq_fossil_sele" meanInRealSpace="true" name="distr">
#                    <parameter estimate="false" id="RealParameter.018" lower="0.0" name="M" upper="1.0">1.0</parameter>
#                </LogNormal>
#                <rateCategories dimension="50" id="rateCategories.c:seq_fossil_sele" spec="beast.core.parameter.IntegerParameter">1</rateCategories>
#            </branchRateModel>
#        </distribution>
#    </distribution>
#</input>
#
Sample	posterior	likelihood	prior	treeLikelihood	TreeHeight	rateAC	rateAG	rateAT	rateCG	rateGT	gammaShape	ucldMean	ucldStdev	rate.mean	rate.variance	rate.coefficientOfVariation	FBD	diversificationRateFBD	turnoverFBD	samplingProportionFBD	originFBD	SACountFBD	freqParameter.1	freqParameter.2	freqParameter.3	freqParameter.4	
0	-192665.9547979791	-192560.89358602648	-105.06121195262082	-192560.89358602648	34.25700217159976	0.2024517243885255	0.5856515963546461	0.11461269648533097	0.075324818692927	0.09212416969299969	0.631389845448893	0.8633661628698108	1.9369602603107705	0.2173806460547144	0.9746867383812735	1.7707421916884978	-82.69856973858307	0.07751192721628082	0.9306129463384063	0.07341591992683286	36.341065621261635	0	0.3271667702180613	0.21245693217393763	0.1538670072042471	0.3065092904037539	
1000	-192665.36814105374	-192559.86178264322	-105.50635841052328	-192559.86178264322	34.25700217159976	0.2024517243885255	0.5856515963546461	0.11461269648533097	0.075324818692927	0.09212416969299969	0.631389845448893	0.8434070186788427	1.9369602603107705	0.21136580454749376	0.9296928172926632	1.7656689172923938	-83.15425460168477	0.14722481836471785	0.9377234284275976	0.033917610672101584	37.62766602589006	0	0.3271667702180613	0.21245693217393763	0.1538670072042471	0.3065092904037539	
2000	-192663.91767481563	-192559.94910500152	-103.96856981410116	-192559.94910500152	34.25700217159976	0.2024517243885255	0.5856515963546461	0.11461269648533097	0.07222646973080271	0.09212416969299969	0.631389845448893	0.8434070186788427	1.9369602603107705	0.21399000362139417	0.9302366414568016	1.7483959471919774	-83.34384084458877	0.040374359643022835	0.9715116053883127	0.0519289168101257	40.58806085988114	0	0.3271667702180613	0.21245693217393763	0.1538670072042471	0.3065092904037539	
3000	-192654.72488959902	-192551.77220736095	-102.95268223807912	-192551.77220736095	34.25700217159976	0.2024517243885255	0.5856515963546461	0.11461269648533097	0.07222646973080271	0.09212416969299969	0.631389845448893	0.8434070186788427	1.9369602603107705	0.21356300850448517	0.9297199804009134	1.7520487159146174	-80.33790090963048	0.028226002456032948	0.9893949931213343	0.022462589265202913	37.71856994989856	0	0.3322883995255487	0.20733530286645016	0.1538670072042471	0.3065092904037539	
4000	-192656.35934968197	-192553.33260844654	-103.02674123543981	-192553.33260844654	34.656972436152685	0.2024517243885255	0.5856515963546461	0.11461269648533097	0.07222646973080271	0.09212416969299969	0.631389845448893	0.8434070186788427	1.9369602603107705	0.21389876923960274	0.9148153721654272	1.7560239100965527	-80.14243570642125	0.025838426422570736	0.9893949931213343	0.01482628609630869	37.98324337444303	0	0.3308120672143891	0.20881163517760978	0.1538670072042471	0.3065092904037539	
5000	-192651.4877213165	-192548.077554004	-103.41016731248422	-192548.077554004	34.656972436152685	0.2024517243885255	0.5856515963546461	0.11461269648533097	0.07222646973080271	0.09212416969299969	0.631389845448893	0.8421398892256865	1.945403849911047	0.21654767544176043	0.9106497317052672	1.7498347976989375	-79.80971502477237	0.04082341652768537	0.9893949931213343	0.008890155237267902	37.61917204101882	0	0.3308120672143891	0.20881163517760978	0.1538670072042471	0.3065092904037539	
6000	-192653.32134279262	-192548.32862645132	-104.99271634131186	-192548.32862645132	34.6485505772966	0.2024517243885255	0.5856515963546461	0.11461269648533097	0.07222646973080271	0.09212416969299969	0.631389845448893	0.8421398892256865	1.945403849911047	0.21658483590113065	0.907553860990286	1.7619364089211405	-79.9342266330639	0.04060306520271601	0.9893949931213343	0.014914214786637209	34.96475392666818	0	0.3308120672143891	0.20881163517760978	0.1538670072042471	0.3065092904037539	
7000	-192651.79982055537	-192546.42716695703	-105.37265359833438	-192546.42716695703	34.6485505772966	0.2024517243885255	0.5856515963546461	0.11461269648533097	0.07222646973080271	0.09212416969299969	0.631389845448893	0.8421398892256865	1.945403849911047	0.21690007912190823	0.9072130125023382	1.7601100336997144	-83.42604184664158	0.020186762360832406	0.9893949931213343	0.01493403864912779	40.21649554213637	0	0.3308120672143891	0.20881163517760978	0.1538670072042471	0.3065092904037539	
8000	-192655.55202225427	-192552.40780441684	-103.14421783741832	-192552.40780441684	34.43270609073627	0.2024517243885255	0.5856515963546461	0.11461269648533097	0.07222646973080271	0.09212416969299969	0.631389845448893	0.8421398892256865	1.945403849911047	0.21154010161998435	0.9094219756442986	1.7698245912651545	-78.46375361709786	0.05594394744448354	0.9841988447089614	0.01049359720762222	35.76121712538849	0	0.3308120672143891	0.20881163517760978	0.1538670072042471	0.3065092904037539	
9000	-192620.39298274895	-192517.54886321898	-102.84411952996824	-192517.54886321898	34.40274326538906	0.2024517243885255	0.5856515963546461	0.11461269648533097	0.07222646973080271	0.09212416969299969	0.631389845448893	0.8421398892256865	1.945403849911047	0.2124438535076599	0.9115582485271568	1.7517541213362193	-80.10011314269386	0.038294460172827	0.9841988447089614	0.02567972132677158	37.27714434270194	0	0.3308120672143891	0.21431405642246032	0.14836458595939656	0.3065092904037539	
10000	-192629.0897799498	-192525.31238570483	-103.77739424497081	-192525.31238570483	34.40274326538906	0.2024517243885255	0.5856515963546461	0.11212536295428342	0.07437080558631519	0.09212416969299969	0.631389845448893	0.8421398892256865	1.943584030023894	0.21026318133793362	0.9122730285813914	1.7503989845349703	-82.70086776432923	0.02239956365220589	0.9829015573298245	0.07004231227334329	38.63098392880109	0	0.3308120672143891	0.21431405642246032	0.14836458595939656	0.3065092904037539	
11000	-192624.9300482189	-192522.28072163922	-102.64932657966519	-192522.28072163922	34.40274326538906	0.2024517243885255	0.5856515963546461	0.11212536295428342	0.07437080558631519	0.09212416969299969	0.631389845448893	0.8421398892256865	1.943584030023894	0.21182040560609186	0.911892718304181	1.7481619169246099	-79.26026354319714	0.028353587519228753	0.9829015573298245	0.038980143449603766	35.7252761419733	0	0.3308120672143891	0.21431405642246032	0.14836458595939656	0.3065092904037539	
12000	-192632.8640331332	-192529.74372092893	-103.12031220425395	-192529.74372092893	34.40274326538906	0.2024517243885255	0.5856515963546461	0.11212536295428342	0.07437080558631519	0.09212416969299969	0.631389845448893	0.8421398892256865	1.943584030023894	0.21885604252967877	0.9260096972538163	1.7342435989904437	-81.74543406518524	0.030991075027930897	0.9829015573298245	0.04176009481046196	39.09033023728554	0	0.3308120672143891	0.21431405642246032	0.14836458595939656	0.3065092904037539	
13000	-192637.8059850618	-192530.5997654631	-107.20621959872045	-192530.5997654631	34.40274326538906	0.2024517243885255	0.5856515963546461	0.11212536295428342	0.07437080558631519	0.09212416969299969	0.631389845448893	0.8421398892256865	1.943584030023894	0.21872815058408343	0.9265297014901236	1.7383557558870102	-87.4619398865236	0.013046139688019702	0.9829015573298245	0.09112196085742945	41.646612769891306	0	0.3308120672143891	0.21431405642246032	0.14836458595939656	0.3065092904037539	
14000	-192617.33577100013	-192513.2824701377	-104.05330086243724	-192513.2824701377	34.443590765000046	0.2024517243885255	0.60965067801398	0.11212536295428342	0.07437080558631519	0.09212416969299969	0.631389845448893	0.8421398892256865	1.94134955256815	0.22043434767683115	0.9267551819054455	1.7321324232352235	-83.7335807392695	0.022786472604861878	0.9868197736774322	0.027253733434002884	43.89482000946726	0	0.3354164881245216	0.20970963551232785	0.14836458595939656	0.3065092904037539	
15000	-192601.2539371619	-192498.28933083278	-102.9646063291431	-192498.28933083278	34.443590765000046	0.2024517243885255	0.60965067801398	0.11212536295428342	0.07437080558631519	0.09212416969299969	0.631389845448893	0.8421398892256865	1.9494721946925633	0.2159095086517628	0.9066288267404776	1.7511813956386433	-80.21374124491962	0.02016696130952661	0.9849434997136634	0.0569189462501582	36.08331201893053	0	0.3354164881245216	0.20970963551232785	0.14836458595939656	0.3065092904037539	
16000	-192611.8695629741	-192506.8759952916	-104.99356768250446	-192506.8759952916	34.443590765000046	0.2024517243885255	0.60965067801398	0.11212536295428342	0.07437080558631519	0.09212416969299969	0.631389845448893	0.8421398892256865	1.9494721946925633	0.21499496101937826	0.9065554068552438	1.752328064939695	-83.97987179006007	0.027686013366072196	0.9849434997136634	0.05335429223573572	39.43456002538088	0	0.3354164881245216	0.20970963551232785	0.14836458595939656	0.3065092904037539	
17000	-192586.35114186624	-192484.08817838997	-102.26296347627935	-192484.08817838997	34.443590765000046	0.2024517243885255	0.60965067801398	0.11212536295428342	0.07437080558631519	0.09212416969299969	0.631389845448893	0.8421398892256865	1.9494721946925633	0.2092330440329163	0.9084138652611622	1.7563442709121173	-79.79621787355492	0.02336301826636997	0.9877623998187907	0.028595796909970328	37.56579250184805	0	0.3354164881245216	0.21762905492835172	0.1404451665433727	0.3065092904037539	
18000	-192591.98369794778	-192489.0444068187	-102.93929112908636	-192489.0444068187	34.443590765000046	0.2024517243885255	0.60965067801398	0.11212536295428342	0.07437080558631519	0.09212416969299969	0.631389845448893	0.8421398892256865	1.9494721946925633	0.20841910399541713	0.9091980906086283	1.7606519577635973	-80.98281335715097	0.017882591748714483	0.9877623998187907	0.043793477205452055	37.74293393395695	0	0.3354164881245216	0.21762905492835172	0.1404451665433727	0.3065092904037539	
19000	-192555.14328471344	-192452.52219182995	-102.62109288349326	-192452.52219182995	34.47595569216796	0.2024517243885255	0.60965067801398	0.11212536295428342	0.07437080558631519	0.09212416969299969	0.631389845448893	0.8421398892256865	1.9494721946925633	0.20955258453987297	0.9092308042639312	1.7590877677617542	-78.88607454679419	0.03341782393762724	0.9883797157007798	0.017909467198240304	36.279733326198745	0	0.344317605990877	0.21762905492835172	0.1404451665433727	0.29760817253739846	
20000	-192551.04878344585	-192446.76735133518	-104.28143211068405	-192446.76735133518	34.57526824561158	0.2024517243885255	0.60965067801398	0.11212536295428342	0.07437080558631519	0.09212416969299969	0.631389845448893	0.8421398892256865	1.9494721946925633	0.21356773469884538	0.9115962463145604	1.7456644818119382	-83.5085643539968	0.022557195083769487	0.9908162950994555	0.023382398232980776	42.67690032018715	0	0.344317605990877	0.21762905492835172	0.1404451665433727	0.29760817253739846	
21000	-192551.92667602046	-192449.25028273356	-102.6763932869069	-192449.25028273356	34.4219281512964	0.2024517243885255	0.60965067801398	0.11212536295428342	0.07437080558631519	0.09212416969299969	0.631389845448893	0.8421398892256865	1.9494721946925633	0.20969324200704	0.9110407622129804	1.7433061337658755	-78.66977093641006	0.040681554013854995	0.9881110384689041	0.009022074155615742	36.89596628148567	0	0.344317605990877	0.21762905492835172	0.1404451665433727	0.29760817253739846	
22000	-192544.97682964455	-192442.8064887891	-102.17034085545893	-192442.8064887891	34.45286133105549	0.2024517243885255	0.60965067801398	0.11212536295428342	0.07437080558631519	0.09212416969299969	0.631389845448893	0.8421398892256865	1.9494721946925633	0.21024739457969147	0.9179721988120059	1.735861625210845	-78.28095020843003	0.03471810702318558	0.9881110384689041	0.01658304160001426	36.17347409968049	0	0.344317605990877	0.21762905492835172	0.1404451665433727	0.29760817253739846	
23000	-192543.07990061506	-192439.83810647158	-103.2417941434787	-192439.83810647158	34.45286133105549	0.2024517243885255	0.60965067801398	0.11212536295428342	0.07437080558631519	0.09212416969299969	0.631389845448893	0.8421398892256865	1.9492123085505284	0.21405955386862596	0.9100831409351324	1.7376213043783029	-79.75889000648849	0.03567045085405384	0.990666797871878	0.006440254481513303	38.499671837060816	0	0.344317605990877	0.21762905492835172	0.1404451665433727	0.29760817253739846	
24000	-192546.14680540256	-192442.36633779856	-103.7804676039845	-192442.36633779856	34.46672847237491	0.2024517243885255	0.60965067801398	0.11212536295428342	0.07437080558631519	0.09212416969299969	0.631389845448893	0.8421398892256865	1.9492123085505284	0.21351939732425496	0.9178490543885298	1.733109680426641	-77.83536434353735	0.04547488175152593	0.990666797871878	0.004536445279022151	35.265229853212105	0	0.344317605990877	0.21762905492835172	0.1404451665433727	0.29760817253739846	
25000	-192554.17374580185	-192450.91011448554	-103.26363131631196	-192450.91011448554	34.46672847237491	0.2024517243885255	0.60965067801398	0.11212536295428342	0.07437080558631519	0.09212416969299969	0.631389845448893	0.8408719462470639	1.9492123085505284	0.21404905894270007	0.9176285398714764	1.720243964910175	-78.4556753190826	0.045209478660891714	0.990666797871878	0.0055741962599817705	36.40969938240037	0	0.344317605990877	0.21762905492835172	0.1404451665433727	0.29760817253739846	
26000	-192548.02160535543	-192445.7585653929	-102.26303996253806	-192445.7585653929	34.46672847237491	0.2024517243885255	0.60965067801398	0.11212536295428342	0.07437080558631519	0.09212416969299969	0.631389845448893	0.8304351202112199	1.9492123085505284	0.21633646976250348	0.8905948617248716	1.7089950293742653	-77.1651727987236	0.03052040768630185	0.9900675604179054	0.013637599558116843	34.99339378184054	0	0.344317605990877	0.21762905492835172	0.1404451665433727	0.29760817253739846	
27000	-192548.13568559478	-192445.20668047006	-102.92900512470902	-192445.20668047006	34.75249832118244	0.2024517243885255	0.60965067801398	0.11212536295428342	0.07437080558631519	0.09212416969299969	0.631389845448893	0.8304351202112199	1.9492123085505284	0.21561662826856667	0.8875166824804234	1.710356198677665	-80.07890773516692	0.029705329657181836	0.9918694300750105	0.009977116074509186	38.91005964817204	0	0.344317605990877	0.21762905492835172	0.1404451665433727	0.29760817253739846	
28000	-192541.47149881412	-192437.61653660692	-103.85496220721356	-192437.61653660692	34.922622167595954	0.2024517243885255	0.60965067801398	0.11212536295428342	0.07437080558631519	0.09212416969299969	0.631389845448893	0.8304351202112199	1.9492123085505284	0.21353012595229923	0.8847651184616325	1.7219093203881184	-82.50587230762231	0.019665471169789336	0.9918694300750105	0.013017907036738025	42.615424853867225	0	0.344317605990877	0.21762905492835172	0.1404451665433727	0.29760817253739846	
29000	-192542.9359547424	-192440.09605319012	-102.83990155225972	-192440.09605319012	35.179072275945316	0.2024517243885255	0.60965067801398	0.11212536295428342	0.07437080558631519	0.09212416969299969	0.631389845448893	0.8304351202112199	1.96479243057034	0.20670812066012448	0.8794121568371969	1.742933769360329	-80.65585909571683	0.011795920249532976	0.9918694300750105	0.044947708509106864	37.27797036083908	0	0.344317605990877	0.21762905492835172	0.1404451665433727	0.29760817253739846	
30000	-192546.47635869565	-192442.63136134055	-103.84499735511163	-192442.63136134055	35.179072275945316	0.2024517243885255	0.60965067801398	0.11212536295428342	0.07437080558631519	0.09212416969299969	0.631389845448893	0.8442412073947712	1.96479243057034	0.2097490509198172	0.9084374923160893	1.7412024287640424	-83.10613782761384	0.011110962780583383	0.9918478481653205	0.06393576861174984	39.71024515447953	0	0.3506575282915972	0.21128913262763158	0.1404451665433727	0.29760817253739846	
31000	-192540.86348429244	-192436.15516213526	-104.70832215716987	-192436.15516213526	35.06042967713667	0.2024517243885255	0.60965067801398	0.11212536295428342	0.07437080558631519	0.09212416969299969	0.631389845448893	0.8442412073947712	1.96479243057034	0.20936545397472117	0.9086960493753476	1.7416101348071769	-82.25882403619673	0.008712537800871258	0.9926842750845077	0.09898051226939912	35.827202229164676	0	0.3506575282915972	0.21128913262763158	0.1424531815851445	0.2956001574956266	
32000	-192533.6746494562	-192429.1574986267	-104.51715082948898	-192429.1574986267	35.04327869922777	0.2024517243885255	0.60965067801398	0.11212536295428342	0.07437080558631519	0.09212416969299969	0.631389845448893	0.8442412073947712	1.96479243057034	0.20803672879403565	0.9084403726136936	1.7519308096682131	-80.13741930633216	0.04309463788441375	0.9867055865916576	0.02069865848705077	35.349261651765566	0	0.3513348449694129	0.21128913262763158	0.14177586490732874	0.2956001574956266	
33000	-192521.9170305171	-192419.03495675046	-102.88207376663239	-192419.03495675046	35.04327869922777	0.2024517243885255	0.60965067801398	0.11212536295428342	0.07437080558631519	0.09212416969299969	0.6248718855181136	0.8442412073947712	1.96479243057034	0.20712288612721866	0.9151010553322507	1.7356932164829857	-80.59554074749497	0.02874637612297985	0.9862385832795578	0.03355263537518687	37.64346055722864	0	0.3513348449694129	0.21128913262763158	0.14177586490732874	0.2956001574956266	
34000	-192516.47841904496	-192413.19259429415	-103.28582475081004	-192413.19259429415	35.48298183711222	0.2024517243885255	0.60965067801398	0.11212536295428342	0.07437080558631519	0.09212416969299969	0.6248718855181136	0.8442412073947712	1.9756001252061473	0.2104718328257106	0.9117230295882748	1.7406538261867583	-80.05059938822077	0.03775841146624673	0.9776216305155331	0.04255250175918529	35.86576416079065	0	0.3556086489291371	0.21128913262763158	0.14177586490732874	0.29132635353590247	
35000	-192519.2633255434	-192414.61194582892	-104.65137971447331	-192414.61194582892	35.322277965710995	0.2024517243885255	0.60965067801398	0.11212536295428342	0.07437080558631519	0.09212416969299969	0.6248718855181136	0.8442412073947712	1.9739703753983546	0.2053173272125895	0.9156135256815716	1.7293779855156215	-82.8730054000891	0.0762473294977414	0.9740817888201349	0.015586600583571437	40.82760741877333	0	0.3556086489291371	0.21128913262763158	0.14177586490732874	0.29132635353590247	
36000	-192519.8405182845	-192415.13215616264	-104.7083621218753	-192415.13215616264	35.282126534352344	0.2024517243885255	0.60965067801398	0.11212536295428342	0.07437080558631519	0.09212416969299969	0.6248718855181136	0.8442412073947712	1.9819739948614097	0.20240995648414384	0.9115569836902226	1.7333829590862633	-82.79523421652668	0.07610862156949649	0.9528053543058863	0.05845047334319729	37.47568502867014	0	0.3556086489291371	0.21128913262763158	0.14177586490732874	0.29132635353590247	
37000	-192516.0737692261	-192409.68473443383	-106.38903479226711	-192409.68473443383	35.724673380272264	0.2024517243885255	0.60965067801398	0.11212536295428342	0.07437080558631519	0.09212416969299969	0.6248718855181136	0.8621559393171355	1.9819739948614097	0.21576169180696475	0.9506574538736775	1.7233279302280553	-85.81540233815284	0.07522507742423182	0.9325804136836682	0.08294225138656314	39.7586485826605	0	0.3556086489291371	0.21158935483458413	0.1414756427003762	0.29132635353590247	
38000	-192517.95897441593	-192410.79743558113	-107.16153883479014	-192410.79743558113	35.745277196206615	0.2024517243885255	0.60965067801398	0.11212536295428342	0.07437080558631519	0.09212416969299969	0.6248718855181136	0.8697904343517062	1.9819739948614097	0.2166110909712873	0.9635613314455932	1.72930199978597	-84.76960970883965	0.18072628056373172	0.8838217659502667	0.04221466370557876	37.40311443666787	0	0.3547952455837677	0.21158935483458413	0.1414756427003762	0.29213975688127186	
39000	-192521.17487839836	-192417.04509906148	-104.12977933689088	-192417.04509906148	35.23768251186881	0.2024517243885255	0.60965067801398	0.11125382219913849	0.09000840567629206	0.09212416969299969	0.6248718855181136	0.8697904343517062	1.9819739948614097	0.2140740043175726	0.9695209220139966	1.7206710548815414	-82.83329758050982	0.053552613753880866	0.9764521024790376	0.019813310265746797	41.251366984514796	0	0.3547952455837677	0.21158935483458413	0.1414756427003762	0.29213975688127186	
40000	-192518.34549073596	-192413.4438022499	-104.90168848605715	-192413.4438022499	35.46038808328708	0.2024517243885255	0.60965067801398	0.11125382219913849	0.09000840567629206	0.09212416969299969	0.6248718855181136	0.8697904343517062	1.9819739948614097	0.21634130178361208	0.9769192387423434	1.7162872843315946	-83.10663118667892	0.07898066468237132	0.9441691032905242	0.06592371244480265	37.31543303914837	0	0.3547952455837677	0.21158935483458413	0.1414756427003762	0.29213975688127186	
41000	-192504.8514764112	-192400.06982328816	-104.78165312302897	-192400.06982328816	35.169300898011016	0.17249941974061836	0.60965067801398	0.11125382219913849	0.09000840567629206	0.09771778142339739	0.6248718855181136	0.8697904343517062	1.982306940642732	0.21473880073944648	0.9814380501086827	1.7148682925973737	-83.4100572177064	0.09902770828997595	0.9550697624481441	0.022983759736639364	40.71189571462441	0	0.3547952455837677	0.21624781989079772	0.1368171776441626	0.29213975688127186	
42000	-192505.2239616488	-192397.50076425725	-107.72319739156167	-192397.50076425725	35.11675657630391	0.17249941974061836	0.60965067801398	0.11125382219913849	0.08410880332934192	0.09771778142339739	0.6248718855181136	0.8697904343517062	1.9800962155640056	0.21759400088042075	0.9838822717126358	1.6980069248335456	-87.99480404636994	0.08316384952636194	0.9381375715184946	0.03610569322188917	45.62101585508232	0	0.3547952455837677	0.21624781989079772	0.1368171776441626	0.29213975688127186	
43000	-192503.82347249347	-192397.54218498457	-106.28128750890629	-192397.54218498457	35.230000978786215	0.17249941974061836	0.60965067801398	0.11125382219913849	0.08410880332934192	0.09771778142339739	0.6248718855181136	0.8697904343517062	1.9800962155640056	0.21673108042572622	0.9830708845824787	1.7037520610532153	-85.1425930107894	0.123254557271004	0.9053045096018681	0.05334330427801869	39.29958058136122	0	0.3547952455837677	0.21624781989079772	0.1368171776441626	0.29213975688127186	
44000	-192506.51279794428	-192396.77399997317	-109.73879797111945	-192396.77399997317	35.230000978786215	0.17249941974061836	0.60965067801398	0.11125382219913849	0.08410880332934192	0.10729184647954575	0.6248718855181136	0.8697904343517062	2.006178347340304	0.21492895249483557	0.9708014853582886	1.7190287536815863	-86.41920781722527	0.24088751095143254	0.8998299470695492	0.013205788867761616	37.69321207174924	0	0.3540868585287565	0.21624781989079772	0.1368171776441626	0.29284814393628306	
45000	-192509.1299565443	-192401.13080958484	-107.9991469594547	-192401.13080958484	35.02936742921945	0.17249941974061836	0.60965067801398	0.11125382219913849	0.0906254465120004	0.10729184647954575	0.6248718855181136	0.8697904343517062	2.006178347340304	0.2095733388341549	0.9732438460144125	1.7144445062199416	-87.70508096851376	0.1204646379720083	0.9494617992933804	0.03126833273323661	43.450207876529966	0	0.3540868585287565	0.21624781989079772	0.13772847878292072	0.29193684279752496	
46000	-192515.22119465595	-192403.31914252642	-111.90205212954596	-192403.31914252642	35.75915513063073	0.17249941974061836	0.60965067801398	0.11125382219913849	0.0906254465120004	0.10729184647954575	0.6248718855181136	0.8879399055815179	2.006178347340304	0.2169549942141446	1.015132878757704	1.7204113366751517	-92.79382926043459	0.12802292849763436	0.8732778553828935	0.1556664804276166	42.43361814324715	0	0.3540868585287565	0.21624781989079772	0.13772847878292072	0.29193684279752496	
47000	-192500.7491528212	-192392.52189689357	-108.22725592763472	-192392.52189689357	35.781003366479034	0.17249941974061836	0.60965067801398	0.11125382219913849	0.0906254465120004	0.10729184647954575	0.6248718855181136	0.8775340270677973	2.006178347340304	0.20872433570751983	0.9880309946855477	1.7261241760041675	-85.57753935016994	0.22284401729769368	0.8487991097027896	0.06837049953106102	36.13460461386036	0	0.3540868585287565	0.21624781989079772	0.13772847878292072	0.29193684279752496	
48000	-192498.74770385388	-192393.31175814825	-105.43594570564152	-192393.31175814825	35.781003366479034	0.17249941974061836	0.60965067801398	0.11125382219913849	0.0906254465120004	0.10729184647954575	0.6248718855181136	0.8745923460375044	1.9949346839151667	0.2109872494903534	1.0003526554308844	1.7042373430360704	-83.88018521558743	0.09224930255624667	0.9624389078711993	0.015709099593676116	41.15163440582999	0	0.35549878306182925	0.21624781989079772	0.13772847878292072	0.2905249182644522	
49000	-192497.3150222662	-192393.03730798973	-104.2777142764843	-192393.03730798973	35.84425871923593	0.17249941974061836	0.60965067801398	0.11125382219913849	0.0906254465120004	0.10729184647954575	0.6248718855181136	0.9074066444426423	2.019705777957949	0.21400940566319993	1.0622843323919002	1.7221669187616462	-81.57495762521687	0.052813415650609825	0.965576595714885	0.04541872335325047	36.419249286203915	0	0.35549878306182925	0.21624781989079772	0.13772847878292072	0.2905249182644522	
50000	-192489.44478131254	-192384.3312962585	-105.1134850540413	-192384.3312962585	35.609880161284224	0.17249941974061836	0.60965067801398	0.11125382219913849	0.08732117450900065	0.10729184647954575	0.6248718855181136	0.9074066444426423	2.019705777957949	0.21735707115837705	1.0678671980318017	1.7218432474245524	-83.90808099369058	0.03337980773327358	0.9727226310496696	0.07880530848120314	38.1178670885736	0	0.35549878306182925	0.21624781989079772	0.13772847878292072	0.2905249182644522	
51000	-192492.19297947435	-192386.63941920997	-105.55356026437211	-192386.63941920997	35.31019628070247	0.17249941974061836	0.60965067801398	0.11125382219913849	0.08732117450900065	0.10729184647954575	0.6248718855181136	0.9074066444426423	2.0360073890412558	0.21641329449820082	1.0407833993700097	1.7310423014157361	-84.17001039514017	0.04940247320060735	0.9688757947710903	0.06506452506545529	38.181682792993435	0	0.35549878306182925	0.21624781989079772	0.13772847878292072	0.2905249182644522	
52000	-192495.4924590704	-192391.35069983118	-104.14175923923779	-192391.35069983118	35.30850266915794	0.17249941974061836	0.60965067801398	0.11125382219913849	0.08732117450900065	0.10729184647954575	0.6248718855181136	0.9033005678390174	2.0360073890412558	0.21481745880156	1.029535107256294	1.7269523437892351	-81.01897950265032	0.07960432776401277	0.9735399342039772	0.013031346489431843	37.86117766486908	0	0.35549878306182925	0.21624781989079772	0.13772847878292072	0.2905249182644522	
53000	-192483.27894504718	-192378.3595948289	-104.91935021827744	-192378.3595948289	35.69721402518072	0.17249941974061836	0.60965067801398	0.11125382219913849	0.08732117450900065	0.10380946972442809	0.6248718855181136	0.9033005678390174	2.0360073890412558	0.21999475235458904	1.0269802140083952	1.714453367982973	-84.01595480390301	0.03188656523946634	0.9841841250545899	0.02054075590189211	42.71502738448119	0	0.35549878306182925	0.21624781989079772	0.13772847878292072	0.2905249182644522	
54000	-192494.76124017136	-192391.11879507807	-103.64244509327332	-192391.11879507807	35.69703012204891	0.17249941974061836	0.6178936083656935	0.11125382219913849	0.08732117450900065	0.10380946972442809	0.6248718855181136	0.919616538787271	2.0360073890412558	0.2160026144329224	1.0604347505187672	1.7185615927999067	-79.96460827946109	0.02923307282454099	0.9840909501569964	0.029947311366521824	35.72989976083165	0	0.35549878306182925	0.21624781989079772	0.13772847878292072	0.2905249182644522	
55000	-192479.93452304252	-192374.4671996979	-105.46732334462746	-192374.4671996979	36.132996449107985	0.17249941974061836	0.6178936083656935	0.11874599561478055	0.08069762917026066	0.10380946972442809	0.6248718855181136	0.912033732085607	2.0289630937021976	0.21500020821325563	1.0481871424743259	1.725564926957174	-82.64847503207426	0.019126525677597477	0.985657490697267	0.035734503409310385	36.65141525524956	0	0.36089136534678024	0.21624781989079772	0.13772847878292072	0.2851323359795012	
56000	-192469.60199871977	-192364.06793017825	-105.53406854150326	-192364.06793017825	36.344172158228105	0.17249941974061836	0.6135116510166404	0.11874599561478055	0.08069762917026066	0.10380946972442809	0.6248718855181136	0.9062904167020454	2.0304767712067515	0.2080512055918672	1.0228944182596278	1.7483299666254564	-83.56784742374997	0.02561224263003134	0.9816727476341026	0.07227010618549087	36.94598763375725	0	0.36089136534678024	0.2151279906233557	0.13772847878292072	0.28625216524694325	
57000	-192470.27505638215	-192365.8255420294	-104.44951435275222	-192365.8255420294	36.344172158228105	0.17249941974061836	0.619393923713944	0.11874599561478055	0.08069762917026066	0.11216957037505881	0.6248718855181136	0.9286946884647591	2.046310861270788	0.20884371102345017	1.0641459119587293	1.762910945883287	-82.42148691620613	0.016024096763602183	0.9880464943663376	0.05571415913235396	37.226202131223104	0	0.36089136534678024	0.2151279906233557	0.13772847878292072	0.28625216524694325	
58000	-192473.57038530766	-192367.1142339335	-106.45615137414654	-192367.1142339335	35.68258458205732	0.17249941974061836	0.619393923713944	0.11874599561478055	0.08371811436786658	0.11216957037505881	0.6248718855181136	0.9286946884647591	2.046310861270788	0.20839918663373602	1.0745299592689586	1.769392093282787	-85.77513844126757	0.036829226220078386	0.9846521646108941	0.012353396821046414	45.96419359034429	0	0.36089136534678024	0.2151279906233557	0.13772847878292072	0.28625216524694325	
59000	-192473.51312044405	-192367.87320223323	-105.63991821082432	-192367.87320223323	35.704226957315456	0.17249941974061836	0.619393923713944	0.11874599561478055	0.08371811436786658	0.11216957037505881	0.6248718855181136	0.9286946884647591	2.05115247277854	0.20885697353278138	1.0771931407966417	1.765080976198535	-84.3769437669035	0.040754639454508294	0.983263022811748	0.028132677536499555	40.46229281271752	0	0.36089136534678024	0.2151279906233557	0.13772847878292072	0.28625216524694325	
60000	-192465.43798573877	-192360.32729030418	-105.11069543460269	-192360.32729030418	35.69598272337318	0.17249941974061836	0.619393923713944	0.11874599561478055	0.08371811436786658	0.10041474497565737	0.6248718855181136	0.9286946884647591	2.05115247277854	0.21092219020655512	1.0701467519490833	1.7692560522180438	-83.51172269282347	0.03651105415410856	0.9684025262378141	0.06146257111380807	37.970498499179726	0	0.36089136534678024	0.2151279906233557	0.13772847878292072	0.28625216524694325	
61000	-192468.63087308567	-192361.50605266754	-107.12482041814499	-192361.50605266754	35.69598272337318	0.17249941974061836	0.619393923713944	0.11874599561478055	0.08371811436786658	0.10041474497565737	0.6248718855181136	0.9286946884647591	2.0528708229442407	0.2083411808726616	1.0654413694480829	1.7791800850579538	-86.6003269642179	0.05357461518070749	0.9406081666310718	0.09550786597741061	39.53947263386641	0	0.36089136534678024	0.2151279906233557	0.13772847878292072	0.28625216524694325	
62000	-192468.99489830254	-192363.52218056275	-105.47271773977596	-192363.52218056275	35.65187272686351	0.17249941974061836	0.619393923713944	0.11874599561478055	0.08371811436786658	0.10041474497565737	0.6248718855181136	0.9286946884647591	2.0583438717647127	0.20489702916675095	1.0615377571249744	1.782804969963917	-83.19797082535017	0.09651838168178153	0.9330874377327232	0.057902712907482896	36.97228837305881	0	0.36089136534678024	0.2151279906233557	0.13772847878292072	0.28625216524694325	
63000	-192468.41376073836	-192360.60296893885	-107.81079179949722	-192360.60296893885	35.86324726228694	0.17249941974061836	0.619393923713944	0.11874599561478055	0.08371811436786658	0.10041474497565737	0.6248718855181136	0.9286946884647591	2.0583438717647127	0.20785314368443045	1.064759975665079	1.7716684104074167	-86.11998604316328	0.11026224098541412	0.8877836323158478	0.1035753236990125	37.0810449938732	0	0.36089136534678024	0.2151279906233557	0.13772847878292072	0.28625216524694325	
64000	-192473.42133850465	-192364.5942960315	-108.82704247314744	-192364.5942960315	35.6714997344988	0.17249941974061836	0.619393923713944	0.11874599561478055	0.08371811436786658	0.10041474497565737	0.6248718855181136	0.9296625466749661	2.057331647023948	0.20496769582417718	1.06970746247899	1.778477950050551	-86.87042569892391	0.23113713760550222	0.8461804164334967	0.05120683791538118	38.00212871405783	0	0.36089136534678024	0.2151279906233557	0.13772847878292072	0.28625216524694325	
65000	-192475.18815282916	-192369.3209053696	-105.86724745957369	-192369.3209053696	35.6714997344988	0.17249941974061836	0.619393923713944	0.11874599561478055	0.08371811436786658	0.10041474497565737	0.6248718855181136	0.9296625466749661	2.057331647023948	0.20500964907307892	1.0690440976049924	1.7841574625180459	-82.59733877612354	0.14970457602044035	0.9263083703906284	0.028056917454444597	36.583656440187895	0	0.36089136534678024	0.2151279906233557	0.13772847878292072	0.28625216524694325	
66000	-192471.6473627357	-192361.22953680583	-110.417825929874	-192361.22953680583	36.13597603046517	0.17249941974061836	0.619393923713944	0.11874599561478055	0.08371811436786658	0.10041474497565737	0.6248718855181136	0.9296625466749661	2.0544184357149087	0.21270224952073677	1.0734264598021674	1.7851868861547004	-91.26759519788224	0.060903277171120665	0.9202825149432626	0.09546372515907439	44.34196848245091	0	0.36089136534678024	0.2151279906233557	0.13772847878292072	0.28625216524694325	
67000	-192472.15167491985	-192362.74733827563	-109.40433664422471	-192362.74733827563	35.6550034154739	0.17249941974061836	0.619393923713944	0.11874599561478055	0.07830080683985247	0.10041474497565737	0.624051693871643	0.9245687172461432	2.0544184357149087	0.20805057101992183	1.0608278147170824	1.781868823810581	-89.91110785776786	0.09786189385125996	0.9471199312072739	0.02633630046579651	49.754976389915	0	0.36089136534678024	0.2151279906233557	0.13772847878292072	0.28625216524694325	
68000	-192471.12770423206	-192361.44176321354	-109.68594101851477	-192361.44176321354	35.61431333715567	0.17709382677322882	0.619393923713944	0.11874599561478055	0.07830080683985247	0.10041474497565737	0.624051693871643	0.9245687172461432	2.0544184357149087	0.20677510825635204	1.0616840243955892	1.7855719425305856	-90.16222012638666	0.10826225440703217	0.8783965048792567	0.09875324888305159	42.954817548660934	0	0.36089136534678024	0.2151279906233557	0.13772847878292072	0.28625216524694325	
69000	-192469.3569894955	-192361.39743338487	-107.95955611065256	-192361.39743338487	35.61431333715567	0.17709382677322882	0.619393923713944	0.11874599561478055	0.07830080683985247	0.1109205392216929	0.624051693871643	0.9245687172461432	2.0383081237774467	0.2090748668058274	1.0733686844783583	1.7784876917347274	-86.7145056199519	0.14473596823885165	0.9359654284764097	0.015988575516012446	42.853698052999306	0	0.36089136534678024	0.2151279906233557	0.13772847878292072	0.28625216524694325	
70000	-192471.4603959054	-192364.35400738043	-107.10638852496484	-192364.35400738043	35.61431333715567	0.17709382677322882	0.619393923713944	0.11874599561478055	0.07830080683985247	0.1109205392216929	0.624051693871643	0.9245687172461432	2.0547531693575305	0.2040552007094764	1.0635055573554753	1.7958110778435588	-84.68902481773115	0.1359516708577934	0.8890808907774581	0.073779038464602	36.42440326093398	0	0.36089136534678024	0.2151279906233557	0.13772847878292072	0.28625216524694325	
71000	-192467.91256920205	-192361.35166668563	-106.56090251642021	-192361.35166668563	35.71260127837766	0.17709382677322882	0.619393923713944	0.11774041920033818	0.07830080683985247	0.1109205392216929	0.624051693871643	0.9378661663209511	2.0547531693575305	0.20714416914312184	1.0940304596231198	1.7947869065772666	-84.78002176714207	0.05065733214448324	0.9500417924545063	0.10439331615582517	36.809212115530514	0	0.36089136534678024	0.2151279906233557	0.13772847878292072	0.28625216524694325	
72000	-192478.17099147555	-192372.17095834756	-106.00003312799684	-192372.17095834756	35.97588716834915	0.17709382677322882	0.619393923713944	0.11774041920033818	0.07830080683985247	0.1109205392216929	0.624051693871643	0.9378661663209511	2.053689668973392	0.21026039093819662	1.09140533787387	1.8046940499787132	-84.59322800697237	0.05168855704920021	0.9581097191487192	0.07938531363326543	37.903026652874026	0	0.36089136534678024	0.2151279906233557	0.13772847878292072	0.28625216524694325	
73000	-192476.30687685113	-192368.3943793113	-107.912497539842	-192368.3943793113	35.97588716834915	0.17709382677322882	0.6039437960088921	0.11774041920033818	0.07830080683985247	0.1109205392216929	0.624051693871643	0.9378661663209511	2.057182564131826	0.21018455589416826	1.088722650068825	1.8047123789447266	-87.86217257975122	0.04623021850150454	0.9578233397376194	0.10526760208419572	40.57527951817713	0	0.36089136534678024	0.2151279906233557	0.13772847878292072	0.28625216524694325	
74000	-192471.990770143	-192366.59750133858	-105.39326880442408	-192366.59750133858	35.97588716834915	0.17709382677322882	0.5979816036485557	0.11774041920033818	0.0738749467690949	0.1109205392216929	0.624051693871643	0.9378661663209511	2.0544403013498855	0.2140044651359577	1.0898851082936907	1.800135599860511	-83.60561714181114	0.07907642164722503	0.9535570265157215	0.042068909520842294	38.473963079709314	0	0.36089136534678024	0.2151279906233557	0.13772847878292072	0.28625216524694325	
75000	-192445.32055819457	-192339.86656574602	-105.45399244853402	-192339.86656574602	35.89015591124046	0.17709382677322882	0.5979816036485557	0.11774041920033818	0.0738749467690949	0.1109205392216929	0.624051693871643	0.914056369065164	2.0544403013498855	0.2084683681360265	1.0388760117536007	1.7920043775412264	-84.06653009081666	0.06886172081811268	0.9588576653117694	0.03331106624954845	39.91848300991898	0	0.36089136534678024	0.2151279906233557	0.13772847878292072	0.28625216524694325	
76000	-192439.74152260556	-192334.08235796916	-105.65916463639253	-192334.08235796916	35.89015591124046	0.17709382677322882	0.5979816036485557	0.11774041920033818	0.0738749467690949	0.1109205392216929	0.624051693871643	0.914056369065164	2.039965157944711	0.21125415988312707	1.0479404675067765	1.7785071139800617	-84.28544738266761	0.0643435925140456	0.969894364772333	0.019044562578486048	41.56448230013803	0	0.36089136534678024	0.2151279906233557	0.13772847878292072	0.28625216524694325	
77000	-192438.25903172858	-192332.02783018185	-106.23120154673333	-192332.02783018185	36.023565026597254	0.17709382677322882	0.5979816036485557	0.11012382489431652	0.0738749467690949	0.1109205392216929	0.624051693871643	0.914056369065164	2.039965157944711	0.21301807139270706	1.0479863408487933	1.7795766575234957	-83.98729420084541	0.12506623016589044	0.9514752236836057	0.017328132767878434	39.54272835784217	0	0.36089136534678024	0.2151279906233557	0.13772847878292072	0.28625216524694325	
78000	-192442.85230246425	-192337.36215997546	-105.4901424887845	-192337.36215997546	36.28196007940593	0.17709382677322882	0.5979816036485557	0.11012382489431652	0.0738749467690949	0.1109205392216929	0.624051693871643	0.914056369065164	2.039965157944711	0.21286176971520154	1.0479258234035347	1.7788541481406193	-83.15223866205571	0.03848226045173663	0.9830818211424195	0.03083207545119273	37.86724974267443	0	0.3603124117100999	0.2176164957966721	0.13581892724628458	0.28625216524694325	
79000	-192421.09151563756	-192317.03677517988	-104.05474045769091	-192317.03677517988	35.84257388265209	0.17709382677322882	0.5979816036485557	0.11012382489431652	0.0738749467690949	0.1109205392216929	0.624051693871643	0.914056369065164	2.046722921124486	0.20924570674074025	1.0431948554808232	1.781954323296	-80.72021635542895	0.033550822879982456	0.9840748765156262	0.022074302928500687	36.70413874653598	0	0.3603124117100999	0.2176164957966721	0.13581892724628458	0.28625216524694325	
80000	-192393.28084909043	-192288.2476513185	-105.03319777194233	-192288.2476513185	36.08516023603187	0.17709382677322882	0.5979816036485557	0.11012382489431652	0.0738749467690949	0.1109205392216929	0.624051693871643	0.914056369065164	2.0429278695276536	0.21268209752763598	1.0462213072747122	1.7823176713436708	-81.2626333578115	0.06468123413824355	0.9753126582699491	0.020503820892110405	36.21590853348143	0	0.3603124117100999	0.2176164957966721	0.13581892724628458	0.28625216524694325	
81000	-192387.5906623174	-192280.372331102	-107.21833121540796	-192280.372331102	35.876204244973145	0.17709382677322882	0.5979816036485557	0.11012382489431652	0.0738749467690949	0.1109205392216929	0.624051693871643	0.914056369065164	2.049930568492971	0.21172692144735691	1.0414430766768914	1.7782737293465287	-83.13454026835171	0.0965314318503141	0.9786368383836926	0.0043150373715977255	38.4044777131865	0	0.3603124117100999	0.2176164957966721	0.13581892724628458	0.28625216524694325	
82000	-192369.24615703398	-192264.29649674502	-104.94966028894466	-192264.29649674502	35.88002819633479	0.17709382677322882	0.5979816036485557	0.11012382489431652	0.08182442588074892	0.1109205392216929	0.624051693871643	0.8984042515736027	2.049930568492971	0.20714562723041222	1.0068632051526791	1.7823834358845756	-81.53864832926735	0.06319537160573589	0.9738160806501961	0.024394411150860374	36.368208420333424	0	0.3603124117100999	0.2176164957966721	0.13581892724628458	0.28625216524694325	
83000	-192360.54323758217	-192254.19147784237	-106.35175973979486	-192254.19147784237	35.80393433160546	0.17070340834971093	0.5979816036485557	0.11012382489431652	0.08182442588074892	0.1109205392216929	0.624051693871643	0.8984042515736027	2.043623769830612	0.20731191680345404	1.0073954625054649	1.7850516562901755	-83.84383008112815	0.04145313869663538	0.9621545715657406	0.09292898498092092	35.86413594258644	0	0.3603124117100999	0.2176164957966721	0.13581892724628458	0.28625216524694325	
84000	-192365.43889458643	-192255.66958573452	-109.76930885191283	-192255.66958573452	35.76821971522517	0.17070340834971093	0.5979816036485557	0.11012382489431652	0.08182442588074892	0.1109205392216929	0.624051693871643	0.8984042515736027	2.0466787402439683	0.2074785259586659	1.0091035341843047	1.7801172595803592	-86.30325984746914	0.14236325190657612	0.9441536796795154	0.039901988029259365	35.783219688310474	0	0.3603124117100999	0.2176164957966721	0.13581892724628458	0.28625216524694325	
85000	-192371.42308699072	-192261.00995887324	-110.4131281174839	-192261.00995887324	35.775174310796956	0.17070340834971093	0.5979816036485557	0.11012382489431652	0.08182442588074892	0.1109205392216929	0.624051693871643	0.8982296042560134	2.0472838178292947	0.20775347433572755	1.0087076107787831	1.782104775218989	-90.191573224471	0.19642995151604317	0.8947881599849666	0.028009954341116056	45.16670300118654	0	0.3603124117100999	0.2176164957966721	0.13581892724628458	0.28625216524694325	
86000	-192380.3525834802	-192268.0708574029	-112.28172607732432	-192268.0708574029	35.60220141244052	0.17070340834971093	0.5979816036485557	0.11012382489431652	0.08182442588074892	0.1109205392216929	0.624051693871643	0.8982296042560134	2.0473044877319153	0.20465577305234658	1.0089533313603536	1.78305674278158	-93.09733086784827	0.12166026679466588	0.8721396558858068	0.1595455306704561	42.43820244465226	0	0.3603124117100999	0.2176164957966721	0.13581892724628458	0.28625216524694325	
87000	-192374.8719637413	-192266.54871100854	-108.32325273276234	-192266.54871100854	35.56628372384592	0.17070340834971093	0.5979816036485557	0.11012382489431652	0.08182442588074892	0.1109205392216929	0.624051693871643	0.8982296042560134	2.0473044877319153	0.21501958453966574	1.0011797580978952	1.781352992391638	-87.27119239712718	0.1451554552199126	0.8683329693627557	0.08642738815981432	38.60524656257874	0	0.3603124117100999	0.2176164957966721	0.13581892724628458	0.28625216524694325	
88000	-192365.35280464386	-192256.9485387183	-108.4042659255585	-192256.9485387183	35.169514851846905	0.17070340834971093	0.5979816036485557	0.11012382489431652	0.08182442588074892	0.1109205392216929	0.624051693871643	0.8982296042560134	2.0473044877319153	0.20853446695770023	1.0149998150285682	1.769454478807109	-88.07083325782145	0.09342147411589609	0.936469728650232	0.028170992040314456	44.12908082871498	0	0.3603124117100999	0.2176164957966721	0.13581892724628458	0.28625216524694325	
89000	-192366.0717689904	-192259.7198151181	-106.35195387229416	-192259.7198151181	35.579822168182325	0.17070340834971093	0.6092470709107418	0.11012382489431652	0.08182442588074892	0.1109205392216929	0.624051693871643	0.8982296042560134	2.0473044877319153	0.21578068715484425	1.0139336995704065	1.7647030969733404	-83.53407101666099	0.14932590173045882	0.9255008672086892	0.029876918045992924	37.13497763617772	0	0.3603124117100999	0.2176164957966721	0.13581892724628458	0.28625216524694325	
90000	-192357.35964847938	-192251.38507303802	-105.97457544134555	-192251.38507303802	35.579822168182325	0.17070340834971093	0.6092470709107418	0.11012382489431652	0.08182442588074892	0.1109205392216929	0.624051693871643	0.8982296042560134	2.0554696737314155	0.2116927504091636	1.007125556696304	1.787026094171798	-82.84444089961701	0.07103417865428463	0.9538761739943247	0.05999622945269589	35.65183067025838	0	0.3603124117100999	0.2176164957966721	0.13581892724628458	0.28625216524694325	
91000	-192362.59732310896	-192256.3695768588	-106.22774625016854	-192256.3695768588	35.70525804124864	0.17070340834971093	0.6092470709107418	0.11012382489431652	0.08182442588074892	0.10583531016914717	0.624051693871643	0.8982296042560134	2.0554696737314155	0.21353334419736184	1.0103973585205372	1.7783610485436632	-84.75693135629234	0.041601373553264605	0.9710258567115834	0.032131961262410885	39.695182585269414	0	0.3603124117100999	0.2176164957966721	0.13581892724628458	0.28625216524694325	
92000	-192356.6284215579	-192249.98172913725	-106.64669242065958	-192249.98172913725	35.65161013137088	0.17070340834971093	0.6092470709107418	0.11012382489431652	0.08182442588074892	0.10583531016914717	0.624051693871643	0.8982296042560134	2.0554696737314155	0.21387132468700315	1.0093801501681703	1.7734412571908018	-83.52675976133736	0.14555168097091548	0.9487305926828733	0.01687983240294233	37.645304785680636	0	0.3603124117100999	0.2176164957966721	0.13581892724628458	0.28625216524694325	
93000	-192362.9616210603	-192256.19824454977	-106.76337651052302	-192256.19824454977	35.1694112604606	0.17070340834971093	0.6092470709107418	0.11012382489431652	0.08182442588074892	0.10583531016914717	0.624051693871643	0.8982296042560134	2.0554696737314155	0.22142188857940473	1.0219602089342454	1.7569287966542106	-84.13807553471304	0.1694194438869039	0.9218250939842302	0.030346475649560112	37.54456387309949	0	0.3603124117100999	0.2176164957966721	0.13581892724628458	0.28625216524694325	
94000	-192359.4633532748	-192253.0351334596	-106.42821981517855	-192253.0351334596	34.88822431137836	0.17070340834971093	0.6092470709107418	0.11012382489431652	0.08182442588074892	0.10583531016914717	0.624051693871643	0.9173136439795864	2.0614333797265023	0.2193775370345708	1.059255947854095	1.773929174192581	-84.65720619928936	0.13472771859647437	0.9161906819723373	0.05059501017249793	38.24051391406032	0	0.3603124117100999	0.2176164957966721	0.13581892724628458	0.28625216524694325	
95000	-192355.5514193465	-192250.6289276632	-104.92249168329063	-192250.6289276632	35.152347083914506	0.17070340834971093	0.6092470709107418	0.11012382489431652	0.08182442588074892	0.10583531016914717	0.624051693871643	0.9173136439795864	2.0618651079675345	0.22398058648662073	1.0582718841330947	1.770083610768635	-82.61894414514839	0.06827039959042297	0.9690958250032523	0.02031582407724689	38.86457237818973	0	0.3603124117100999	0.2176164957966721	0.13581892724628458	0.28625216524694325	
96000	-192360.0009058623	-192254.36373147892	-105.63717438340069	-192254.36373147892	34.68363668628648	0.17070340834971093	0.6092470709107418	0.11012382489431652	0.08182442588074892	0.10583531016914717	0.624051693871643	0.9173136439795864	2.073492523817954	0.21199675121653672	1.0498727908225443	1.7847121484194326	-82.67100268672311	0.07260904484161113	0.9428836359099005	0.056664838545595904	36.00093326130891	0	0.3603124117100999	0.2176164957966721	0.13581892724628458	0.28625216524694325	
97000	-192355.1258532792	-192249.9865413608	-105.13931191841336	-192249.9865413608	34.827419978722915	0.17070340834971093	0.6092470709107418	0.11012382489431652	0.08182442588074892	0.10583531016914717	0.624051693871643	0.9173136439795864	2.073492523817954	0.21563661738302647	1.0492264062537973	1.781333137536467	-82.47276696315349	0.09851200013841008	0.9484829401067936	0.028440527292318326	37.52229340196739	0	0.3603124117100999	0.2176164957966721	0.13581892724628458	0.28625216524694325	
98000	-192353.21045813762	-192247.48997349132	-105.72048464628705	-192247.48997349132	34.827419978722915	0.17070340834971093	0.6092470709107418	0.11012382489431652	0.08182442588074892	0.10583531016914717	0.624051693871643	0.9173136439795864	2.073492523817954	0.21800939407772768	1.0489392606551315	1.7798222228126133	-83.83464700901894	0.0883519013917009	0.9386103836499692	0.043957321075948644	38.20820274678336	0	0.3603124117100999	0.2176164957966721	0.13581892724628458	0.28625216524694325	
99000	-192356.68017334532	-192249.1903041556	-107.48986918971718	-192249.1903041556	34.827419978722915	0.17070340834971093	0.6092470709107418	0.10738397851849402	0.08182442588074892	0.10583531016914717	0.624051693871643	0.9173136439795864	2.073492523817954	0.2156392259898274	1.0550021863954149	1.76787394504697	-87.32772499258294	0.04012685482471759	0.955205896485257	0.11422983178673003	40.185851307318394	0	0.3603124117100999	0.2176164957966721	0.13581892724628458	0.28625216524694325	
100000	-192355.60666404627	-192244.01598507748	-111.59067896878659	-192244.01598507748	35.06289324714174	0.17070340834971093	0.6092470709107418	0.10738397851849402	0.08182442588074892	0.10583531016914717	0.624051693871643	0.9173136439795864	2.073492523817954	0.223094926854521	1.0543310213669603	1.7651065951776088	-89.76153482054049	0.08763513045245772	0.9424525387526927	0.016119145892799225	40.881744363401886	0	0.3603124117100999	0.2176164957966721	0.13581892724628458	0.28625216524694325	
