Sample	likelihood	
0	-798408.6965335864	
100	-798403.1923533579	
200	-798382.4777413723	
300	-798312.648040756	
400	-798313.5733578386	
500	-798313.5931413419	
600	-798310.7001753446	
700	-798304.2203013487	
800	-798304.2979595376	
900	-798277.7273607838	
1000	-798270.9150324261	
1100	-798256.9621701281	
1200	-798257.3247729093	
1300	-798257.3380370276	
1400	-798247.7604052728	
1500	-798248.2282256039	
1600	-798245.5536572806	
1700	-798247.5384606909	
1800	-798171.8289023904	
1900	-798164.4578727845	
2000	-798159.5895234001	
2100	-798150.0772911763	
2200	-798130.8846364672	
2300	-798133.6276374026	
2400	-798112.932654911	
2500	-798112.2957240959	
2600	-798110.6238494656	
2700	-798112.2970926433	
2800	-798112.1530737334	
2900	-798109.785044024	
3000	-798105.2450964438	
3100	-798103.3480277428	
3200	-798104.7611449737	
3300	-798103.3427978676	
3400	-798088.151860211	
3500	-798086.2239028732	
3600	-798050.763746691	
3700	-798022.6410975491	
3800	-798023.0378333133	
3900	-798021.8426679552	
4000	-798022.4465593861	
4100	-798022.1761927379	
4200	-798019.1006434668	
4300	-798016.9695585205	
4400	-798009.8716544044	
4500	-798008.1743719697	
4600	-797980.979539854	
4700	-797980.2343112248	
4800	-797972.1007945816	
4900	-797852.4735227666	
5000	-797688.312334458	
5100	-797632.6664737315	
5200	-797477.5553506414	
5300	-797476.4684205143	
5400	-797476.6573607448	
5500	-797467.3414105793	
5600	-797465.7607403765	
5700	-797463.2749300915	
5800	-797463.0362927086	
5900	-797459.9585965703	
6000	-797446.3547308187	
6100	-797442.478443077	
6200	-797387.0362676921	
6300	-797385.7293200275	
6400	-797386.0725216666	
6500	-797360.0479251125	
6600	-797351.9944358413	
6700	-797318.5926720824	
6800	-797318.0109417783	
6900	-797225.9186823724	
7000	-797219.8540495262	
7100	-797217.1703172184	
7200	-797192.0328858102	
7300	-797190.3396359992	
7400	-797184.3975590845	
7500	-796891.8008092735	
7600	-796888.4744297883	
7700	-796882.9703692482	
7800	-796878.3799311612	
7900	-796843.6391834377	
8000	-796787.3280273912	
8100	-796785.230920667	
8200	-796735.9791166775	
8300	-796692.6807370345	
8400	-796693.5222741807	
8500	-796689.5497231609	
8600	-796687.6867242109	
8700	-796686.5382032889	
8800	-796655.9013731373	
8900	-796655.2969406693	
9000	-796657.2354276193	
9100	-796644.8895305279	
9200	-796644.5064045852	
9300	-796630.3002122968	
9400	-796617.1756013554	
9500	-796616.7476940876	
9600	-796562.0572789027	
9700	-796562.6215966074	
9800	-796531.2811546206	
9900	-796524.0914554216	
10000	-796527.0123816094	
10100	-796525.8936918578	
10200	-796524.2693730275	
10300	-796500.9016029107	
10400	-796501.9436947278	
10500	-796501.657344777	
10600	-796474.4743632068	
10700	-796474.3449635223	
10800	-796474.8965274473	
10900	-796443.0511927434	
11000	-796391.8402295681	
11100	-796385.5103613331	
11200	-796306.7719355817	
11300	-796306.0085852543	
11400	-796304.7576117495	
11500	-796264.668154894	
11600	-796235.084390342	
11700	-796234.4737261379	
11800	-796216.8933644677	
11900	-796215.3493644857	
12000	-796216.0733534055	
12100	-796216.217745424	
12200	-796216.2004548651	
12300	-796206.798429341	
12400	-796206.2648278296	
12500	-796201.236685912	
12600	-796199.818424243	
12700	-796185.7489147213	
12800	-796185.7489147213	
12900	-796184.7780226315	
13000	-796179.2836806404	
13100	-796176.4394324777	
13200	-796173.9482105756	
13300	-796173.7942861575	
13400	-796118.8628638039	
13500	-796120.4498807407	
13600	-796025.3487881802	
13700	-796021.5281529857	
13800	-796021.1074536068	
13900	-796019.6628472342	
14000	-796019.2473324103	
14100	-796019.068422888	
14200	-796014.0302277834	
14300	-795861.9741397835	
14400	-795862.4260843114	
14500	-795862.2837929841	
14600	-795862.010980364	
14700	-795858.8294638215	
14800	-795859.682427931	
14900	-795850.154621396	
15000	-795850.6457731646	
15100	-795845.8379114799	
15200	-795845.4139818634	
15300	-795791.3727781087	
15400	-795795.040074735	
15500	-795795.2189889929	
15600	-795794.8371725512	
15700	-795790.131428889	
15800	-795791.1869246517	
15900	-795790.1059695338	
16000	-795791.6980668796	
16100	-795790.8575064094	
16200	-795790.5146879957	
16300	-795780.2233281373	
16400	-795776.1147216156	
16500	-795764.724147673	
16600	-795754.9660616986	
16700	-795755.1511496225	
16800	-795753.023889189	
16900	-795752.1285704015	
17000	-795750.6200040957	
17100	-795749.8061104757	
17200	-795746.460824978	
17300	-795746.3178301894	
17400	-795742.59165295	
17500	-795737.5085720199	
17600	-795729.5337775965	
17700	-795731.1114809762	
17800	-795731.4696264615	
17900	-795730.5782742213	
18000	-795729.7600786913	
18100	-795731.4685994607	
18200	-795733.1443105732	
18300	-795734.3005878044	
18400	-795730.3184526599	
18500	-795728.0491358754	
18600	-795726.4277608879	
18700	-795725.7713074344	
18800	-795705.5017466013	
18900	-795703.6127052092	
19000	-795702.5209835868	
19100	-795691.4778982457	
19200	-795689.9465572876	
19300	-795686.1374619374	
19400	-795684.1998391168	
19500	-795683.0845541067	
19600	-795680.0835288294	
19700	-795677.0001733185	
19800	-794625.3597212053	
19900	-794624.1877405813	
20000	-794621.4886159642	
20100	-794599.0247117514	
20200	-794591.7804398952	
20300	-794589.8533590323	
20400	-794577.8424585257	
20500	-794436.4291801278	
20600	-794436.3262846126	
20700	-794436.0037114366	
20800	-794437.3509595153	
20900	-794433.758906721	
21000	-794432.3882866979	
21100	-794430.7450694754	
21200	-794408.6541096297	
21300	-794408.2738341293	
21400	-794409.2411356978	
21500	-794389.6728856086	
21600	-794386.5474461938	
21700	-794202.6551463312	
21800	-794201.7784882297	
21900	-794201.020544112	
22000	-794197.9782077129	
22100	-794195.4576630744	
22200	-794186.7426564443	
22300	-794173.6799373273	
22400	-794169.8020949074	
22500	-794170.3162461825	
22600	-794169.5472915219	
22700	-794164.3261646134	
22800	-794159.7300015372	
22900	-794159.3583426361	
23000	-794143.7158884533	
23100	-794146.4777074467	
23200	-794145.8861089551	
23300	-794146.6994866999	
23400	-794145.0711118969	
23500	-794143.5550287829	
23600	-794140.5514897335	
23700	-794137.8227449915	
23800	-794140.2311385517	
23900	-794140.0881263538	
24000	-794141.2663002731	
24100	-794134.9662513634	
24200	-794134.8633105786	
24300	-794094.8020010702	
24400	-794096.7320881078	
24500	-794096.1594135587	
24600	-794100.693721639	
24700	-794100.4146788229	
24800	-794095.0781750897	
24900	-794093.01947692	
25000	-794091.5179423034	
25100	-794094.889570691	
25200	-794094.1855857513	
25300	-794092.7468206668	
25400	-794090.3540134513	
25500	-794087.7128499901	
25600	-794087.314311443	
25700	-792892.9687423201	
25800	-792891.5191593824	
25900	-792869.2722350084	
26000	-792869.5863718344	
26100	-792468.3471877174	
26200	-792468.046181516	
26300	-792434.857443889	
26400	-792428.8940001272	
26500	-792428.9914738252	
26600	-792429.9465301968	
26700	-792421.58384316	
26800	-792422.3726261399	
26900	-792425.7072769717	
27000	-792423.9927693934	
27100	-792416.8476377712	
27200	-792355.003499688	
27300	-792354.6823469443	
27400	-792350.6074775454	
27500	-792346.4176436367	
27600	-792345.0278553766	
27700	-792339.101612865	
27800	-792337.9985662859	
27900	-792339.1077036267	
28000	-792338.6281581301	
28100	-792338.3599151577	
28200	-792328.8902051244	
28300	-792326.86896826	
28400	-792321.300233002	
28500	-792320.549119797	
28600	-792320.2879431666	
28700	-792319.4541332374	
28800	-792316.960462052	
28900	-792313.0199940824	
29000	-792279.3820021371	
29100	-792276.4635116969	
29200	-792276.4886274702	
29300	-792273.8182961086	
29400	-792269.527341071	
29500	-792257.3769444288	
29600	-792256.2633448876	
29700	-792255.7553764213	
29800	-792254.4084321978	
29900	-792254.1109278321	
30000	-792253.0116064813	
30100	-792246.2407299618	
30200	-792245.8833537195	
30300	-792234.3160510653	
30400	-792234.506494306	
30500	-792230.838307903	
30600	-792230.9714323138	
30700	-792234.851393699	
30800	-792235.2919443143	
30900	-792224.8043144706	
31000	-792222.2331177957	
31100	-792222.782672328	
31200	-792189.6134021098	
31300	-792192.7389669146	
31400	-792193.3294839761	
31500	-792189.5224693887	
31600	-792186.0181654745	
31700	-792185.4723671472	
31800	-792187.2125702162	
31900	-792136.8977575075	
32000	-792136.7237044919	
32100	-792136.5404077118	
32200	-792136.1464648439	
32300	-792109.2856249121	
32400	-792110.0166465833	
32500	-792110.0329780336	
32600	-792099.3597156123	
32700	-792099.6044854427	
32800	-792088.4970579956	
32900	-792086.7320553125	
33000	-792085.4570400754	
33100	-792082.9944311343	
33200	-792082.8331873601	
33300	-792082.236870399	
33400	-792081.5394329403	
33500	-792084.2993302667	
33600	-792084.4150477633	
33700	-792082.2208544024	
33800	-792039.0784175103	
33900	-792035.5073847246	
34000	-792029.8844240473	
34100	-792025.783475288	
34200	-792025.4697690862	
34300	-792025.2138154104	
34400	-792025.8265147198	
34500	-792026.5073114579	
34600	-792031.1116624164	
34700	-792026.5736424399	
34800	-792024.8294875491	
34900	-792026.406377048	
35000	-792025.175851306	
35100	-792021.597327546	
35200	-792022.5655871468	
35300	-791984.4900377581	
35400	-791982.5873090603	
35500	-791983.4218329573	
35600	-791911.8085199407	
35700	-791842.2081038934	
35800	-791837.9610756346	
35900	-791830.3412118853	
36000	-791762.3432152848	
36100	-791758.8042760938	
36200	-791758.8816364394	
36300	-791682.3320632109	
36400	-791681.7687154943	
36500	-791681.3463277053	
36600	-791680.8623282888	
36700	-791680.2168325686	
36800	-791678.0828034078	
36900	-791676.5719608226	
37000	-791675.6110630737	
37100	-791675.4308224533	
37200	-791675.1288029309	
37300	-791674.4505381148	
37400	-791676.7273023739	
37500	-791677.1063194188	
37600	-791677.8154484654	
37700	-791677.6565894115	
37800	-791674.8938881834	
37900	-791658.4247832423	
38000	-791658.4849342367	
38100	-791656.6841832607	
38200	-791656.1341107498	
38300	-791658.4215089396	
38400	-791653.7967687375	
38500	-791653.4037489113	
38600	-791655.3870734174	
38700	-791656.1886358773	
38800	-791656.7387990848	
38900	-791656.9235854428	
39000	-791654.599345096	
39100	-791655.511909329	
39200	-791612.5739108607	
39300	-791612.7128338182	
39400	-791612.1178978903	
39500	-791610.380303366	
39600	-791573.389593035	
39700	-791574.4908082039	
39800	-791574.2545255678	
39900	-791574.234274388	
40000	-791563.3999345071	
40100	-791562.2504747832	
40200	-791563.41159235	
40300	-791562.3931856903	
40400	-791560.5979226689	
40500	-791561.7060558203	
40600	-791560.6357151974	
40700	-791560.976126099	
40800	-791559.3520139662	
40900	-791557.9626861407	
41000	-791529.0015672526	
41100	-791323.2422844649	
41200	-791315.4928242444	
41300	-791315.5927063563	
41400	-791300.8727438521	
41500	-791300.1880688949	
41600	-791093.5890893424	
41700	-791093.7586158018	
41800	-791087.1693852836	
41900	-791086.1746155197	
42000	-791085.7846441361	
42100	-791086.0638465801	
42200	-791077.1199089502	
42300	-791073.0576248969	
42400	-791071.7529315467	
42500	-791071.4271652704	
42600	-791070.8647660034	
42700	-791063.0954267106	
42800	-791061.8374847595	
42900	-791062.2269464327	
43000	-791037.0094851636	
43100	-791036.9225025942	
43200	-791014.9477035067	
43300	-791002.8702432947	
43400	-790982.260542867	
43500	-790981.4190670791	
43600	-790970.8029714884	
43700	-790144.6615073199	
43800	-790144.1566869494	
43900	-790135.3994221337	
44000	-790133.8397574148	
44100	-789946.2059537419	
44200	-789930.3337241817	
44300	-789930.6432696141	
44400	-789714.2233254015	
44500	-789711.6506643113	
44600	-789702.170415497	
44700	-789702.0150405171	
44800	-789702.3328769438	
44900	-789690.7543049279	
45000	-789663.7677368099	
45100	-789664.6461279233	
45200	-789640.1213755824	
45300	-789526.7610595683	
45400	-789525.8988027641	
45500	-789526.8500260151	
45600	-789470.5432868763	
45700	-789440.5530589141	
45800	-789442.4846645999	
45900	-789441.8143090168	
46000	-789440.683491946	
46100	-789441.1096116009	
46200	-789441.3445147005	
46300	-789396.8106817126	
46400	-789397.2811302907	
46500	-789396.9963911545	
46600	-789398.7965032429	
46700	-789399.0496219307	
46800	-789397.520134265	
46900	-789396.0192138492	
47000	-789398.0568524791	
47100	-789397.9018848706	
47200	-789377.1085076714	
47300	-789374.459866259	
47400	-789377.0129972837	
47500	-789375.8292982935	
47600	-789374.6163707543	
47700	-789374.7410073901	
47800	-789359.1316697273	
47900	-789358.1720592565	
48000	-789359.0880752064	
48100	-789359.6256298681	
48200	-789358.8016769106	
48300	-789356.5324629422	
48400	-789329.383268164	
48500	-789330.358806873	
48600	-789330.0056257751	
48700	-789329.4578048717	
48800	-789310.8041253937	
48900	-789310.228456663	
49000	-789304.5657355926	
49100	-789303.3654777652	
49200	-789297.5195575493	
49300	-789297.0531577074	
49400	-789298.963304198	
49500	-789289.0167747978	
49600	-789285.7998140357	
49700	-789234.4517619736	
49800	-789235.4416786672	
49900	-789233.3431407094	
50000	-789232.9090831265	
50100	-789236.7853635545	
50200	-789239.5647422177	
50300	-789238.2362241808	
50400	-789238.3454937747	
50500	-789239.9092531763	
50600	-789238.9212604541	
50700	-789239.9107143108	
50800	-789240.2306498671	
50900	-789237.6970573629	
51000	-789234.7955020958	
51100	-789219.2173507507	
51200	-789218.0670482236	
51300	-789219.4129331437	
51400	-789220.1121890999	
51500	-789214.8401075321	
51600	-789211.9230291417	
51700	-789209.7916588194	
51800	-789184.7130707441	
51900	-789185.4831148706	
52000	-789183.2984956327	
52100	-788769.2071190953	
52200	-788752.8000189131	
52300	-788752.1837988128	
52400	-788754.3116863214	
52500	-788753.8104745828	
52600	-788741.8233583703	
52700	-788742.3780144447	
52800	-788741.4933276642	
52900	-788733.0548712753	
53000	-788734.1655072081	
53100	-788734.1505045717	
53200	-788734.8617813442	
53300	-788728.1403702452	
53400	-788726.7656217979	
53500	-788724.6821506561	
53600	-788724.5544854827	
53700	-788725.8921492902	
53800	-788727.8786947079	
53900	-788732.9465940105	
54000	-788733.9575845553	
54100	-788730.0623335688	
54200	-788729.0949322396	
54300	-788728.3739306192	
54400	-788728.963222156	
54500	-788729.2881699585	
54600	-788729.0237779019	
54700	-788729.0237779019	
54800	-788719.1529396984	
54900	-788717.8853276918	
55000	-788710.9043498976	
55100	-788710.8194776647	
55200	-788713.967289664	
55300	-788715.8324982504	
55400	-788714.1312477972	
55500	-788714.8067062721	
55600	-788712.1313323111	
55700	-788709.5598800775	
55800	-788710.2801942512	
55900	-788709.7223798772	
56000	-788709.4067212844	
56100	-788710.9770372988	
56200	-788664.3997030704	
56300	-788664.3425804741	
56400	-788663.5523485442	
56500	-788662.2783760033	
56600	-788656.1304421753	
56700	-788653.1609006784	
56800	-788652.3722836177	
56900	-788644.5978141775	
57000	-788643.9229802435	
57100	-788644.6577593689	
57200	-788638.404480218	
57300	-788637.1489140542	
57400	-788638.5447955413	
57500	-788639.9466892346	
57600	-788639.1436419843	
57700	-788629.3826207342	
57800	-788040.6981522061	
57900	-787783.9188110621	
58000	-787783.6910368277	
58100	-787781.6706141706	
58200	-786453.3490831298	
58300	-786447.0211823821	
58400	-786446.3739663578	
58500	-786444.7301639684	
58600	-786437.6830330984	
58700	-786438.6236130672	
58800	-786427.634178713	
58900	-786404.0148003728	
59000	-786399.6792602269	
59100	-786391.2347548795	
59200	-786387.344611555	
59300	-786386.4467440713	
59400	-786375.8612845736	
59500	-786373.3954079279	
59600	-786370.5319439826	
59700	-786370.3276823562	
59800	-786368.030053579	
59900	-786367.3909168044	
60000	-786183.0284940199	
60100	-786182.2552456966	
60200	-786181.6163250871	
60300	-786175.7443419227	
60400	-786174.9957893202	
60500	-786149.0250855384	
60600	-786148.8269358551	
60700	-786151.4732184525	
60800	-786147.9465424987	
60900	-786130.0796120575	
61000	-786127.661612179	
61100	-786122.3117086346	
61200	-786117.3030416295	
61300	-786115.8531756758	
61400	-786115.3035102386	
61500	-786112.7259863403	
61600	-786089.4273344646	
61700	-786084.3405704803	
61800	-786083.810516431	
61900	-786081.5036744004	
62000	-786078.973702832	
62100	-786079.9162825219	
62200	-786066.1980898019	
62300	-786030.0087390095	
62400	-786031.313426701	
62500	-786029.7784353055	
62600	-786017.3500202617	
62700	-786016.8968962478	
62800	-786005.2952812337	
62900	-786006.450164154	
63000	-786003.7802842011	
63100	-785999.5624124402	
63200	-785994.4667339289	
63300	-785993.8128518761	
63400	-785994.6585792827	
63500	-785994.2843808135	
63600	-785991.4975209776	
63700	-785991.0772786933	
63800	-785948.3386851423	
63900	-785944.3135342663	
64000	-785943.8753182545	
64100	-785891.7217724959	
64200	-785892.3199584914	
64300	-785892.6804731074	
64400	-785892.2963839784	
64500	-785893.2169674467	
64600	-785891.8208617945	
64700	-785889.12739013	
64800	-785889.8577234438	
64900	-785889.5130177605	
65000	-785862.2501466146	
65100	-785863.7457108664	
65200	-785793.3133362926	
65300	-785795.4503601878	
65400	-785794.9488985317	
65500	-785796.3419900002	
65600	-785796.3419900002	
65700	-785794.6026539231	
65800	-785795.7501429474	
65900	-785794.0654062945	
66000	-785793.7368516867	
66100	-785792.5985750253	
66200	-785753.6802684884	
66300	-785750.6385724653	
66400	-785751.0164382621	
66500	-785750.0134876521	
66600	-785751.6444112392	
66700	-785754.4909991588	
66800	-785754.9097924096	
66900	-785753.2615483151	
67000	-785750.7220529699	
67100	-785750.3102012192	
67200	-785750.4703440738	
67300	-785750.6983329689	
67400	-785750.8489980104	
67500	-785752.8273851548	
67600	-785752.6132771953	
67700	-785754.6812970348	
67800	-785751.9241422623	
67900	-785751.3111023421	
68000	-785750.7737599516	
68100	-785747.6952318834	
68200	-785747.2937176451	
68300	-785746.7574943025	
68400	-785738.5268391136	
68500	-785737.3938828758	
68600	-785736.3726173509	
68700	-785737.2194652603	
68800	-785736.9344741722	
68900	-785732.6356498465	
69000	-785732.6818669304	
69100	-785731.0504637337	
69200	-785732.765987415	
69300	-785733.3243081499	
69400	-785722.9840193423	
69500	-785721.8832666092	
69600	-785722.3978696035	
69700	-785721.5234271177	
69800	-785720.6167295449	
69900	-785720.7045957621	
70000	-785718.2206030186	
70100	-785718.2206030186	
70200	-785720.4713451924	
70300	-785715.565306749	
70400	-785717.3469308405	
70500	-785715.9904706605	
70600	-785711.0677526105	
70700	-785713.4325335815	
70800	-785712.6186411586	
70900	-785712.6787848218	
71000	-785712.7504574659	
71100	-785713.7521258808	
71200	-785712.670929256	
71300	-785710.9673528712	
71400	-785713.6276798961	
71500	-785713.3667006205	
71600	-785711.571178242	
71700	-785710.7562747456	
71800	-785706.3796510497	
71900	-785706.4343247153	
72000	-785705.153061088	
72100	-785705.5492614458	
72200	-785707.1516554303	
72300	-785705.9413970691	
72400	-785698.4904985528	
72500	-785697.4587317308	
72600	-785697.482099911	
72700	-785697.2264871802	
72800	-785698.5594792608	
72900	-785697.9257129407	
73000	-785698.3857326426	
73100	-785693.0815604398	
73200	-785694.3851104176	
73300	-785693.7092130993	
73400	-785694.0104272406	
73500	-785695.320656073	
73600	-785691.9378276732	
73700	-785692.4670227289	
73800	-785692.1563569421	
73900	-785687.7919488173	
74000	-785689.3175505061	
74100	-785684.7147163863	
74200	-785685.2125022615	
74300	-785680.9834114552	
74400	-785679.0702258646	
74500	-785679.8287660128	
74600	-785681.3078182772	
74700	-785682.7398374046	
74800	-785683.268090986	
74900	-785682.6650585947	
75000	-785685.338562008	
75100	-785685.5892697427	
75200	-785679.334778055	
75300	-785679.7475944827	
75400	-785681.5255115002	
75500	-785667.4623525707	
75600	-785667.3228146358	
75700	-785658.1481003948	
75800	-785658.1450617108	
75900	-785658.7401302431	
76000	-785655.0622132192	
76100	-785653.5904570495	
76200	-785650.4740050873	
76300	-785652.6357403244	
76400	-785652.5449724045	
76500	-785649.735897566	
76600	-785651.7245537045	
76700	-785651.9722846024	
76800	-785651.8014353643	
76900	-785645.2009672092	
77000	-785644.8250023912	
77100	-785645.0356216959	
77200	-785644.0887805998	
77300	-785644.2672188097	
77400	-785645.526272411	
77500	-785644.9307237768	
77600	-785643.7781870438	
77700	-785642.201361229	
77800	-785643.9840021096	
77900	-785642.0598985944	
78000	-785618.0368124424	
78100	-785617.480400625	
78200	-785617.8584976969	
78300	-785619.6273063278	
78400	-785617.7621531889	
78500	-785619.5215619857	
78600	-785611.727429305	
78700	-785610.9328356488	
78800	-785599.8360271591	
78900	-785596.947557054	
79000	-785597.9797562056	
79100	-785596.6479484658	
79200	-785597.5132479388	
79300	-785597.0187566604	
79400	-785597.5258084735	
79500	-785596.2160203973	
79600	-785595.4272477368	
79700	-785595.22803382	
79800	-785593.3129649336	
79900	-785583.8972560036	
80000	-785584.8763165139	
80100	-785582.04535413	
80200	-785582.3800191524	
80300	-785582.4776795394	
80400	-785560.8428815927	
80500	-785560.3187710937	
80600	-785549.3088219614	
80700	-785550.8083733028	
80800	-785552.0663486911	
80900	-785550.4591479006	
81000	-785551.3817576916	
81100	-785551.2661043352	
81200	-785538.1519669981	
81300	-785537.1543706235	
81400	-785533.0524565667	
81500	-785532.9544863538	
81600	-785533.7105624249	
81700	-785529.2924718583	
81800	-785525.7924801335	
81900	-785524.3315038695	
82000	-785524.133474715	
82100	-785524.7781248167	
82200	-785529.510373531	
82300	-785528.8171953002	
82400	-785523.8908201774	
82500	-785523.182354148	
82600	-785524.1947582983	
82700	-785523.5724727202	
82800	-785523.7150326354	
82900	-785523.1576891764	
83000	-785523.3786266482	
83100	-785523.0662041045	
83200	-785522.1866492467	
83300	-785521.3429380298	
83400	-785522.4366036495	
83500	-785520.6902477051	
83600	-785519.2671807085	
83700	-785519.2566267406	
83800	-785516.9712142206	
83900	-785517.7131175802	
84000	-785518.1312216491	
84100	-785517.900652326	
84200	-785517.5269073775	
84300	-785518.2863815887	
84400	-785520.1656196994	
84500	-785518.8295628022	
84600	-785520.4902151064	
84700	-785521.3293123163	
84800	-785513.0466222592	
84900	-785509.5459058916	
85000	-785505.8872641663	
85100	-785505.669083998	
85200	-785500.4920193029	
85300	-785501.0792204173	
85400	-785502.4311121601	
85500	-785505.0664415775	
85600	-785460.3642454984	
85700	-785461.0945350659	
85800	-785461.2262453664	
85900	-785459.912616821	
86000	-785462.1731785167	
86100	-785421.8595931611	
86200	-785421.5361789733	
86300	-785406.4162899371	
86400	-785405.4726118417	
86500	-785403.8468753824	
86600	-785404.8092710419	
86700	-785403.089439261	
86800	-785406.7601186774	
86900	-785399.8436708113	
87000	-785399.0904222252	
87100	-785399.9472622761	
87200	-785220.0461860988	
87300	-785220.1316741443	
87400	-785220.3634143698	
87500	-785219.2569381944	
87600	-785220.0318532186	
87700	-785219.8986369018	
87800	-785221.3390033051	
87900	-785218.4261188038	
88000	-785218.7816214676	
88100	-785220.3404468913	
88200	-785221.401273063	
88300	-785221.8943758808	
88400	-785221.9891873396	
88500	-785220.4161442352	
88600	-785219.5904353034	
88700	-785219.5307375256	
88800	-785216.8765827471	
88900	-785216.3218148607	
89000	-785217.3709928474	
89100	-785205.6593949219	
89200	-785192.8241209724	
89300	-785190.1960404551	
89400	-785187.1226498679	
89500	-785187.3247437518	
89600	-785187.2636367455	
89700	-785186.3536992096	
89800	-785185.944059174	
89900	-785188.9141527109	
90000	-785190.1285886482	
90100	-785189.5641678387	
90200	-785183.8587647881	
90300	-785181.0480476981	
90400	-785176.0399784934	
90500	-785175.818504951	
90600	-785174.2309031251	
90700	-785174.6949376931	
90800	-785175.0456733631	
90900	-785180.6106457559	
91000	-785180.3292449473	
91100	-785156.6497856351	
91200	-785155.6158608807	
91300	-785156.0624384127	
91400	-785156.4811588327	
91500	-785158.8004485847	
91600	-785161.8560649066	
91700	-785161.933928255	
91800	-785156.187379178	
91900	-785156.3878887324	
92000	-785156.0612916229	
92100	-785153.9627234502	
92200	-785144.142757293	
92300	-785143.2572727147	
92400	-785136.4919337197	
92500	-785136.6004554743	
92600	-785135.6624745001	
92700	-785130.1447429502	
92800	-785126.0071592985	
92900	-785128.0979945362	
93000	-785128.029071703	
93100	-785128.2591880107	
93200	-785128.7216999435	
93300	-785128.1923560619	
93400	-785116.7884988629	
93500	-785118.9358956835	
93600	-785109.9978832654	
93700	-785110.6285886901	
93800	-785107.6910373663	
93900	-785103.9934225874	
94000	-785101.5376945044	
94100	-785103.0518557373	
94200	-785103.7642745837	
94300	-785103.0041422659	
94400	-785102.4209614175	
94500	-785103.1665454782	
94600	-785103.1003323218	
94700	-785102.4230466393	
94800	-785101.5644550276	
94900	-785099.6806724013	
95000	-785078.9265560927	
95100	-785078.1256679929	
95200	-785077.0228394448	
95300	-785076.7212617629	
95400	-785076.7615740852	
95500	-785076.2895018028	
95600	-785076.4065936898	
95700	-785076.3245998631	
95800	-785075.651940781	
95900	-785072.562041716	
96000	-785070.2721258063	
96100	-785070.9453992466	
96200	-785070.3784995241	
96300	-785070.3784995241	
96400	-785056.0388283919	
96500	-785057.3674618207	
96600	-785057.6727173313	
96700	-785057.6727173313	
96800	-785059.2655308608	
96900	-785058.7145475368	
97000	-785058.9434059336	
97100	-785058.2319233424	
97200	-785058.8121846939	
97300	-785058.440126497	
97400	-785059.7873920171	
97500	-785062.1279558621	
97600	-785062.0054147138	
97700	-785062.5536599495	
97800	-785056.1002547772	
97900	-785057.1875861742	
98000	-785050.2016866958	
98100	-785048.985057808	
98200	-785044.6514986828	
98300	-785044.5835398879	
98400	-785043.2120704947	
98500	-785043.7174483159	
98600	-785042.7929634687	
98700	-785040.2379021687	
98800	-785042.1746537206	
98900	-785044.0986060635	
99000	-785043.878712952	
99100	-785044.3739605326	
99200	-785043.7241708543	
99300	-785039.399329714	
99400	-785031.635568656	
99500	-785030.6038759067	
99600	-785032.3484137201	
99700	-785029.5655080336	
99800	-785028.5693076766	
99900	-785027.8587453301	
100000	-785028.1253623724	
